<?xml version="1.0" encoding="UTF-8"?>
<testsuites name="RUN" time="58.985" tests="2" failures="0" errors="0">
   <testsuite name="RUN" tests="2" failures="0" errors="0" time="58.985" skipped="0" timestamp="2023-01-17 09:53:45" hostname="User - Thinkpad-T470-Saepuloh" id="Test Suites/RUN">
      <properties>
         <property name="deviceName" value=""/>
         <property name="devicePlatform" value=""/>
         <property name="logFolder" value="D:\\_Bayu Buana\\BB_Automation\\bb-internal_katalon\\Reports\\20230117_095326\\RUN\\20230117_095326"/>
         <property name="logFiles" value="D:\\_Bayu Buana\\BB_Automation\\bb-internal_katalon\\Reports\\20230117_095326\\RUN\\20230117_095326\\execution0.log"/>
         <property name="attachments" value="D:\\_Bayu Buana\\BB_Automation\\bb-internal_katalon\\Reports\\20230117_095326\\RUN\\20230117_095326\\1673924055036.png, D:\\_Bayu Buana\\BB_Automation\\bb-internal_katalon\\Reports\\20230117_095326\\RUN\\20230117_095326\\1673924084552.png"/>
         <property name="hostName" value="User - Thinkpad-T470-Saepuloh"/>
         <property name="os" value="Windows 10 64bit"/>
         <property name="katalonVersion" value="8.4.0.208"/>
         <property name="browser" value="Chrome 109.0.0.0"/>
         <property name="hostAddress" value="192.168.56.1"/>
         <property name="sessionId" value="b38d27bedb72b3b214388e755fad580a"/>
         <property name="seleniumVersion" value="3.141.59"/>
         <property name="proxyInformation" value="ProxyInformation { proxyOption=NO_PROXY, proxyServerType=HTTP, username=, password=********, proxyServerAddress=, proxyServerPort=0, executionList=&quot;&quot;, isApplyToDesiredCapabilities=true }"/>
         <property name="platform" value="Windows 10"/>
      </properties>
      <testcase name="Test Cases/COBA/Age Qualifying Types - Delete" time="28.706" classname="Test Cases/COBA/Age Qualifying Types - Delete" status="PASSED">
         <system-out><![CDATA[2023-01-17 09:53:46 - [TEST_CASE][PASSED] - Test Cases/COBA/Age Qualifying Types - Delete: Test Cases/COBA/Age Qualifying Types - Delete

2023-01-17 09:53:47 - [TEST_STEP][PASSED] - callTestCase(findTestCase("COBA/Login"), [:], STOP_ON_FAILURE): Call Test Case 'Test Cases/COBA/Login' successfully

2023-01-17 09:53:47 - [TEST_CASE][PASSED] - Test Cases/COBA/Login: Test Cases/COBA/Login

2023-01-17 09:53:48 - [TEST_STEP][PASSED] - openBrowser(""): Browser is opened with url: ''

2023-01-17 09:53:49 - [MESSAGE][INFO] - Starting 'Chrome' driver

2023-01-17 09:53:49 - [MESSAGE][INFO] - Action delay is set to 0 milliseconds

2023-01-17 09:53:53 - [MESSAGE][PASSED] - Browser is opened with url: ''

2023-01-17 09:53:53 - [TEST_STEP][PASSED] - navigateToUrl("https://bbstg.monstercode.net/auth/login"): Navigate to 'https://bbstg.monstercode.net/auth/login' successfully

2023-01-17 09:53:59 - [MESSAGE][PASSED] - Navigate to 'https://bbstg.monstercode.net/auth/login' successfully

2023-01-17 09:53:59 - [TEST_STEP][PASSED] - setText(findTestObject("Object Repository/Page_Bayu Buana/input_Email_username"), "admin@mail.com"): Text 'admin@mail.com' is set on object 'Object Repository/Page_Bayu Buana/input_Email_username'

2023-01-17 09:54:00 - [MESSAGE][PASSED] - Text 'admin@mail.com' is set on object 'Object Repository/Page_Bayu Buana/input_Email_username'

2023-01-17 09:54:00 - [TEST_STEP][PASSED] - setEncryptedText(findTestObject("Object Repository/Page_Bayu Buana/input_Password_password"), "8SQVv/p9jVScEs4/2CZsLw=="): Text ****** has been set on object 'Object Repository/Page_Bayu Buana/input_Password_password'

2023-01-17 09:54:01 - [MESSAGE][PASSED] - Text ****** has been set on object 'Object Repository/Page_Bayu Buana/input_Password_password'

2023-01-17 09:54:01 - [TEST_STEP][PASSED] - sendKeys(findTestObject("Object Repository/Page_Bayu Buana/input_Password_password"), Keys.chord(ENTER)): Keys 'ENTER + ' sent to object: 'Object Repository/Page_Bayu Buana/input_Password_password'

2023-01-17 09:54:01 - [MESSAGE][PASSED] - Keys 'ENTER + ' sent to object: 'Object Repository/Page_Bayu Buana/input_Password_password'

2023-01-17 09:54:01 - [MESSAGE][PASSED] - Call Test Case 'Test Cases/COBA/Login' successfully

2023-01-17 09:54:01 - [TEST_STEP][PASSED] - click(findTestObject("Page_Bayu Buana - Master Data Management/p_Master Data Management")): Object: 'Object Repository/Page_Bayu Buana - Master Data Management/p_Master Data Management' is clicked on

2023-01-17 09:54:04 - [MESSAGE][PASSED] - Object: 'Object Repository/Page_Bayu Buana - Master Data Management/p_Master Data Management' is clicked on

2023-01-17 09:54:04 - [TEST_STEP][PASSED] - click(findTestObject("Page_Bayu Buana - Master Data Management/p_Age Qualifying Type")): Object: 'Object Repository/Page_Bayu Buana - Master Data Management/p_Age Qualifying Type' is clicked on

2023-01-17 09:54:05 - [MESSAGE][PASSED] - Object: 'Object Repository/Page_Bayu Buana - Master Data Management/p_Age Qualifying Type' is clicked on

2023-01-17 09:54:05 - [TEST_STEP][PASSED] - setText(findTestObject("Object Repository/Age QT/Delete/Page_Bayu Buana - Age Qualifying Types/input_Age Qualifying Types_form-control"), "Age Qualifying Type Name (Automation)"): Text 'Age Qualifying Type Name (Automation)' is set on object 'Object Repository/Age QT/Delete/Page_Bayu Buana - Age Qualifying Types/input_Age Qualifying Types_form-control'

2023-01-17 09:54:07 - [MESSAGE][PASSED] - Text 'Age Qualifying Type Name (Automation)' is set on object 'Object Repository/Age QT/Delete/Page_Bayu Buana - Age Qualifying Types/input_Age Qualifying Types_form-control'

2023-01-17 09:54:07 - [TEST_STEP][PASSED] - verifyElementPresent(findTestObject("Object Repository/Age QT/Delete/Page_Bayu Buana - Age Qualifying Types/path_Actions_svg_2"), 0): Object 'Object Repository/Age QT/Delete/Page_Bayu Buana - Age Qualifying Types/path_Actions_svg_2' is present

2023-01-17 09:54:07 - [MESSAGE][WARNING] - Timeout '0' is invalid. Using default page load timeout: '30'

2023-01-17 09:54:07 - [MESSAGE][PASSED] - Object 'Object Repository/Age QT/Delete/Page_Bayu Buana - Age Qualifying Types/path_Actions_svg_2' is present

2023-01-17 09:54:07 - [TEST_STEP][PASSED] - verifyElementPresent(findTestObject("Object Repository/Age QT/Delete/Page_Bayu Buana - Age Qualifying Types/input_Actions_float-left select-checkbox-it_8952ca"), 0): Object 'Object Repository/Age QT/Delete/Page_Bayu Buana - Age Qualifying Types/input_Actions_float-left select-checkbox-it_8952ca' is present

2023-01-17 09:54:07 - [MESSAGE][WARNING] - Timeout '0' is invalid. Using default page load timeout: '30'

2023-01-17 09:54:08 - [MESSAGE][PASSED] - Object 'Object Repository/Age QT/Delete/Page_Bayu Buana - Age Qualifying Types/input_Actions_float-left select-checkbox-it_8952ca' is present

2023-01-17 09:54:08 - [TEST_STEP][PASSED] - verifyElementPresent(findTestObject("Object Repository/Age QT/Delete/Page_Bayu Buana - Age Qualifying Types/td_321"), 0): Object 'Object Repository/Age QT/Delete/Page_Bayu Buana - Age Qualifying Types/td_321' is present

2023-01-17 09:54:08 - [MESSAGE][WARNING] - Timeout '0' is invalid. Using default page load timeout: '30'

2023-01-17 09:54:08 - [MESSAGE][PASSED] - Object 'Object Repository/Age QT/Delete/Page_Bayu Buana - Age Qualifying Types/td_321' is present

2023-01-17 09:54:08 - [TEST_STEP][PASSED] - verifyElementPresent(findTestObject("Object Repository/Age QT/Delete/Page_Bayu Buana - Age Qualifying Types/td_Age Qualifying Type Name (Automation)"), 0): Object 'Object Repository/Age QT/Delete/Page_Bayu Buana - Age Qualifying Types/td_Age Qualifying Type Name (Automation)' is present

2023-01-17 09:54:08 - [MESSAGE][WARNING] - Timeout '0' is invalid. Using default page load timeout: '30'

2023-01-17 09:54:09 - [MESSAGE][PASSED] - Object 'Object Repository/Age QT/Delete/Page_Bayu Buana - Age Qualifying Types/td_Age Qualifying Type Name (Automation)' is present

2023-01-17 09:54:09 - [TEST_STEP][PASSED] - verifyElementPresent(findTestObject("Object Repository/Age QT/Delete/Page_Bayu Buana - Age Qualifying Types/td_Active"), 0): Object 'Object Repository/Age QT/Delete/Page_Bayu Buana - Age Qualifying Types/td_Active' is present

2023-01-17 09:54:09 - [MESSAGE][WARNING] - Timeout '0' is invalid. Using default page load timeout: '30'

2023-01-17 09:54:09 - [MESSAGE][PASSED] - Object 'Object Repository/Age QT/Delete/Page_Bayu Buana - Age Qualifying Types/td_Active' is present

2023-01-17 09:54:09 - [TEST_STEP][PASSED] - verifyElementClickable(findTestObject("Object Repository/Age QT/Delete/Page_Bayu Buana - Age Qualifying Types/img")): Object 'Object Repository/Age QT/Delete/Page_Bayu Buana - Age Qualifying Types/img' is clickable

2023-01-17 09:54:10 - [MESSAGE][PASSED] - Object 'Object Repository/Age QT/Delete/Page_Bayu Buana - Age Qualifying Types/img' is clickable

2023-01-17 09:54:10 - [TEST_STEP][PASSED] - verifyElementClickable(findTestObject("Object Repository/Age QT/Delete/Page_Bayu Buana - Age Qualifying Types/img_1")): Object 'Object Repository/Age QT/Delete/Page_Bayu Buana - Age Qualifying Types/img_1' is clickable

2023-01-17 09:54:10 - [MESSAGE][PASSED] - Object 'Object Repository/Age QT/Delete/Page_Bayu Buana - Age Qualifying Types/img_1' is clickable

2023-01-17 09:54:10 - [TEST_STEP][PASSED] - click(findTestObject("Object Repository/Age QT/Delete/Page_Bayu Buana - Age Qualifying Types/img_1_2")): Object: 'Object Repository/Age QT/Delete/Page_Bayu Buana - Age Qualifying Types/img_1_2' is clicked on

2023-01-17 09:54:11 - [MESSAGE][PASSED] - Object: 'Object Repository/Age QT/Delete/Page_Bayu Buana - Age Qualifying Types/img_1_2' is clicked on

2023-01-17 09:54:11 - [TEST_STEP][PASSED] - verifyElementText(findTestObject("Object Repository/Age QT/Delete/Page_Bayu Buana - Age Qualifying Types/div_Delete Age Qualifying Type"), "Delete Age Qualifying Type"): Actual text and expected text of test object 'Object Repository/Age QT/Delete/Page_Bayu Buana - Age Qualifying Types/div_Delete Age Qualifying Type' are matched.

2023-01-17 09:54:11 - [MESSAGE][PASSED] - Actual text and expected text of test object 'Object Repository/Age QT/Delete/Page_Bayu Buana - Age Qualifying Types/div_Delete Age Qualifying Type' are matched.

2023-01-17 09:54:11 - [TEST_STEP][PASSED] - verifyElementPresent(findTestObject("Object Repository/Age QT/Delete/Page_Bayu Buana - Age Qualifying Types/div_Are you sure you want to delete thisAge_c332eb"), 0): Object 'Object Repository/Age QT/Delete/Page_Bayu Buana - Age Qualifying Types/div_Are you sure you want to delete thisAge_c332eb' is present

2023-01-17 09:54:11 - [MESSAGE][WARNING] - Timeout '0' is invalid. Using default page load timeout: '30'

2023-01-17 09:54:12 - [MESSAGE][PASSED] - Object 'Object Repository/Age QT/Delete/Page_Bayu Buana - Age Qualifying Types/div_Are you sure you want to delete thisAge_c332eb' is present

2023-01-17 09:54:12 - [TEST_STEP][PASSED] - verifyElementClickable(findTestObject("Object Repository/Age QT/Delete/Page_Bayu Buana - Age Qualifying Types/button_Delete")): Object 'Object Repository/Age QT/Delete/Page_Bayu Buana - Age Qualifying Types/button_Delete' is clickable

2023-01-17 09:54:12 - [MESSAGE][PASSED] - Object 'Object Repository/Age QT/Delete/Page_Bayu Buana - Age Qualifying Types/button_Delete' is clickable

2023-01-17 09:54:12 - [TEST_STEP][PASSED] - verifyElementClickable(findTestObject("Object Repository/Age QT/Delete/Page_Bayu Buana - Age Qualifying Types/button_Cancel")): Object 'Object Repository/Age QT/Delete/Page_Bayu Buana - Age Qualifying Types/button_Cancel' is clickable

2023-01-17 09:54:13 - [MESSAGE][PASSED] - Object 'Object Repository/Age QT/Delete/Page_Bayu Buana - Age Qualifying Types/button_Cancel' is clickable

2023-01-17 09:54:13 - [TEST_STEP][PASSED] - click(findTestObject("Object Repository/Age QT/Delete/Page_Bayu Buana - Age Qualifying Types/button_Delete")): Object: 'Object Repository/Age QT/Delete/Page_Bayu Buana - Age Qualifying Types/button_Delete' is clicked on

2023-01-17 09:54:13 - [MESSAGE][PASSED] - Object: 'Object Repository/Age QT/Delete/Page_Bayu Buana - Age Qualifying Types/button_Delete' is clicked on

2023-01-17 09:54:13 - [TEST_STEP][PASSED] - verifyElementPresent(findTestObject("Object Repository/Age QT/Delete/Page_Bayu Buana - Age Qualifying Types/div_Record Age Qualifying Type Code 321 Age_41ef1f"), 0): Object 'Object Repository/Age QT/Delete/Page_Bayu Buana - Age Qualifying Types/div_Record Age Qualifying Type Code 321 Age_41ef1f' is present

2023-01-17 09:54:13 - [MESSAGE][WARNING] - Timeout '0' is invalid. Using default page load timeout: '30'

2023-01-17 09:54:14 - [MESSAGE][PASSED] - Object 'Object Repository/Age QT/Delete/Page_Bayu Buana - Age Qualifying Types/div_Record Age Qualifying Type Code 321 Age_41ef1f' is present

2023-01-17 09:54:14 - [TEST_STEP][PASSED] - verifyElementText(findTestObject("Object Repository/Age QT/Delete/Page_Bayu Buana - Age Qualifying Types/td_No age qualifying types found"), "No age qualifying types found"): Actual text and expected text of test object 'Object Repository/Age QT/Delete/Page_Bayu Buana - Age Qualifying Types/td_No age qualifying types found' are matched.

2023-01-17 09:54:14 - [MESSAGE][PASSED] - Actual text and expected text of test object 'Object Repository/Age QT/Delete/Page_Bayu Buana - Age Qualifying Types/td_No age qualifying types found' are matched.

2023-01-17 09:54:14 - [TEST_STEP][PASSED] - takeScreenshot(): Taking screenshot successfully

2023-01-17 09:54:15 - [MESSAGE][PASSED] - Taking screenshot successfully
[[ATTACHMENT|D:\\_Bayu Buana\\BB_Automation\\bb-internal_katalon\\Reports\\20230117_095326\\RUN\\20230117_095326\\1673924055036.png]]]]></system-out>
         <system-err><![CDATA[]]></system-err>
      </testcase>
      <testcase name="Test Cases/COBA/Age Qualifying Types - Create" time="29.513" classname="Test Cases/COBA/Age Qualifying Types - Create" status="PASSED">
         <system-out><![CDATA[2023-01-17 09:54:15 - [TEST_CASE][PASSED] - Test Cases/COBA/Age Qualifying Types - Create: Test Cases/COBA/Age Qualifying Types - Create

2023-01-17 09:54:15 - [TEST_STEP][PASSED] - callTestCase(findTestCase("COBA/Login"), [:], STOP_ON_FAILURE): Call Test Case 'Test Cases/COBA/Login' successfully

2023-01-17 09:54:15 - [TEST_CASE][PASSED] - Test Cases/COBA/Login: Test Cases/COBA/Login

2023-01-17 09:54:15 - [TEST_STEP][PASSED] - openBrowser(""): Browser is opened with url: ''

2023-01-17 09:54:15 - [MESSAGE][WARNING] - A browser is already opened. Closing browser and opening a new one

2023-01-17 09:54:16 - [MESSAGE][INFO] - Starting 'Chrome' driver

2023-01-17 09:54:16 - [MESSAGE][INFO] - Action delay is set to 0 milliseconds

2023-01-17 09:54:17 - [MESSAGE][PASSED] - Browser is opened with url: ''

2023-01-17 09:54:17 - [TEST_STEP][PASSED] - navigateToUrl("https://bbstg.monstercode.net/auth/login"): Navigate to 'https://bbstg.monstercode.net/auth/login' successfully

2023-01-17 09:54:26 - [MESSAGE][PASSED] - Navigate to 'https://bbstg.monstercode.net/auth/login' successfully

2023-01-17 09:54:26 - [TEST_STEP][PASSED] - setText(findTestObject("Object Repository/Page_Bayu Buana/input_Email_username"), "admin@mail.com"): Text 'admin@mail.com' is set on object 'Object Repository/Page_Bayu Buana/input_Email_username'

2023-01-17 09:54:27 - [MESSAGE][PASSED] - Text 'admin@mail.com' is set on object 'Object Repository/Page_Bayu Buana/input_Email_username'

2023-01-17 09:54:27 - [TEST_STEP][PASSED] - setEncryptedText(findTestObject("Object Repository/Page_Bayu Buana/input_Password_password"), "8SQVv/p9jVScEs4/2CZsLw=="): Text ****** has been set on object 'Object Repository/Page_Bayu Buana/input_Password_password'

2023-01-17 09:54:28 - [MESSAGE][PASSED] - Text ****** has been set on object 'Object Repository/Page_Bayu Buana/input_Password_password'

2023-01-17 09:54:28 - [TEST_STEP][PASSED] - sendKeys(findTestObject("Object Repository/Page_Bayu Buana/input_Password_password"), Keys.chord(ENTER)): Keys 'ENTER + ' sent to object: 'Object Repository/Page_Bayu Buana/input_Password_password'

2023-01-17 09:54:29 - [MESSAGE][PASSED] - Keys 'ENTER + ' sent to object: 'Object Repository/Page_Bayu Buana/input_Password_password'

2023-01-17 09:54:29 - [MESSAGE][PASSED] - Call Test Case 'Test Cases/COBA/Login' successfully

2023-01-17 09:54:29 - [TEST_STEP][PASSED] - click(findTestObject("Page_Bayu Buana - Master Data Management/p_Master Data Management")): Object: 'Object Repository/Page_Bayu Buana - Master Data Management/p_Master Data Management' is clicked on

2023-01-17 09:54:31 - [MESSAGE][PASSED] - Object: 'Object Repository/Page_Bayu Buana - Master Data Management/p_Master Data Management' is clicked on

2023-01-17 09:54:31 - [TEST_STEP][PASSED] - click(findTestObject("Page_Bayu Buana - Master Data Management/p_Age Qualifying Type")): Object: 'Object Repository/Page_Bayu Buana - Master Data Management/p_Age Qualifying Type' is clicked on

2023-01-17 09:54:32 - [MESSAGE][PASSED] - Object: 'Object Repository/Page_Bayu Buana - Master Data Management/p_Age Qualifying Type' is clicked on

2023-01-17 09:54:32 - [TEST_STEP][PASSED] - click(findTestObject("Object Repository/Age QT/Create/Page_Bayu Buana - Age Qualifying Types/button_Create New")): Object: 'Object Repository/Age QT/Create/Page_Bayu Buana - Age Qualifying Types/button_Create New' is clicked on

2023-01-17 09:54:33 - [MESSAGE][PASSED] - Object: 'Object Repository/Age QT/Create/Page_Bayu Buana - Age Qualifying Types/button_Create New' is clicked on

2023-01-17 09:54:33 - [TEST_STEP][PASSED] - click(findTestObject("Object Repository/Age QT/Create/Page_Bayu Buana - Create Age Qualifying Type/input_Age Qualifying Type Name_age_qualifyi_ba4776")): Object: 'Object Repository/Age QT/Create/Page_Bayu Buana - Create Age Qualifying Type/input_Age Qualifying Type Name_age_qualifyi_ba4776' is clicked on

2023-01-17 09:54:34 - [MESSAGE][PASSED] - Object: 'Object Repository/Age QT/Create/Page_Bayu Buana - Create Age Qualifying Type/input_Age Qualifying Type Name_age_qualifyi_ba4776' is clicked on

2023-01-17 09:54:34 - [TEST_STEP][PASSED] - click(findTestObject("Object Repository/Age QT/Create/Page_Bayu Buana - Create Age Qualifying Type/div_Age Qualifying Type Name")): Object: 'Object Repository/Age QT/Create/Page_Bayu Buana - Create Age Qualifying Type/div_Age Qualifying Type Name' is clicked on

2023-01-17 09:54:34 - [MESSAGE][PASSED] - Object: 'Object Repository/Age QT/Create/Page_Bayu Buana - Create Age Qualifying Type/div_Age Qualifying Type Name' is clicked on

2023-01-17 09:54:34 - [TEST_STEP][PASSED] - setText(findTestObject("Object Repository/Age QT/Create/Page_Bayu Buana - Create Age Qualifying Type/input_Age Qualifying Type Name_age_qualifyi_ba4776"), "Age Qualifying Type Name (Automation)"): Text 'Age Qualifying Type Name (Automation)' is set on object 'Object Repository/Age QT/Create/Page_Bayu Buana - Create Age Qualifying Type/input_Age Qualifying Type Name_age_qualifyi_ba4776'

2023-01-17 09:54:38 - [MESSAGE][PASSED] - Text 'Age Qualifying Type Name (Automation)' is set on object 'Object Repository/Age QT/Create/Page_Bayu Buana - Create Age Qualifying Type/input_Age Qualifying Type Name_age_qualifyi_ba4776'

2023-01-17 09:54:38 - [TEST_STEP][PASSED] - setText(findTestObject("Object Repository/Age QT/Create/Page_Bayu Buana - Create Age Qualifying Type/input_Age Qualifying Type Code_age_qualifyi_5ae899"), "321"): Text '321' is set on object 'Object Repository/Age QT/Create/Page_Bayu Buana - Create Age Qualifying Type/input_Age Qualifying Type Code_age_qualifyi_5ae899'

2023-01-17 09:54:39 - [MESSAGE][PASSED] - Text '321' is set on object 'Object Repository/Age QT/Create/Page_Bayu Buana - Create Age Qualifying Type/input_Age Qualifying Type Code_age_qualifyi_5ae899'

2023-01-17 09:54:39 - [TEST_STEP][PASSED] - click(findTestObject("Object Repository/Age QT/Create/Page_Bayu Buana - Create Age Qualifying Type/button_SAVE")): Object: 'Object Repository/Age QT/Create/Page_Bayu Buana - Create Age Qualifying Type/button_SAVE' is clicked on

2023-01-17 09:54:40 - [MESSAGE][PASSED] - Object: 'Object Repository/Age QT/Create/Page_Bayu Buana - Create Age Qualifying Type/button_SAVE' is clicked on

2023-01-17 09:54:40 - [TEST_STEP][PASSED] - verifyElementPresent(findTestObject("Object Repository/Age QT/Create/Page_Bayu Buana - Age Qualifying Types/div_Record 321 - Age Qualifying Type Name (_29f3cb"), 0): Object 'Object Repository/Age QT/Create/Page_Bayu Buana - Age Qualifying Types/div_Record 321 - Age Qualifying Type Name (_29f3cb' is present

2023-01-17 09:54:41 - [MESSAGE][WARNING] - Timeout '0' is invalid. Using default page load timeout: '30'

2023-01-17 09:54:41 - [MESSAGE][PASSED] - Object 'Object Repository/Age QT/Create/Page_Bayu Buana - Age Qualifying Types/div_Record 321 - Age Qualifying Type Name (_29f3cb' is present

2023-01-17 09:54:41 - [TEST_STEP][PASSED] - setText(findTestObject("Object Repository/Age QT/Create/Page_Bayu Buana - Age Qualifying Types/input_Age Qualifying Types_form-control"), "321"): Text '321' is set on object 'Object Repository/Age QT/Create/Page_Bayu Buana - Age Qualifying Types/input_Age Qualifying Types_form-control'

2023-01-17 09:54:42 - [MESSAGE][PASSED] - Text '321' is set on object 'Object Repository/Age QT/Create/Page_Bayu Buana - Age Qualifying Types/input_Age Qualifying Types_form-control'

2023-01-17 09:54:42 - [TEST_STEP][PASSED] - verifyElementText(findTestObject("Object Repository/Age QT/Create/Page_Bayu Buana - Age Qualifying Types/td_321"), "321"): Actual text and expected text of test object 'Object Repository/Age QT/Create/Page_Bayu Buana - Age Qualifying Types/td_321' are matched.

2023-01-17 09:54:43 - [MESSAGE][PASSED] - Actual text and expected text of test object 'Object Repository/Age QT/Create/Page_Bayu Buana - Age Qualifying Types/td_321' are matched.

2023-01-17 09:54:43 - [TEST_STEP][PASSED] - verifyElementText(findTestObject("Object Repository/Age QT/Create/Page_Bayu Buana - Age Qualifying Types/td_Age Qualifying Type Name (Automation)"), "Age Qualifying Type Name (Automation)"): Actual text and expected text of test object 'Object Repository/Age QT/Create/Page_Bayu Buana - Age Qualifying Types/td_Age Qualifying Type Name (Automation)' are matched.

2023-01-17 09:54:43 - [MESSAGE][PASSED] - Actual text and expected text of test object 'Object Repository/Age QT/Create/Page_Bayu Buana - Age Qualifying Types/td_Age Qualifying Type Name (Automation)' are matched.

2023-01-17 09:54:43 - [TEST_STEP][PASSED] - verifyElementText(findTestObject("Object Repository/Age QT/Create/Page_Bayu Buana - Age Qualifying Types/td_Active"), "Active"): Actual text and expected text of test object 'Object Repository/Age QT/Create/Page_Bayu Buana - Age Qualifying Types/td_Active' are matched.

2023-01-17 09:54:44 - [MESSAGE][PASSED] - Actual text and expected text of test object 'Object Repository/Age QT/Create/Page_Bayu Buana - Age Qualifying Types/td_Active' are matched.

2023-01-17 09:54:44 - [TEST_STEP][PASSED] - takeScreenshot(STOP_ON_FAILURE): Taking screenshot successfully

2023-01-17 09:54:44 - [MESSAGE][PASSED] - Taking screenshot successfully
[[ATTACHMENT|D:\\_Bayu Buana\\BB_Automation\\bb-internal_katalon\\Reports\\20230117_095326\\RUN\\20230117_095326\\1673924084552.png]]]]></system-out>
         <system-err><![CDATA[]]></system-err>
      </testcase>
      <system-out><![CDATA[2023-01-17 09:53:45 - [TEST_SUITE][PASSED] - RUN: Test Cases/COBA/Age Qualifying Types - Create]]></system-out>
      <system-err><![CDATA[]]></system-err>
   </testsuite>
</testsuites>
