<?xml version="1.0" encoding="UTF-8"?>
<testsuites name="RUN" time="231.392" tests="33" failures="1" errors="24">
   <testsuite name="RUN" tests="33" failures="1" errors="24" time="231.392" skipped="0" timestamp="2023-04-03 14:37:38" hostname="User - Thinkpad-T470-Saepuloh" id="Test Suites/RUN">
      <properties>
         <property name="deviceName" value=""/>
         <property name="devicePlatform" value=""/>
         <property name="logFolder" value="D:\\_Bayu Buana\\BB_Automation\\bb-internal-katalon\\Reports\\20230403_143722\\RUN\\20230403_143722"/>
         <property name="logFiles" value="D:\\_Bayu Buana\\BB_Automation\\bb-internal-katalon\\Reports\\20230403_143722\\RUN\\20230403_143722\\execution0.log"/>
         <property name="attachments" value="D:\\_Bayu Buana\\BB_Automation\\bb-internal-katalon\\Reports\\20230403_143722\\RUN\\20230403_143722\\1680507475711.png, D:\\_Bayu Buana\\BB_Automation\\bb-internal-katalon\\Reports\\20230403_143722\\RUN\\20230403_143722\\1680507500937.png, D:\\_Bayu Buana\\BB_Automation\\bb-internal-katalon\\Reports\\20230403_143722\\RUN\\20230403_143722\\1680507525563.png, D:\\_Bayu Buana\\BB_Automation\\bb-internal-katalon\\Reports\\20230403_143722\\RUN\\20230403_143722\\1680507553205.png, D:\\_Bayu Buana\\BB_Automation\\bb-internal-katalon\\Reports\\20230403_143722\\RUN\\20230403_143722\\1680507578449.png, D:\\_Bayu Buana\\BB_Automation\\bb-internal-katalon\\Reports\\20230403_143722\\RUN\\20230403_143722\\1680507639153.png, D:\\_Bayu Buana\\BB_Automation\\bb-internal-katalon\\Reports\\20230403_143722\\RUN\\20230403_143722\\1680507667039.png, D:\\_Bayu Buana\\BB_Automation\\bb-internal-katalon\\Reports\\20230403_143722\\RUN\\20230403_143722\\1680507687286.png, D:\\_Bayu Buana\\BB_Automation\\bb-internal-katalon\\Reports\\20230403_143722\\RUN\\20230403_143722\\1680507688395.png"/>
         <property name="hostName" value="User - Thinkpad-T470-Saepuloh"/>
         <property name="os" value="Windows 10 64bit"/>
         <property name="katalonVersion" value="8.5.5.208"/>
         <property name="browser" value="Chrome 111.0.0.0"/>
         <property name="hostAddress" value="192.168.56.1"/>
         <property name="sessionId" value="9d332f2aaad971bec8238dd7b0dfe319"/>
         <property name="seleniumVersion" value="3.141.59"/>
         <property name="proxyInformation" value="ProxyInformation { proxyOption=NO_PROXY, proxyServerType=HTTP, username=, password=********, proxyServerAddress=, proxyServerPort=0, executionList=&quot;&quot;, isApplyToDesiredCapabilities=true }"/>
         <property name="platform" value="Windows 10"/>
      </properties>
      <testcase name="Test Cases/SCENARIO/Setup and Configuration/Special Dates/SD_TC.001 List Special Dates _verify all element" time="18.177" classname="Test Cases/SCENARIO/Setup and Configuration/Special Dates/SD_TC.001 List Special Dates _verify all element" status="PASSED">
         <system-out><![CDATA[2023-04-03 14:37:38 - [TEST_CASE][PASSED] - Test Cases/SCENARIO/Setup and Configuration/Special Dates/SD_TC.001 List Special Dates _verify all element: Test Cases/SCENARIO/Setup and Configuration/Special Dates/SD_TC.001 List Special Dates _verify all element

2023-04-03 14:37:38 - [TEST_STEP][PASSED] - callTestCase(findTestCase("login_internal"), [:], STOP_ON_FAILURE): Call Test Case 'Test Cases/login_internal' successfully

2023-04-03 14:37:39 - [TEST_CASE][PASSED] - Test Cases/login_internal: Test Cases/login_internal

2023-04-03 14:37:39 - [TEST_STEP][PASSED] - openBrowser(url_login): Browser is opened with url: 'https://bbstg.monstercode.net/auth/login'

2023-04-03 14:37:40 - [MESSAGE][INFO] - Starting 'Chrome' driver

2023-04-03 14:37:40 - [MESSAGE][INFO] - Action delay is set to 0 milliseconds

2023-04-03 14:37:46 - [MESSAGE][PASSED] - Browser is opened with url: 'https://bbstg.monstercode.net/auth/login'

2023-04-03 14:37:46 - [TEST_STEP][PASSED] - maximizeWindow(): Current window maximized

2023-04-03 14:37:46 - [MESSAGE][PASSED] - Current window maximized

2023-04-03 14:37:46 - [TEST_STEP][PASSED] - setText(findTestObject("Object Repository/Log_In/input_Email_username"), user_corporate): Text 'coba.dilain@gmail.com' is set on object 'Object Repository/Log_In/input_Email_username'

2023-04-03 14:37:48 - [MESSAGE][PASSED] - Text 'coba.dilain@gmail.com' is set on object 'Object Repository/Log_In/input_Email_username'

2023-04-03 14:37:48 - [TEST_STEP][PASSED] - setEncryptedText(findTestObject("Object Repository/Log_In/input_Password"), pass_corporate_encrypted): Text ****** has been set on object 'Object Repository/Log_In/input_Password'

2023-04-03 14:37:48 - [MESSAGE][PASSED] - Text ****** has been set on object 'Object Repository/Log_In/input_Password'

2023-04-03 14:37:48 - [TEST_STEP][PASSED] - click(findTestObject("Object Repository/Log_In/btn_sign_in")): Object: 'Object Repository/Log_In/btn_sign_in' is clicked on

2023-04-03 14:37:49 - [MESSAGE][PASSED] - Object: 'Object Repository/Log_In/btn_sign_in' is clicked on

2023-04-03 14:37:49 - [MESSAGE][PASSED] - Call Test Case 'Test Cases/login_internal' successfully

2023-04-03 14:37:49 - [TEST_STEP][PASSED] - click(findTestObject("Object Repository/corporate_airline_fare/dashboardBtn")): Object: 'Object Repository/corporate_airline_fare/dashboardBtn' is clicked on

2023-04-03 14:37:51 - [MESSAGE][PASSED] - Object: 'Object Repository/corporate_airline_fare/dashboardBtn' is clicked on

2023-04-03 14:37:51 - [TEST_STEP][PASSED] - click(findTestObject("Object Repository/job_title/setupAndConfigurationBtn")): Object: 'Object Repository/job_title/setupAndConfigurationBtn' is clicked on

2023-04-03 14:37:52 - [MESSAGE][PASSED] - Object: 'Object Repository/job_title/setupAndConfigurationBtn' is clicked on

2023-04-03 14:37:52 - [TEST_STEP][PASSED] - click(findTestObject("Object Repository/special_dates/subMenu_special_dates")): Object: 'Object Repository/special_dates/subMenu_special_dates' is clicked on

2023-04-03 14:37:52 - [MESSAGE][PASSED] - Object: 'Object Repository/special_dates/subMenu_special_dates' is clicked on

2023-04-03 14:37:52 - [TEST_STEP][PASSED] - click(findTestObject("Object Repository/corporate_airline_fare/breadcrumb")): Object: 'Object Repository/corporate_airline_fare/breadcrumb' is clicked on

2023-04-03 14:37:53 - [MESSAGE][PASSED] - Object: 'Object Repository/corporate_airline_fare/breadcrumb' is clicked on

2023-04-03 14:37:53 - [TEST_STEP][PASSED] - verifyElementPresent(findTestObject("Object Repository/special_dates/h1_title_sd"), 0): Object 'Object Repository/special_dates/h1_title_sd' is present

2023-04-03 14:37:53 - [MESSAGE][WARNING] - Timeout '0' is invalid. Using default page load timeout: '30'

2023-04-03 14:37:54 - [MESSAGE][PASSED] - Object 'Object Repository/special_dates/h1_title_sd' is present

2023-04-03 14:37:54 - [TEST_STEP][PASSED] - verifyElementPresent(findTestObject("Object Repository/special_dates/list_tbl_name"), 0): Object 'Object Repository/special_dates/list_tbl_name' is present

2023-04-03 14:37:54 - [MESSAGE][WARNING] - Timeout '0' is invalid. Using default page load timeout: '30'

2023-04-03 14:37:54 - [MESSAGE][PASSED] - Object 'Object Repository/special_dates/list_tbl_name' is present

2023-04-03 14:37:54 - [TEST_STEP][PASSED] - verifyElementPresent(findTestObject("Object Repository/special_dates/list_tbl_start_date"), 0): Object 'Object Repository/special_dates/list_tbl_start_date' is present

2023-04-03 14:37:54 - [MESSAGE][WARNING] - Timeout '0' is invalid. Using default page load timeout: '30'

2023-04-03 14:37:55 - [MESSAGE][PASSED] - Object 'Object Repository/special_dates/list_tbl_start_date' is present

2023-04-03 14:37:55 - [TEST_STEP][PASSED] - verifyElementPresent(findTestObject("Object Repository/special_dates/list_tbl_end_date"), 0): Object 'Object Repository/special_dates/list_tbl_end_date' is present

2023-04-03 14:37:55 - [MESSAGE][WARNING] - Timeout '0' is invalid. Using default page load timeout: '30'

2023-04-03 14:37:55 - [MESSAGE][PASSED] - Object 'Object Repository/special_dates/list_tbl_end_date' is present

2023-04-03 14:37:55 - [TEST_STEP][PASSED] - takeScreenshot(): Taking screenshot successfully

2023-04-03 14:37:55 - [MESSAGE][PASSED] - Taking screenshot successfully
[[ATTACHMENT|D:\\_Bayu Buana\\BB_Automation\\bb-internal-katalon\\Reports\\20230403_143722\\RUN\\20230403_143722\\1680507475711.png]]

2023-04-03 14:37:55 - [TEST_STEP][PASSED] - closeBrowser(): Browser is closed

2023-04-03 14:37:56 - [MESSAGE][PASSED] - Browser is closed]]></system-out>
         <system-err><![CDATA[]]></system-err>
      </testcase>
      <testcase name="Test Cases/SCENARIO/Setup and Configuration/Special Dates/SD_TC.002 Search _by Name, up and low case character" time="0.716" classname="Test Cases/SCENARIO/Setup and Configuration/Special Dates/SD_TC.002 Search _by Name, up and low case character" status="ERROR">
         <error type="ERROR" message="Test Cases/SCENARIO/Setup and Configuration/Special Dates/SD_TC.002 Search _by Name, up and low case character FAILED.
Reason:
com.kms.katalon.core.exception.StepErrorException: Call Test Case 'Test Cases/login_scenario_manager' failed because of error(s)
	at com.kms.katalon.core.keyword.builtin.CallTestCaseKeyword$_callTestCase_closure1.doCall(CallTestCaseKeyword.groovy:66)
	at com.kms.katalon.core.keyword.builtin.CallTestCaseKeyword$_callTestCase_closure1.call(CallTestCaseKeyword.groovy)
	at com.kms.katalon.core.keyword.internal.KeywordMain.runKeyword(KeywordMain.groovy:74)
	at com.kms.katalon.core.keyword.builtin.CallTestCaseKeyword.callTestCase(CallTestCaseKeyword.groovy:81)
	at com.kms.katalon.core.keyword.builtin.CallTestCaseKeyword.execute(CallTestCaseKeyword.groovy:44)
	at com.kms.katalon.core.keyword.internal.KeywordExecutor.executeKeywordForPlatform(KeywordExecutor.groovy:74)
	at com.kms.katalon.core.keyword.BuiltinKeywords.callTestCase(BuiltinKeywords.groovy:334)
	at SD_TC.002 Search _by Name, up and low case character.run(SD_TC.002 Search _by Name, up and low case character:20)
	at com.kms.katalon.core.main.ScriptEngine.run(ScriptEngine.java:194)
	at com.kms.katalon.core.main.ScriptEngine.runScriptAsRawText(ScriptEngine.java:119)
	at com.kms.katalon.core.main.TestCaseExecutor.runScript(TestCaseExecutor.java:448)
	at com.kms.katalon.core.main.TestCaseExecutor.doExecute(TestCaseExecutor.java:439)
	at com.kms.katalon.core.main.TestCaseExecutor.processExecutionPhase(TestCaseExecutor.java:418)
	at com.kms.katalon.core.main.TestCaseExecutor.accessMainPhase(TestCaseExecutor.java:410)
	at com.kms.katalon.core.main.TestCaseExecutor.execute(TestCaseExecutor.java:285)
	at com.kms.katalon.core.common.CommonExecutor.accessTestCaseMainPhase(CommonExecutor.java:65)
	at com.kms.katalon.core.main.TestSuiteExecutor.accessTestSuiteMainPhase(TestSuiteExecutor.java:151)
	at com.kms.katalon.core.main.TestSuiteExecutor.execute(TestSuiteExecutor.java:106)
	at com.kms.katalon.core.main.TestCaseMain.startTestSuite(TestCaseMain.java:185)
	at com.kms.katalon.core.main.TestCaseMain$startTestSuite$0.call(Unknown Source)
	at TempTestSuite1680507442613.run(TempTestSuite1680507442613.groovy:36)
Caused by: groovy.lang.MissingPropertyException: No such property: login_url for class: internal.GlobalVariable
	at login_scenario_manager.run(login_scenario_manager:20)
	at com.kms.katalon.core.main.ScriptEngine.run(ScriptEngine.java:194)
	at com.kms.katalon.core.main.ScriptEngine.runScriptAsRawText(ScriptEngine.java:119)
	at com.kms.katalon.core.main.TestCaseExecutor.runScript(TestCaseExecutor.java:448)
	at com.kms.katalon.core.main.TestCaseExecutor.doExecute(TestCaseExecutor.java:439)
	at com.kms.katalon.core.main.TestCaseExecutor.processExecutionPhase(TestCaseExecutor.java:418)
	at com.kms.katalon.core.main.TestCaseExecutor.accessMainPhase(TestCaseExecutor.java:410)
	at com.kms.katalon.core.main.TestCaseExecutor.execute(TestCaseExecutor.java:285)
	at com.kms.katalon.core.main.TestCaseMain.runTestCase(TestCaseMain.java:142)
	at com.kms.katalon.core.keyword.builtin.CallTestCaseKeyword$_callTestCase_closure1.doCall(CallTestCaseKeyword.groovy:59)
	... 20 more
"/>
         <system-out><![CDATA[2023-04-03 14:37:56 - [TEST_CASE][ERROR] - Test Cases/SCENARIO/Setup and Configuration/Special Dates/SD_TC.002 Search _by Name, up and low case character: Test Cases/SCENARIO/Setup and Configuration/Special Dates/SD_TC.002 Search _by Name, up and low case character FAILED.
Reason:
com.kms.katalon.core.exception.StepErrorException: Call Test Case 'Test Cases/login_scenario_manager' failed because of error(s)
	at com.kms.katalon.core.keyword.builtin.CallTestCaseKeyword$_callTestCase_closure1.doCall(CallTestCaseKeyword.groovy:66)
	at com.kms.katalon.core.keyword.builtin.CallTestCaseKeyword$_callTestCase_closure1.call(CallTestCaseKeyword.groovy)
	at com.kms.katalon.core.keyword.internal.KeywordMain.runKeyword(KeywordMain.groovy:74)
	at com.kms.katalon.core.keyword.builtin.CallTestCaseKeyword.callTestCase(CallTestCaseKeyword.groovy:81)
	at com.kms.katalon.core.keyword.builtin.CallTestCaseKeyword.execute(CallTestCaseKeyword.groovy:44)
	at com.kms.katalon.core.keyword.internal.KeywordExecutor.executeKeywordForPlatform(KeywordExecutor.groovy:74)
	at com.kms.katalon.core.keyword.BuiltinKeywords.callTestCase(BuiltinKeywords.groovy:334)
	at SD_TC.002 Search _by Name, up and low case character.run(SD_TC.002 Search _by Name, up and low case character:20)
	at com.kms.katalon.core.main.ScriptEngine.run(ScriptEngine.java:194)
	at com.kms.katalon.core.main.ScriptEngine.runScriptAsRawText(ScriptEngine.java:119)
	at com.kms.katalon.core.main.TestCaseExecutor.runScript(TestCaseExecutor.java:448)
	at com.kms.katalon.core.main.TestCaseExecutor.doExecute(TestCaseExecutor.java:439)
	at com.kms.katalon.core.main.TestCaseExecutor.processExecutionPhase(TestCaseExecutor.java:418)
	at com.kms.katalon.core.main.TestCaseExecutor.accessMainPhase(TestCaseExecutor.java:410)
	at com.kms.katalon.core.main.TestCaseExecutor.execute(TestCaseExecutor.java:285)
	at com.kms.katalon.core.common.CommonExecutor.accessTestCaseMainPhase(CommonExecutor.java:65)
	at com.kms.katalon.core.main.TestSuiteExecutor.accessTestSuiteMainPhase(TestSuiteExecutor.java:151)
	at com.kms.katalon.core.main.TestSuiteExecutor.execute(TestSuiteExecutor.java:106)
	at com.kms.katalon.core.main.TestCaseMain.startTestSuite(TestCaseMain.java:185)
	at com.kms.katalon.core.main.TestCaseMain$startTestSuite$0.call(Unknown Source)
	at TempTestSuite1680507442613.run(TempTestSuite1680507442613.groovy:36)
Caused by: groovy.lang.MissingPropertyException: No such property: login_url for class: internal.GlobalVariable
	at login_scenario_manager.run(login_scenario_manager:20)
	at com.kms.katalon.core.main.ScriptEngine.run(ScriptEngine.java:194)
	at com.kms.katalon.core.main.ScriptEngine.runScriptAsRawText(ScriptEngine.java:119)
	at com.kms.katalon.core.main.TestCaseExecutor.runScript(TestCaseExecutor.java:448)
	at com.kms.katalon.core.main.TestCaseExecutor.doExecute(TestCaseExecutor.java:439)
	at com.kms.katalon.core.main.TestCaseExecutor.processExecutionPhase(TestCaseExecutor.java:418)
	at com.kms.katalon.core.main.TestCaseExecutor.accessMainPhase(TestCaseExecutor.java:410)
	at com.kms.katalon.core.main.TestCaseExecutor.execute(TestCaseExecutor.java:285)
	at com.kms.katalon.core.main.TestCaseMain.runTestCase(TestCaseMain.java:142)
	at com.kms.katalon.core.keyword.builtin.CallTestCaseKeyword$_callTestCase_closure1.doCall(CallTestCaseKeyword.groovy:59)
	... 20 more


2023-04-03 14:37:56 - [TEST_STEP][ERROR] - callTestCase(findTestCase("login_scenario_manager"), [:], STOP_ON_FAILURE): Test Cases/SCENARIO/Setup and Configuration/Special Dates/SD_TC.002 Search _by Name, up and low case character FAILED.
Reason:
com.kms.katalon.core.exception.StepErrorException: Call Test Case 'Test Cases/login_scenario_manager' failed because of error(s)
	at com.kms.katalon.core.keyword.builtin.CallTestCaseKeyword$_callTestCase_closure1.doCall(CallTestCaseKeyword.groovy:66)
	at com.kms.katalon.core.keyword.builtin.CallTestCaseKeyword$_callTestCase_closure1.call(CallTestCaseKeyword.groovy)
	at com.kms.katalon.core.keyword.internal.KeywordMain.runKeyword(KeywordMain.groovy:74)
	at com.kms.katalon.core.keyword.builtin.CallTestCaseKeyword.callTestCase(CallTestCaseKeyword.groovy:81)
	at com.kms.katalon.core.keyword.builtin.CallTestCaseKeyword.execute(CallTestCaseKeyword.groovy:44)
	at com.kms.katalon.core.keyword.internal.KeywordExecutor.executeKeywordForPlatform(KeywordExecutor.groovy:74)
	at com.kms.katalon.core.keyword.BuiltinKeywords.callTestCase(BuiltinKeywords.groovy:334)
	at SD_TC.002 Search _by Name, up and low case character.run(SD_TC.002 Search _by Name, up and low case character:20)
	at com.kms.katalon.core.main.ScriptEngine.run(ScriptEngine.java:194)
	at com.kms.katalon.core.main.ScriptEngine.runScriptAsRawText(ScriptEngine.java:119)
	at com.kms.katalon.core.main.TestCaseExecutor.runScript(TestCaseExecutor.java:448)
	at com.kms.katalon.core.main.TestCaseExecutor.doExecute(TestCaseExecutor.java:439)
	at com.kms.katalon.core.main.TestCaseExecutor.processExecutionPhase(TestCaseExecutor.java:418)
	at com.kms.katalon.core.main.TestCaseExecutor.accessMainPhase(TestCaseExecutor.java:410)
	at com.kms.katalon.core.main.TestCaseExecutor.execute(TestCaseExecutor.java:285)
	at com.kms.katalon.core.common.CommonExecutor.accessTestCaseMainPhase(CommonExecutor.java:65)
	at com.kms.katalon.core.main.TestSuiteExecutor.accessTestSuiteMainPhase(TestSuiteExecutor.java:151)
	at com.kms.katalon.core.main.TestSuiteExecutor.execute(TestSuiteExecutor.java:106)
	at com.kms.katalon.core.main.TestCaseMain.startTestSuite(TestCaseMain.java:185)
	at com.kms.katalon.core.main.TestCaseMain$startTestSuite$0.call(Unknown Source)
	at TempTestSuite1680507442613.run(TempTestSuite1680507442613.groovy:36)
Caused by: groovy.lang.MissingPropertyException: No such property: login_url for class: internal.GlobalVariable
	at login_scenario_manager.run(login_scenario_manager:20)
	at com.kms.katalon.core.main.ScriptEngine.run(ScriptEngine.java:194)
	at com.kms.katalon.core.main.ScriptEngine.runScriptAsRawText(ScriptEngine.java:119)
	at com.kms.katalon.core.main.TestCaseExecutor.runScript(TestCaseExecutor.java:448)
	at com.kms.katalon.core.main.TestCaseExecutor.doExecute(TestCaseExecutor.java:439)
	at com.kms.katalon.core.main.TestCaseExecutor.processExecutionPhase(TestCaseExecutor.java:418)
	at com.kms.katalon.core.main.TestCaseExecutor.accessMainPhase(TestCaseExecutor.java:410)
	at com.kms.katalon.core.main.TestCaseExecutor.execute(TestCaseExecutor.java:285)
	at com.kms.katalon.core.main.TestCaseMain.runTestCase(TestCaseMain.java:142)
	at com.kms.katalon.core.keyword.builtin.CallTestCaseKeyword$_callTestCase_closure1.doCall(CallTestCaseKeyword.groovy:59)
	... 20 more


2023-04-03 14:37:57 - [TEST_CASE][ERROR] - Test Cases/login_scenario_manager: Test Cases/login_scenario_manager FAILED.
Reason:
groovy.lang.MissingPropertyException: No such property: login_url for class: internal.GlobalVariable
	at login_scenario_manager.run(login_scenario_manager:20)
	at com.kms.katalon.core.main.ScriptEngine.run(ScriptEngine.java:194)
	at com.kms.katalon.core.main.ScriptEngine.runScriptAsRawText(ScriptEngine.java:119)
	at com.kms.katalon.core.main.TestCaseExecutor.runScript(TestCaseExecutor.java:448)
	at com.kms.katalon.core.main.TestCaseExecutor.doExecute(TestCaseExecutor.java:439)
	at com.kms.katalon.core.main.TestCaseExecutor.processExecutionPhase(TestCaseExecutor.java:418)
	at com.kms.katalon.core.main.TestCaseExecutor.accessMainPhase(TestCaseExecutor.java:410)
	at com.kms.katalon.core.main.TestCaseExecutor.execute(TestCaseExecutor.java:285)
	at com.kms.katalon.core.main.TestCaseMain.runTestCase(TestCaseMain.java:142)
	at com.kms.katalon.core.keyword.builtin.CallTestCaseKeyword$_callTestCase_closure1.doCall(CallTestCaseKeyword.groovy:59)
	at com.kms.katalon.core.keyword.builtin.CallTestCaseKeyword$_callTestCase_closure1.call(CallTestCaseKeyword.groovy)
	at com.kms.katalon.core.keyword.internal.KeywordMain.runKeyword(KeywordMain.groovy:74)
	at com.kms.katalon.core.keyword.builtin.CallTestCaseKeyword.callTestCase(CallTestCaseKeyword.groovy:81)
	at com.kms.katalon.core.keyword.builtin.CallTestCaseKeyword.execute(CallTestCaseKeyword.groovy:44)
	at com.kms.katalon.core.keyword.internal.KeywordExecutor.executeKeywordForPlatform(KeywordExecutor.groovy:74)
	at com.kms.katalon.core.keyword.BuiltinKeywords.callTestCase(BuiltinKeywords.groovy:334)
	at SD_TC.002 Search _by Name, up and low case character.run(SD_TC.002 Search _by Name, up and low case character:20)
	at com.kms.katalon.core.main.ScriptEngine.run(ScriptEngine.java:194)
	at com.kms.katalon.core.main.ScriptEngine.runScriptAsRawText(ScriptEngine.java:119)
	at com.kms.katalon.core.main.TestCaseExecutor.runScript(TestCaseExecutor.java:448)
	at com.kms.katalon.core.main.TestCaseExecutor.doExecute(TestCaseExecutor.java:439)
	at com.kms.katalon.core.main.TestCaseExecutor.processExecutionPhase(TestCaseExecutor.java:418)
	at com.kms.katalon.core.main.TestCaseExecutor.accessMainPhase(TestCaseExecutor.java:410)
	at com.kms.katalon.core.main.TestCaseExecutor.execute(TestCaseExecutor.java:285)
	at com.kms.katalon.core.common.CommonExecutor.accessTestCaseMainPhase(CommonExecutor.java:65)
	at com.kms.katalon.core.main.TestSuiteExecutor.accessTestSuiteMainPhase(TestSuiteExecutor.java:151)
	at com.kms.katalon.core.main.TestSuiteExecutor.execute(TestSuiteExecutor.java:106)
	at com.kms.katalon.core.main.TestCaseMain.startTestSuite(TestCaseMain.java:185)
	at com.kms.katalon.core.main.TestCaseMain$startTestSuite$0.call(Unknown Source)
	at TempTestSuite1680507442613.run(TempTestSuite1680507442613.groovy:36)


2023-04-03 14:37:57 - [TEST_STEP][ERROR] - openBrowser(login_url): Test Cases/login_scenario_manager FAILED.
Reason:
groovy.lang.MissingPropertyException: No such property: login_url for class: internal.GlobalVariable
	at login_scenario_manager.run(login_scenario_manager:20)
	at com.kms.katalon.core.main.ScriptEngine.run(ScriptEngine.java:194)
	at com.kms.katalon.core.main.ScriptEngine.runScriptAsRawText(ScriptEngine.java:119)
	at com.kms.katalon.core.main.TestCaseExecutor.runScript(TestCaseExecutor.java:448)
	at com.kms.katalon.core.main.TestCaseExecutor.doExecute(TestCaseExecutor.java:439)
	at com.kms.katalon.core.main.TestCaseExecutor.processExecutionPhase(TestCaseExecutor.java:418)
	at com.kms.katalon.core.main.TestCaseExecutor.accessMainPhase(TestCaseExecutor.java:410)
	at com.kms.katalon.core.main.TestCaseExecutor.execute(TestCaseExecutor.java:285)
	at com.kms.katalon.core.main.TestCaseMain.runTestCase(TestCaseMain.java:142)
	at com.kms.katalon.core.keyword.builtin.CallTestCaseKeyword$_callTestCase_closure1.doCall(CallTestCaseKeyword.groovy:59)
	at com.kms.katalon.core.keyword.builtin.CallTestCaseKeyword$_callTestCase_closure1.call(CallTestCaseKeyword.groovy)
	at com.kms.katalon.core.keyword.internal.KeywordMain.runKeyword(KeywordMain.groovy:74)
	at com.kms.katalon.core.keyword.builtin.CallTestCaseKeyword.callTestCase(CallTestCaseKeyword.groovy:81)
	at com.kms.katalon.core.keyword.builtin.CallTestCaseKeyword.execute(CallTestCaseKeyword.groovy:44)
	at com.kms.katalon.core.keyword.internal.KeywordExecutor.executeKeywordForPlatform(KeywordExecutor.groovy:74)
	at com.kms.katalon.core.keyword.BuiltinKeywords.callTestCase(BuiltinKeywords.groovy:334)
	at SD_TC.002 Search _by Name, up and low case character.run(SD_TC.002 Search _by Name, up and low case character:20)
	at com.kms.katalon.core.main.ScriptEngine.run(ScriptEngine.java:194)
	at com.kms.katalon.core.main.ScriptEngine.runScriptAsRawText(ScriptEngine.java:119)
	at com.kms.katalon.core.main.TestCaseExecutor.runScript(TestCaseExecutor.java:448)
	at com.kms.katalon.core.main.TestCaseExecutor.doExecute(TestCaseExecutor.java:439)
	at com.kms.katalon.core.main.TestCaseExecutor.processExecutionPhase(TestCaseExecutor.java:418)
	at com.kms.katalon.core.main.TestCaseExecutor.accessMainPhase(TestCaseExecutor.java:410)
	at com.kms.katalon.core.main.TestCaseExecutor.execute(TestCaseExecutor.java:285)
	at com.kms.katalon.core.common.CommonExecutor.accessTestCaseMainPhase(CommonExecutor.java:65)
	at com.kms.katalon.core.main.TestSuiteExecutor.accessTestSuiteMainPhase(TestSuiteExecutor.java:151)
	at com.kms.katalon.core.main.TestSuiteExecutor.execute(TestSuiteExecutor.java:106)
	at com.kms.katalon.core.main.TestCaseMain.startTestSuite(TestCaseMain.java:185)
	at com.kms.katalon.core.main.TestCaseMain$startTestSuite$0.call(Unknown Source)
	at TempTestSuite1680507442613.run(TempTestSuite1680507442613.groovy:36)


2023-04-03 14:37:57 - [MESSAGE][ERROR] - Test Cases/login_scenario_manager FAILED.
Reason:
groovy.lang.MissingPropertyException: No such property: login_url for class: internal.GlobalVariable
	at login_scenario_manager.run(login_scenario_manager:20)
	at com.kms.katalon.core.main.ScriptEngine.run(ScriptEngine.java:194)
	at com.kms.katalon.core.main.ScriptEngine.runScriptAsRawText(ScriptEngine.java:119)
	at com.kms.katalon.core.main.TestCaseExecutor.runScript(TestCaseExecutor.java:448)
	at com.kms.katalon.core.main.TestCaseExecutor.doExecute(TestCaseExecutor.java:439)
	at com.kms.katalon.core.main.TestCaseExecutor.processExecutionPhase(TestCaseExecutor.java:418)
	at com.kms.katalon.core.main.TestCaseExecutor.accessMainPhase(TestCaseExecutor.java:410)
	at com.kms.katalon.core.main.TestCaseExecutor.execute(TestCaseExecutor.java:285)
	at com.kms.katalon.core.main.TestCaseMain.runTestCase(TestCaseMain.java:142)
	at com.kms.katalon.core.keyword.builtin.CallTestCaseKeyword$_callTestCase_closure1.doCall(CallTestCaseKeyword.groovy:59)
	at com.kms.katalon.core.keyword.builtin.CallTestCaseKeyword$_callTestCase_closure1.call(CallTestCaseKeyword.groovy)
	at com.kms.katalon.core.keyword.internal.KeywordMain.runKeyword(KeywordMain.groovy:74)
	at com.kms.katalon.core.keyword.builtin.CallTestCaseKeyword.callTestCase(CallTestCaseKeyword.groovy:81)
	at com.kms.katalon.core.keyword.builtin.CallTestCaseKeyword.execute(CallTestCaseKeyword.groovy:44)
	at com.kms.katalon.core.keyword.internal.KeywordExecutor.executeKeywordForPlatform(KeywordExecutor.groovy:74)
	at com.kms.katalon.core.keyword.BuiltinKeywords.callTestCase(BuiltinKeywords.groovy:334)
	at SD_TC.002 Search _by Name, up and low case character.run(SD_TC.002 Search _by Name, up and low case character:20)
	at com.kms.katalon.core.main.ScriptEngine.run(ScriptEngine.java:194)
	at com.kms.katalon.core.main.ScriptEngine.runScriptAsRawText(ScriptEngine.java:119)
	at com.kms.katalon.core.main.TestCaseExecutor.runScript(TestCaseExecutor.java:448)
	at com.kms.katalon.core.main.TestCaseExecutor.doExecute(TestCaseExecutor.java:439)
	at com.kms.katalon.core.main.TestCaseExecutor.processExecutionPhase(TestCaseExecutor.java:418)
	at com.kms.katalon.core.main.TestCaseExecutor.accessMainPhase(TestCaseExecutor.java:410)
	at com.kms.katalon.core.main.TestCaseExecutor.execute(TestCaseExecutor.java:285)
	at com.kms.katalon.core.common.CommonExecutor.accessTestCaseMainPhase(CommonExecutor.java:65)
	at com.kms.katalon.core.main.TestSuiteExecutor.accessTestSuiteMainPhase(TestSuiteExecutor.java:151)
	at com.kms.katalon.core.main.TestSuiteExecutor.execute(TestSuiteExecutor.java:106)
	at com.kms.katalon.core.main.TestCaseMain.startTestSuite(TestCaseMain.java:185)
	at com.kms.katalon.core.main.TestCaseMain$startTestSuite$0.call(Unknown Source)
	at TempTestSuite1680507442613.run(TempTestSuite1680507442613.groovy:36)


2023-04-03 14:37:57 - [MESSAGE][FAILED] - Unable to call Test Case 'Test Cases/login_scenario_manager' (Root cause: com.kms.katalon.core.exception.StepErrorException: Call Test Case 'Test Cases/login_scenario_manager' failed because of error(s)
	at com.kms.katalon.core.keyword.builtin.CallTestCaseKeyword$_callTestCase_closure1.doCall(CallTestCaseKeyword.groovy:66)
	at com.kms.katalon.core.keyword.builtin.CallTestCaseKeyword$_callTestCase_closure1.call(CallTestCaseKeyword.groovy)
	at com.kms.katalon.core.keyword.internal.KeywordMain.runKeyword(KeywordMain.groovy:74)
	at com.kms.katalon.core.keyword.builtin.CallTestCaseKeyword.callTestCase(CallTestCaseKeyword.groovy:81)
	at com.kms.katalon.core.keyword.builtin.CallTestCaseKeyword.execute(CallTestCaseKeyword.groovy:44)
	at com.kms.katalon.core.keyword.internal.KeywordExecutor.executeKeywordForPlatform(KeywordExecutor.groovy:74)
	at com.kms.katalon.core.keyword.BuiltinKeywords.callTestCase(BuiltinKeywords.groovy:334)
	at SD_TC.002 Search _by Name, up and low case character.run(SD_TC.002 Search _by Name, up and low case character:20)
	at com.kms.katalon.core.main.ScriptEngine.run(ScriptEngine.java:194)
	at com.kms.katalon.core.main.ScriptEngine.runScriptAsRawText(ScriptEngine.java:119)
	at com.kms.katalon.core.main.TestCaseExecutor.runScript(TestCaseExecutor.java:448)
	at com.kms.katalon.core.main.TestCaseExecutor.doExecute(TestCaseExecutor.java:439)
	at com.kms.katalon.core.main.TestCaseExecutor.processExecutionPhase(TestCaseExecutor.java:418)
	at com.kms.katalon.core.main.TestCaseExecutor.accessMainPhase(TestCaseExecutor.java:410)
	at com.kms.katalon.core.main.TestCaseExecutor.execute(TestCaseExecutor.java:285)
	at com.kms.katalon.core.common.CommonExecutor.accessTestCaseMainPhase(CommonExecutor.java:65)
	at com.kms.katalon.core.main.TestSuiteExecutor.accessTestSuiteMainPhase(TestSuiteExecutor.java:151)
	at com.kms.katalon.core.main.TestSuiteExecutor.execute(TestSuiteExecutor.java:106)
	at com.kms.katalon.core.main.TestCaseMain.startTestSuite(TestCaseMain.java:185)
	at com.kms.katalon.core.main.TestCaseMain$startTestSuite$0.call(Unknown Source)
	at TempTestSuite1680507442613.run(TempTestSuite1680507442613.groovy:36)
Caused by: groovy.lang.MissingPropertyException: No such property: login_url for class: internal.GlobalVariable
	at login_scenario_manager.run(login_scenario_manager:20)
	at com.kms.katalon.core.main.ScriptEngine.run(ScriptEngine.java:194)
	at com.kms.katalon.core.main.ScriptEngine.runScriptAsRawText(ScriptEngine.java:119)
	at com.kms.katalon.core.main.TestCaseExecutor.runScript(TestCaseExecutor.java:448)
	at com.kms.katalon.core.main.TestCaseExecutor.doExecute(TestCaseExecutor.java:439)
	at com.kms.katalon.core.main.TestCaseExecutor.processExecutionPhase(TestCaseExecutor.java:418)
	at com.kms.katalon.core.main.TestCaseExecutor.accessMainPhase(TestCaseExecutor.java:410)
	at com.kms.katalon.core.main.TestCaseExecutor.execute(TestCaseExecutor.java:285)
	at com.kms.katalon.core.main.TestCaseMain.runTestCase(TestCaseMain.java:142)
	at com.kms.katalon.core.keyword.builtin.CallTestCaseKeyword$_callTestCase_closure1.doCall(CallTestCaseKeyword.groovy:59)
	... 20 more
)

2023-04-03 14:37:57 - [MESSAGE][ERROR] - Test Cases/SCENARIO/Setup and Configuration/Special Dates/SD_TC.002 Search _by Name, up and low case character FAILED.
Reason:
com.kms.katalon.core.exception.StepErrorException: Call Test Case 'Test Cases/login_scenario_manager' failed because of error(s)
	at com.kms.katalon.core.keyword.builtin.CallTestCaseKeyword$_callTestCase_closure1.doCall(CallTestCaseKeyword.groovy:66)
	at com.kms.katalon.core.keyword.builtin.CallTestCaseKeyword$_callTestCase_closure1.call(CallTestCaseKeyword.groovy)
	at com.kms.katalon.core.keyword.internal.KeywordMain.runKeyword(KeywordMain.groovy:74)
	at com.kms.katalon.core.keyword.builtin.CallTestCaseKeyword.callTestCase(CallTestCaseKeyword.groovy:81)
	at com.kms.katalon.core.keyword.builtin.CallTestCaseKeyword.execute(CallTestCaseKeyword.groovy:44)
	at com.kms.katalon.core.keyword.internal.KeywordExecutor.executeKeywordForPlatform(KeywordExecutor.groovy:74)
	at com.kms.katalon.core.keyword.BuiltinKeywords.callTestCase(BuiltinKeywords.groovy:334)
	at SD_TC.002 Search _by Name, up and low case character.run(SD_TC.002 Search _by Name, up and low case character:20)
	at com.kms.katalon.core.main.ScriptEngine.run(ScriptEngine.java:194)
	at com.kms.katalon.core.main.ScriptEngine.runScriptAsRawText(ScriptEngine.java:119)
	at com.kms.katalon.core.main.TestCaseExecutor.runScript(TestCaseExecutor.java:448)
	at com.kms.katalon.core.main.TestCaseExecutor.doExecute(TestCaseExecutor.java:439)
	at com.kms.katalon.core.main.TestCaseExecutor.processExecutionPhase(TestCaseExecutor.java:418)
	at com.kms.katalon.core.main.TestCaseExecutor.accessMainPhase(TestCaseExecutor.java:410)
	at com.kms.katalon.core.main.TestCaseExecutor.execute(TestCaseExecutor.java:285)
	at com.kms.katalon.core.common.CommonExecutor.accessTestCaseMainPhase(CommonExecutor.java:65)
	at com.kms.katalon.core.main.TestSuiteExecutor.accessTestSuiteMainPhase(TestSuiteExecutor.java:151)
	at com.kms.katalon.core.main.TestSuiteExecutor.execute(TestSuiteExecutor.java:106)
	at com.kms.katalon.core.main.TestCaseMain.startTestSuite(TestCaseMain.java:185)
	at com.kms.katalon.core.main.TestCaseMain$startTestSuite$0.call(Unknown Source)
	at TempTestSuite1680507442613.run(TempTestSuite1680507442613.groovy:36)
Caused by: groovy.lang.MissingPropertyException: No such property: login_url for class: internal.GlobalVariable
	at login_scenario_manager.run(login_scenario_manager:20)
	at com.kms.katalon.core.main.ScriptEngine.run(ScriptEngine.java:194)
	at com.kms.katalon.core.main.ScriptEngine.runScriptAsRawText(ScriptEngine.java:119)
	at com.kms.katalon.core.main.TestCaseExecutor.runScript(TestCaseExecutor.java:448)
	at com.kms.katalon.core.main.TestCaseExecutor.doExecute(TestCaseExecutor.java:439)
	at com.kms.katalon.core.main.TestCaseExecutor.processExecutionPhase(TestCaseExecutor.java:418)
	at com.kms.katalon.core.main.TestCaseExecutor.accessMainPhase(TestCaseExecutor.java:410)
	at com.kms.katalon.core.main.TestCaseExecutor.execute(TestCaseExecutor.java:285)
	at com.kms.katalon.core.main.TestCaseMain.runTestCase(TestCaseMain.java:142)
	at com.kms.katalon.core.keyword.builtin.CallTestCaseKeyword$_callTestCase_closure1.doCall(CallTestCaseKeyword.groovy:59)
	... 20 more]]></system-out>
         <system-err><![CDATA[2023-04-03 14:37:56 - [TEST_CASE][ERROR] - Test Cases/SCENARIO/Setup and Configuration/Special Dates/SD_TC.002 Search _by Name, up and low case character: Test Cases/SCENARIO/Setup and Configuration/Special Dates/SD_TC.002 Search _by Name, up and low case character FAILED.
Reason:
com.kms.katalon.core.exception.StepErrorException: Call Test Case 'Test Cases/login_scenario_manager' failed because of error(s)
	at com.kms.katalon.core.keyword.builtin.CallTestCaseKeyword$_callTestCase_closure1.doCall(CallTestCaseKeyword.groovy:66)
	at com.kms.katalon.core.keyword.builtin.CallTestCaseKeyword$_callTestCase_closure1.call(CallTestCaseKeyword.groovy)
	at com.kms.katalon.core.keyword.internal.KeywordMain.runKeyword(KeywordMain.groovy:74)
	at com.kms.katalon.core.keyword.builtin.CallTestCaseKeyword.callTestCase(CallTestCaseKeyword.groovy:81)
	at com.kms.katalon.core.keyword.builtin.CallTestCaseKeyword.execute(CallTestCaseKeyword.groovy:44)
	at com.kms.katalon.core.keyword.internal.KeywordExecutor.executeKeywordForPlatform(KeywordExecutor.groovy:74)
	at com.kms.katalon.core.keyword.BuiltinKeywords.callTestCase(BuiltinKeywords.groovy:334)
	at SD_TC.002 Search _by Name, up and low case character.run(SD_TC.002 Search _by Name, up and low case character:20)
	at com.kms.katalon.core.main.ScriptEngine.run(ScriptEngine.java:194)
	at com.kms.katalon.core.main.ScriptEngine.runScriptAsRawText(ScriptEngine.java:119)
	at com.kms.katalon.core.main.TestCaseExecutor.runScript(TestCaseExecutor.java:448)
	at com.kms.katalon.core.main.TestCaseExecutor.doExecute(TestCaseExecutor.java:439)
	at com.kms.katalon.core.main.TestCaseExecutor.processExecutionPhase(TestCaseExecutor.java:418)
	at com.kms.katalon.core.main.TestCaseExecutor.accessMainPhase(TestCaseExecutor.java:410)
	at com.kms.katalon.core.main.TestCaseExecutor.execute(TestCaseExecutor.java:285)
	at com.kms.katalon.core.common.CommonExecutor.accessTestCaseMainPhase(CommonExecutor.java:65)
	at com.kms.katalon.core.main.TestSuiteExecutor.accessTestSuiteMainPhase(TestSuiteExecutor.java:151)
	at com.kms.katalon.core.main.TestSuiteExecutor.execute(TestSuiteExecutor.java:106)
	at com.kms.katalon.core.main.TestCaseMain.startTestSuite(TestCaseMain.java:185)
	at com.kms.katalon.core.main.TestCaseMain$startTestSuite$0.call(Unknown Source)
	at TempTestSuite1680507442613.run(TempTestSuite1680507442613.groovy:36)
Caused by: groovy.lang.MissingPropertyException: No such property: login_url for class: internal.GlobalVariable
	at login_scenario_manager.run(login_scenario_manager:20)
	at com.kms.katalon.core.main.ScriptEngine.run(ScriptEngine.java:194)
	at com.kms.katalon.core.main.ScriptEngine.runScriptAsRawText(ScriptEngine.java:119)
	at com.kms.katalon.core.main.TestCaseExecutor.runScript(TestCaseExecutor.java:448)
	at com.kms.katalon.core.main.TestCaseExecutor.doExecute(TestCaseExecutor.java:439)
	at com.kms.katalon.core.main.TestCaseExecutor.processExecutionPhase(TestCaseExecutor.java:418)
	at com.kms.katalon.core.main.TestCaseExecutor.accessMainPhase(TestCaseExecutor.java:410)
	at com.kms.katalon.core.main.TestCaseExecutor.execute(TestCaseExecutor.java:285)
	at com.kms.katalon.core.main.TestCaseMain.runTestCase(TestCaseMain.java:142)
	at com.kms.katalon.core.keyword.builtin.CallTestCaseKeyword$_callTestCase_closure1.doCall(CallTestCaseKeyword.groovy:59)
	... 20 more]]></system-err>
      </testcase>
      <testcase name="Test Cases/SCENARIO/Setup and Configuration/Special Dates/SD_TC.003 Search _by start date" time="0.263" classname="Test Cases/SCENARIO/Setup and Configuration/Special Dates/SD_TC.003 Search _by start date" status="ERROR">
         <error type="ERROR" message="Test Cases/SCENARIO/Setup and Configuration/Special Dates/SD_TC.003 Search _by start date FAILED.
Reason:
org.codehaus.groovy.control.MultipleCompilationErrorsException: startup failed:
file:/D:/_Bayu%20Buana/BB_Automation/bb-internal-katalon/Scripts/SCENARIO/Setup%20and%20Configuration/Special%20Dates/SD_TC.003%20Search%20_by%20start%20date/Script1680503839049.groovy: 19: unable to resolve class com.github.javafaker.Faker
 @ line 19, column 1.
   import com.github.javafaker.Faker as Faker
   ^

1 error

	at com.kms.katalon.core.main.ScriptEngine.getScript(ScriptEngine.java:199)
	at com.kms.katalon.core.main.ScriptEngine.run(ScriptEngine.java:194)
	at com.kms.katalon.core.main.ScriptEngine.runScriptAsRawText(ScriptEngine.java:119)
	at com.kms.katalon.core.main.TestCaseExecutor.runScript(TestCaseExecutor.java:448)
	at com.kms.katalon.core.main.TestCaseExecutor.doExecute(TestCaseExecutor.java:439)
	at com.kms.katalon.core.main.TestCaseExecutor.processExecutionPhase(TestCaseExecutor.java:418)
	at com.kms.katalon.core.main.TestCaseExecutor.accessMainPhase(TestCaseExecutor.java:410)
	at com.kms.katalon.core.main.TestCaseExecutor.execute(TestCaseExecutor.java:285)
	at com.kms.katalon.core.common.CommonExecutor.accessTestCaseMainPhase(CommonExecutor.java:65)
	at com.kms.katalon.core.main.TestSuiteExecutor.accessTestSuiteMainPhase(TestSuiteExecutor.java:151)
	at com.kms.katalon.core.main.TestSuiteExecutor.execute(TestSuiteExecutor.java:106)
	at com.kms.katalon.core.main.TestCaseMain.startTestSuite(TestCaseMain.java:185)
	at com.kms.katalon.core.main.TestCaseMain$startTestSuite$0.call(Unknown Source)
	at TempTestSuite1680507442613.run(TempTestSuite1680507442613.groovy:36)
"/>
         <system-out><![CDATA[2023-04-03 14:37:57 - [TEST_CASE][ERROR] - Test Cases/SCENARIO/Setup and Configuration/Special Dates/SD_TC.003 Search _by start date: Test Cases/SCENARIO/Setup and Configuration/Special Dates/SD_TC.003 Search _by start date FAILED.
Reason:
org.codehaus.groovy.control.MultipleCompilationErrorsException: startup failed:
file:/D:/_Bayu%20Buana/BB_Automation/bb-internal-katalon/Scripts/SCENARIO/Setup%20and%20Configuration/Special%20Dates/SD_TC.003%20Search%20_by%20start%20date/Script1680503839049.groovy: 19: unable to resolve class com.github.javafaker.Faker
 @ line 19, column 1.
   import com.github.javafaker.Faker as Faker
   ^

1 error

	at com.kms.katalon.core.main.ScriptEngine.getScript(ScriptEngine.java:199)
	at com.kms.katalon.core.main.ScriptEngine.run(ScriptEngine.java:194)
	at com.kms.katalon.core.main.ScriptEngine.runScriptAsRawText(ScriptEngine.java:119)
	at com.kms.katalon.core.main.TestCaseExecutor.runScript(TestCaseExecutor.java:448)
	at com.kms.katalon.core.main.TestCaseExecutor.doExecute(TestCaseExecutor.java:439)
	at com.kms.katalon.core.main.TestCaseExecutor.processExecutionPhase(TestCaseExecutor.java:418)
	at com.kms.katalon.core.main.TestCaseExecutor.accessMainPhase(TestCaseExecutor.java:410)
	at com.kms.katalon.core.main.TestCaseExecutor.execute(TestCaseExecutor.java:285)
	at com.kms.katalon.core.common.CommonExecutor.accessTestCaseMainPhase(CommonExecutor.java:65)
	at com.kms.katalon.core.main.TestSuiteExecutor.accessTestSuiteMainPhase(TestSuiteExecutor.java:151)
	at com.kms.katalon.core.main.TestSuiteExecutor.execute(TestSuiteExecutor.java:106)
	at com.kms.katalon.core.main.TestCaseMain.startTestSuite(TestCaseMain.java:185)
	at com.kms.katalon.core.main.TestCaseMain$startTestSuite$0.call(Unknown Source)
	at TempTestSuite1680507442613.run(TempTestSuite1680507442613.groovy:36)]]></system-out>
         <system-err><![CDATA[2023-04-03 14:37:57 - [TEST_CASE][ERROR] - Test Cases/SCENARIO/Setup and Configuration/Special Dates/SD_TC.003 Search _by start date: Test Cases/SCENARIO/Setup and Configuration/Special Dates/SD_TC.003 Search _by start date FAILED.
Reason:
org.codehaus.groovy.control.MultipleCompilationErrorsException: startup failed:
file:/D:/_Bayu%20Buana/BB_Automation/bb-internal-katalon/Scripts/SCENARIO/Setup%20and%20Configuration/Special%20Dates/SD_TC.003%20Search%20_by%20start%20date/Script1680503839049.groovy: 19: unable to resolve class com.github.javafaker.Faker
 @ line 19, column 1.
   import com.github.javafaker.Faker as Faker
   ^

1 error

	at com.kms.katalon.core.main.ScriptEngine.getScript(ScriptEngine.java:199)
	at com.kms.katalon.core.main.ScriptEngine.run(ScriptEngine.java:194)
	at com.kms.katalon.core.main.ScriptEngine.runScriptAsRawText(ScriptEngine.java:119)
	at com.kms.katalon.core.main.TestCaseExecutor.runScript(TestCaseExecutor.java:448)
	at com.kms.katalon.core.main.TestCaseExecutor.doExecute(TestCaseExecutor.java:439)
	at com.kms.katalon.core.main.TestCaseExecutor.processExecutionPhase(TestCaseExecutor.java:418)
	at com.kms.katalon.core.main.TestCaseExecutor.accessMainPhase(TestCaseExecutor.java:410)
	at com.kms.katalon.core.main.TestCaseExecutor.execute(TestCaseExecutor.java:285)
	at com.kms.katalon.core.common.CommonExecutor.accessTestCaseMainPhase(CommonExecutor.java:65)
	at com.kms.katalon.core.main.TestSuiteExecutor.accessTestSuiteMainPhase(TestSuiteExecutor.java:151)
	at com.kms.katalon.core.main.TestSuiteExecutor.execute(TestSuiteExecutor.java:106)
	at com.kms.katalon.core.main.TestCaseMain.startTestSuite(TestCaseMain.java:185)
	at com.kms.katalon.core.main.TestCaseMain$startTestSuite$0.call(Unknown Source)
	at TempTestSuite1680507442613.run(TempTestSuite1680507442613.groovy:36)]]></system-err>
      </testcase>
      <testcase name="Test Cases/SCENARIO/Setup and Configuration/Special Dates/SD_TC.004 Search _by end date" time="0.33" classname="Test Cases/SCENARIO/Setup and Configuration/Special Dates/SD_TC.004 Search _by end date" status="ERROR">
         <error type="ERROR" message="Test Cases/SCENARIO/Setup and Configuration/Special Dates/SD_TC.004 Search _by end date FAILED.
Reason:
org.codehaus.groovy.control.MultipleCompilationErrorsException: startup failed:
file:/D:/_Bayu%20Buana/BB_Automation/bb-internal-katalon/Scripts/SCENARIO/Setup%20and%20Configuration/Special%20Dates/SD_TC.004%20Search%20_by%20end%20date/Script1680503839203.groovy: 19: unable to resolve class com.github.javafaker.Faker
 @ line 19, column 1.
   import com.github.javafaker.Faker as Faker
   ^

1 error

	at com.kms.katalon.core.main.ScriptEngine.getScript(ScriptEngine.java:199)
	at com.kms.katalon.core.main.ScriptEngine.run(ScriptEngine.java:194)
	at com.kms.katalon.core.main.ScriptEngine.runScriptAsRawText(ScriptEngine.java:119)
	at com.kms.katalon.core.main.TestCaseExecutor.runScript(TestCaseExecutor.java:448)
	at com.kms.katalon.core.main.TestCaseExecutor.doExecute(TestCaseExecutor.java:439)
	at com.kms.katalon.core.main.TestCaseExecutor.processExecutionPhase(TestCaseExecutor.java:418)
	at com.kms.katalon.core.main.TestCaseExecutor.accessMainPhase(TestCaseExecutor.java:410)
	at com.kms.katalon.core.main.TestCaseExecutor.execute(TestCaseExecutor.java:285)
	at com.kms.katalon.core.common.CommonExecutor.accessTestCaseMainPhase(CommonExecutor.java:65)
	at com.kms.katalon.core.main.TestSuiteExecutor.accessTestSuiteMainPhase(TestSuiteExecutor.java:151)
	at com.kms.katalon.core.main.TestSuiteExecutor.execute(TestSuiteExecutor.java:106)
	at com.kms.katalon.core.main.TestCaseMain.startTestSuite(TestCaseMain.java:185)
	at com.kms.katalon.core.main.TestCaseMain$startTestSuite$0.call(Unknown Source)
	at TempTestSuite1680507442613.run(TempTestSuite1680507442613.groovy:36)
"/>
         <system-out><![CDATA[2023-04-03 14:37:57 - [TEST_CASE][ERROR] - Test Cases/SCENARIO/Setup and Configuration/Special Dates/SD_TC.004 Search _by end date: Test Cases/SCENARIO/Setup and Configuration/Special Dates/SD_TC.004 Search _by end date FAILED.
Reason:
org.codehaus.groovy.control.MultipleCompilationErrorsException: startup failed:
file:/D:/_Bayu%20Buana/BB_Automation/bb-internal-katalon/Scripts/SCENARIO/Setup%20and%20Configuration/Special%20Dates/SD_TC.004%20Search%20_by%20end%20date/Script1680503839203.groovy: 19: unable to resolve class com.github.javafaker.Faker
 @ line 19, column 1.
   import com.github.javafaker.Faker as Faker
   ^

1 error

	at com.kms.katalon.core.main.ScriptEngine.getScript(ScriptEngine.java:199)
	at com.kms.katalon.core.main.ScriptEngine.run(ScriptEngine.java:194)
	at com.kms.katalon.core.main.ScriptEngine.runScriptAsRawText(ScriptEngine.java:119)
	at com.kms.katalon.core.main.TestCaseExecutor.runScript(TestCaseExecutor.java:448)
	at com.kms.katalon.core.main.TestCaseExecutor.doExecute(TestCaseExecutor.java:439)
	at com.kms.katalon.core.main.TestCaseExecutor.processExecutionPhase(TestCaseExecutor.java:418)
	at com.kms.katalon.core.main.TestCaseExecutor.accessMainPhase(TestCaseExecutor.java:410)
	at com.kms.katalon.core.main.TestCaseExecutor.execute(TestCaseExecutor.java:285)
	at com.kms.katalon.core.common.CommonExecutor.accessTestCaseMainPhase(CommonExecutor.java:65)
	at com.kms.katalon.core.main.TestSuiteExecutor.accessTestSuiteMainPhase(TestSuiteExecutor.java:151)
	at com.kms.katalon.core.main.TestSuiteExecutor.execute(TestSuiteExecutor.java:106)
	at com.kms.katalon.core.main.TestCaseMain.startTestSuite(TestCaseMain.java:185)
	at com.kms.katalon.core.main.TestCaseMain$startTestSuite$0.call(Unknown Source)
	at TempTestSuite1680507442613.run(TempTestSuite1680507442613.groovy:36)]]></system-out>
         <system-err><![CDATA[2023-04-03 14:37:57 - [TEST_CASE][ERROR] - Test Cases/SCENARIO/Setup and Configuration/Special Dates/SD_TC.004 Search _by end date: Test Cases/SCENARIO/Setup and Configuration/Special Dates/SD_TC.004 Search _by end date FAILED.
Reason:
org.codehaus.groovy.control.MultipleCompilationErrorsException: startup failed:
file:/D:/_Bayu%20Buana/BB_Automation/bb-internal-katalon/Scripts/SCENARIO/Setup%20and%20Configuration/Special%20Dates/SD_TC.004%20Search%20_by%20end%20date/Script1680503839203.groovy: 19: unable to resolve class com.github.javafaker.Faker
 @ line 19, column 1.
   import com.github.javafaker.Faker as Faker
   ^

1 error

	at com.kms.katalon.core.main.ScriptEngine.getScript(ScriptEngine.java:199)
	at com.kms.katalon.core.main.ScriptEngine.run(ScriptEngine.java:194)
	at com.kms.katalon.core.main.ScriptEngine.runScriptAsRawText(ScriptEngine.java:119)
	at com.kms.katalon.core.main.TestCaseExecutor.runScript(TestCaseExecutor.java:448)
	at com.kms.katalon.core.main.TestCaseExecutor.doExecute(TestCaseExecutor.java:439)
	at com.kms.katalon.core.main.TestCaseExecutor.processExecutionPhase(TestCaseExecutor.java:418)
	at com.kms.katalon.core.main.TestCaseExecutor.accessMainPhase(TestCaseExecutor.java:410)
	at com.kms.katalon.core.main.TestCaseExecutor.execute(TestCaseExecutor.java:285)
	at com.kms.katalon.core.common.CommonExecutor.accessTestCaseMainPhase(CommonExecutor.java:65)
	at com.kms.katalon.core.main.TestSuiteExecutor.accessTestSuiteMainPhase(TestSuiteExecutor.java:151)
	at com.kms.katalon.core.main.TestSuiteExecutor.execute(TestSuiteExecutor.java:106)
	at com.kms.katalon.core.main.TestCaseMain.startTestSuite(TestCaseMain.java:185)
	at com.kms.katalon.core.main.TestCaseMain$startTestSuite$0.call(Unknown Source)
	at TempTestSuite1680507442613.run(TempTestSuite1680507442613.groovy:36)]]></system-err>
      </testcase>
      <testcase name="Test Cases/SCENARIO/Setup and Configuration/Special Dates/SD_TC.005 Search _with text more than 256 character" time="0.394" classname="Test Cases/SCENARIO/Setup and Configuration/Special Dates/SD_TC.005 Search _with text more than 256 character" status="ERROR">
         <error type="ERROR" message="Test Cases/SCENARIO/Setup and Configuration/Special Dates/SD_TC.005 Search _with text more than 256 character FAILED.
Reason:
org.codehaus.groovy.control.MultipleCompilationErrorsException: startup failed:
file:/D:/_Bayu%20Buana/BB_Automation/bb-internal-katalon/Scripts/SCENARIO/Setup%20and%20Configuration/Special%20Dates/SD_TC.005%20Search%20_with%20text%20more%20than%20256%20character/Script1680503839350.groovy: 19: unable to resolve class com.github.javafaker.Faker
 @ line 19, column 1.
   import com.github.javafaker.Faker as Faker
   ^

1 error

	at com.kms.katalon.core.main.ScriptEngine.getScript(ScriptEngine.java:199)
	at com.kms.katalon.core.main.ScriptEngine.run(ScriptEngine.java:194)
	at com.kms.katalon.core.main.ScriptEngine.runScriptAsRawText(ScriptEngine.java:119)
	at com.kms.katalon.core.main.TestCaseExecutor.runScript(TestCaseExecutor.java:448)
	at com.kms.katalon.core.main.TestCaseExecutor.doExecute(TestCaseExecutor.java:439)
	at com.kms.katalon.core.main.TestCaseExecutor.processExecutionPhase(TestCaseExecutor.java:418)
	at com.kms.katalon.core.main.TestCaseExecutor.accessMainPhase(TestCaseExecutor.java:410)
	at com.kms.katalon.core.main.TestCaseExecutor.execute(TestCaseExecutor.java:285)
	at com.kms.katalon.core.common.CommonExecutor.accessTestCaseMainPhase(CommonExecutor.java:65)
	at com.kms.katalon.core.main.TestSuiteExecutor.accessTestSuiteMainPhase(TestSuiteExecutor.java:151)
	at com.kms.katalon.core.main.TestSuiteExecutor.execute(TestSuiteExecutor.java:106)
	at com.kms.katalon.core.main.TestCaseMain.startTestSuite(TestCaseMain.java:185)
	at com.kms.katalon.core.main.TestCaseMain$startTestSuite$0.call(Unknown Source)
	at TempTestSuite1680507442613.run(TempTestSuite1680507442613.groovy:36)
"/>
         <system-out><![CDATA[2023-04-03 14:37:57 - [TEST_CASE][ERROR] - Test Cases/SCENARIO/Setup and Configuration/Special Dates/SD_TC.005 Search _with text more than 256 character: Test Cases/SCENARIO/Setup and Configuration/Special Dates/SD_TC.005 Search _with text more than 256 character FAILED.
Reason:
org.codehaus.groovy.control.MultipleCompilationErrorsException: startup failed:
file:/D:/_Bayu%20Buana/BB_Automation/bb-internal-katalon/Scripts/SCENARIO/Setup%20and%20Configuration/Special%20Dates/SD_TC.005%20Search%20_with%20text%20more%20than%20256%20character/Script1680503839350.groovy: 19: unable to resolve class com.github.javafaker.Faker
 @ line 19, column 1.
   import com.github.javafaker.Faker as Faker
   ^

1 error

	at com.kms.katalon.core.main.ScriptEngine.getScript(ScriptEngine.java:199)
	at com.kms.katalon.core.main.ScriptEngine.run(ScriptEngine.java:194)
	at com.kms.katalon.core.main.ScriptEngine.runScriptAsRawText(ScriptEngine.java:119)
	at com.kms.katalon.core.main.TestCaseExecutor.runScript(TestCaseExecutor.java:448)
	at com.kms.katalon.core.main.TestCaseExecutor.doExecute(TestCaseExecutor.java:439)
	at com.kms.katalon.core.main.TestCaseExecutor.processExecutionPhase(TestCaseExecutor.java:418)
	at com.kms.katalon.core.main.TestCaseExecutor.accessMainPhase(TestCaseExecutor.java:410)
	at com.kms.katalon.core.main.TestCaseExecutor.execute(TestCaseExecutor.java:285)
	at com.kms.katalon.core.common.CommonExecutor.accessTestCaseMainPhase(CommonExecutor.java:65)
	at com.kms.katalon.core.main.TestSuiteExecutor.accessTestSuiteMainPhase(TestSuiteExecutor.java:151)
	at com.kms.katalon.core.main.TestSuiteExecutor.execute(TestSuiteExecutor.java:106)
	at com.kms.katalon.core.main.TestCaseMain.startTestSuite(TestCaseMain.java:185)
	at com.kms.katalon.core.main.TestCaseMain$startTestSuite$0.call(Unknown Source)
	at TempTestSuite1680507442613.run(TempTestSuite1680507442613.groovy:36)]]></system-out>
         <system-err><![CDATA[2023-04-03 14:37:57 - [TEST_CASE][ERROR] - Test Cases/SCENARIO/Setup and Configuration/Special Dates/SD_TC.005 Search _with text more than 256 character: Test Cases/SCENARIO/Setup and Configuration/Special Dates/SD_TC.005 Search _with text more than 256 character FAILED.
Reason:
org.codehaus.groovy.control.MultipleCompilationErrorsException: startup failed:
file:/D:/_Bayu%20Buana/BB_Automation/bb-internal-katalon/Scripts/SCENARIO/Setup%20and%20Configuration/Special%20Dates/SD_TC.005%20Search%20_with%20text%20more%20than%20256%20character/Script1680503839350.groovy: 19: unable to resolve class com.github.javafaker.Faker
 @ line 19, column 1.
   import com.github.javafaker.Faker as Faker
   ^

1 error

	at com.kms.katalon.core.main.ScriptEngine.getScript(ScriptEngine.java:199)
	at com.kms.katalon.core.main.ScriptEngine.run(ScriptEngine.java:194)
	at com.kms.katalon.core.main.ScriptEngine.runScriptAsRawText(ScriptEngine.java:119)
	at com.kms.katalon.core.main.TestCaseExecutor.runScript(TestCaseExecutor.java:448)
	at com.kms.katalon.core.main.TestCaseExecutor.doExecute(TestCaseExecutor.java:439)
	at com.kms.katalon.core.main.TestCaseExecutor.processExecutionPhase(TestCaseExecutor.java:418)
	at com.kms.katalon.core.main.TestCaseExecutor.accessMainPhase(TestCaseExecutor.java:410)
	at com.kms.katalon.core.main.TestCaseExecutor.execute(TestCaseExecutor.java:285)
	at com.kms.katalon.core.common.CommonExecutor.accessTestCaseMainPhase(CommonExecutor.java:65)
	at com.kms.katalon.core.main.TestSuiteExecutor.accessTestSuiteMainPhase(TestSuiteExecutor.java:151)
	at com.kms.katalon.core.main.TestSuiteExecutor.execute(TestSuiteExecutor.java:106)
	at com.kms.katalon.core.main.TestCaseMain.startTestSuite(TestCaseMain.java:185)
	at com.kms.katalon.core.main.TestCaseMain$startTestSuite$0.call(Unknown Source)
	at TempTestSuite1680507442613.run(TempTestSuite1680507442613.groovy:36)]]></system-err>
      </testcase>
      <testcase name="Test Cases/SCENARIO/Setup and Configuration/Special Dates/SD_TC.006 Search _data does not exist" time="0.272" classname="Test Cases/SCENARIO/Setup and Configuration/Special Dates/SD_TC.006 Search _data does not exist" status="ERROR">
         <error type="ERROR" message="Test Cases/SCENARIO/Setup and Configuration/Special Dates/SD_TC.006 Search _data does not exist FAILED.
Reason:
org.codehaus.groovy.control.MultipleCompilationErrorsException: startup failed:
file:/D:/_Bayu%20Buana/BB_Automation/bb-internal-katalon/Scripts/SCENARIO/Setup%20and%20Configuration/Special%20Dates/SD_TC.006%20Search%20_data%20does%20not%20exist/Script1680503839488.groovy: 19: unable to resolve class com.github.javafaker.Faker
 @ line 19, column 1.
   import com.github.javafaker.Faker as Faker
   ^

1 error

	at com.kms.katalon.core.main.ScriptEngine.getScript(ScriptEngine.java:199)
	at com.kms.katalon.core.main.ScriptEngine.run(ScriptEngine.java:194)
	at com.kms.katalon.core.main.ScriptEngine.runScriptAsRawText(ScriptEngine.java:119)
	at com.kms.katalon.core.main.TestCaseExecutor.runScript(TestCaseExecutor.java:448)
	at com.kms.katalon.core.main.TestCaseExecutor.doExecute(TestCaseExecutor.java:439)
	at com.kms.katalon.core.main.TestCaseExecutor.processExecutionPhase(TestCaseExecutor.java:418)
	at com.kms.katalon.core.main.TestCaseExecutor.accessMainPhase(TestCaseExecutor.java:410)
	at com.kms.katalon.core.main.TestCaseExecutor.execute(TestCaseExecutor.java:285)
	at com.kms.katalon.core.common.CommonExecutor.accessTestCaseMainPhase(CommonExecutor.java:65)
	at com.kms.katalon.core.main.TestSuiteExecutor.accessTestSuiteMainPhase(TestSuiteExecutor.java:151)
	at com.kms.katalon.core.main.TestSuiteExecutor.execute(TestSuiteExecutor.java:106)
	at com.kms.katalon.core.main.TestCaseMain.startTestSuite(TestCaseMain.java:185)
	at com.kms.katalon.core.main.TestCaseMain$startTestSuite$0.call(Unknown Source)
	at TempTestSuite1680507442613.run(TempTestSuite1680507442613.groovy:36)
"/>
         <system-out><![CDATA[2023-04-03 14:37:58 - [TEST_CASE][ERROR] - Test Cases/SCENARIO/Setup and Configuration/Special Dates/SD_TC.006 Search _data does not exist: Test Cases/SCENARIO/Setup and Configuration/Special Dates/SD_TC.006 Search _data does not exist FAILED.
Reason:
org.codehaus.groovy.control.MultipleCompilationErrorsException: startup failed:
file:/D:/_Bayu%20Buana/BB_Automation/bb-internal-katalon/Scripts/SCENARIO/Setup%20and%20Configuration/Special%20Dates/SD_TC.006%20Search%20_data%20does%20not%20exist/Script1680503839488.groovy: 19: unable to resolve class com.github.javafaker.Faker
 @ line 19, column 1.
   import com.github.javafaker.Faker as Faker
   ^

1 error

	at com.kms.katalon.core.main.ScriptEngine.getScript(ScriptEngine.java:199)
	at com.kms.katalon.core.main.ScriptEngine.run(ScriptEngine.java:194)
	at com.kms.katalon.core.main.ScriptEngine.runScriptAsRawText(ScriptEngine.java:119)
	at com.kms.katalon.core.main.TestCaseExecutor.runScript(TestCaseExecutor.java:448)
	at com.kms.katalon.core.main.TestCaseExecutor.doExecute(TestCaseExecutor.java:439)
	at com.kms.katalon.core.main.TestCaseExecutor.processExecutionPhase(TestCaseExecutor.java:418)
	at com.kms.katalon.core.main.TestCaseExecutor.accessMainPhase(TestCaseExecutor.java:410)
	at com.kms.katalon.core.main.TestCaseExecutor.execute(TestCaseExecutor.java:285)
	at com.kms.katalon.core.common.CommonExecutor.accessTestCaseMainPhase(CommonExecutor.java:65)
	at com.kms.katalon.core.main.TestSuiteExecutor.accessTestSuiteMainPhase(TestSuiteExecutor.java:151)
	at com.kms.katalon.core.main.TestSuiteExecutor.execute(TestSuiteExecutor.java:106)
	at com.kms.katalon.core.main.TestCaseMain.startTestSuite(TestCaseMain.java:185)
	at com.kms.katalon.core.main.TestCaseMain$startTestSuite$0.call(Unknown Source)
	at TempTestSuite1680507442613.run(TempTestSuite1680507442613.groovy:36)]]></system-out>
         <system-err><![CDATA[2023-04-03 14:37:58 - [TEST_CASE][ERROR] - Test Cases/SCENARIO/Setup and Configuration/Special Dates/SD_TC.006 Search _data does not exist: Test Cases/SCENARIO/Setup and Configuration/Special Dates/SD_TC.006 Search _data does not exist FAILED.
Reason:
org.codehaus.groovy.control.MultipleCompilationErrorsException: startup failed:
file:/D:/_Bayu%20Buana/BB_Automation/bb-internal-katalon/Scripts/SCENARIO/Setup%20and%20Configuration/Special%20Dates/SD_TC.006%20Search%20_data%20does%20not%20exist/Script1680503839488.groovy: 19: unable to resolve class com.github.javafaker.Faker
 @ line 19, column 1.
   import com.github.javafaker.Faker as Faker
   ^

1 error

	at com.kms.katalon.core.main.ScriptEngine.getScript(ScriptEngine.java:199)
	at com.kms.katalon.core.main.ScriptEngine.run(ScriptEngine.java:194)
	at com.kms.katalon.core.main.ScriptEngine.runScriptAsRawText(ScriptEngine.java:119)
	at com.kms.katalon.core.main.TestCaseExecutor.runScript(TestCaseExecutor.java:448)
	at com.kms.katalon.core.main.TestCaseExecutor.doExecute(TestCaseExecutor.java:439)
	at com.kms.katalon.core.main.TestCaseExecutor.processExecutionPhase(TestCaseExecutor.java:418)
	at com.kms.katalon.core.main.TestCaseExecutor.accessMainPhase(TestCaseExecutor.java:410)
	at com.kms.katalon.core.main.TestCaseExecutor.execute(TestCaseExecutor.java:285)
	at com.kms.katalon.core.common.CommonExecutor.accessTestCaseMainPhase(CommonExecutor.java:65)
	at com.kms.katalon.core.main.TestSuiteExecutor.accessTestSuiteMainPhase(TestSuiteExecutor.java:151)
	at com.kms.katalon.core.main.TestSuiteExecutor.execute(TestSuiteExecutor.java:106)
	at com.kms.katalon.core.main.TestCaseMain.startTestSuite(TestCaseMain.java:185)
	at com.kms.katalon.core.main.TestCaseMain$startTestSuite$0.call(Unknown Source)
	at TempTestSuite1680507442613.run(TempTestSuite1680507442613.groovy:36)]]></system-err>
      </testcase>
      <testcase name="Test Cases/SCENARIO/Setup and Configuration/Special Dates/SD_TC.007 Filter" time="0.291" classname="Test Cases/SCENARIO/Setup and Configuration/Special Dates/SD_TC.007 Filter" status="ERROR">
         <error type="ERROR" message="Test Cases/SCENARIO/Setup and Configuration/Special Dates/SD_TC.007 Filter FAILED.
Reason:
org.codehaus.groovy.control.MultipleCompilationErrorsException: startup failed:
file:/D:/_Bayu%20Buana/BB_Automation/bb-internal-katalon/Scripts/SCENARIO/Setup%20and%20Configuration/Special%20Dates/SD_TC.007%20Filter/Script1680503839619.groovy: 38: unable to resolve class com.github.javafaker.Faker
 @ line 38, column 1.
   import com.github.javafaker.Faker as Faker
   ^

1 error

	at com.kms.katalon.core.main.ScriptEngine.getScript(ScriptEngine.java:199)
	at com.kms.katalon.core.main.ScriptEngine.run(ScriptEngine.java:194)
	at com.kms.katalon.core.main.ScriptEngine.runScriptAsRawText(ScriptEngine.java:119)
	at com.kms.katalon.core.main.TestCaseExecutor.runScript(TestCaseExecutor.java:448)
	at com.kms.katalon.core.main.TestCaseExecutor.doExecute(TestCaseExecutor.java:439)
	at com.kms.katalon.core.main.TestCaseExecutor.processExecutionPhase(TestCaseExecutor.java:418)
	at com.kms.katalon.core.main.TestCaseExecutor.accessMainPhase(TestCaseExecutor.java:410)
	at com.kms.katalon.core.main.TestCaseExecutor.execute(TestCaseExecutor.java:285)
	at com.kms.katalon.core.common.CommonExecutor.accessTestCaseMainPhase(CommonExecutor.java:65)
	at com.kms.katalon.core.main.TestSuiteExecutor.accessTestSuiteMainPhase(TestSuiteExecutor.java:151)
	at com.kms.katalon.core.main.TestSuiteExecutor.execute(TestSuiteExecutor.java:106)
	at com.kms.katalon.core.main.TestCaseMain.startTestSuite(TestCaseMain.java:185)
	at com.kms.katalon.core.main.TestCaseMain$startTestSuite$0.call(Unknown Source)
	at TempTestSuite1680507442613.run(TempTestSuite1680507442613.groovy:36)
"/>
         <system-out><![CDATA[2023-04-03 14:37:58 - [TEST_CASE][ERROR] - Test Cases/SCENARIO/Setup and Configuration/Special Dates/SD_TC.007 Filter: Test Cases/SCENARIO/Setup and Configuration/Special Dates/SD_TC.007 Filter FAILED.
Reason:
org.codehaus.groovy.control.MultipleCompilationErrorsException: startup failed:
file:/D:/_Bayu%20Buana/BB_Automation/bb-internal-katalon/Scripts/SCENARIO/Setup%20and%20Configuration/Special%20Dates/SD_TC.007%20Filter/Script1680503839619.groovy: 38: unable to resolve class com.github.javafaker.Faker
 @ line 38, column 1.
   import com.github.javafaker.Faker as Faker
   ^

1 error

	at com.kms.katalon.core.main.ScriptEngine.getScript(ScriptEngine.java:199)
	at com.kms.katalon.core.main.ScriptEngine.run(ScriptEngine.java:194)
	at com.kms.katalon.core.main.ScriptEngine.runScriptAsRawText(ScriptEngine.java:119)
	at com.kms.katalon.core.main.TestCaseExecutor.runScript(TestCaseExecutor.java:448)
	at com.kms.katalon.core.main.TestCaseExecutor.doExecute(TestCaseExecutor.java:439)
	at com.kms.katalon.core.main.TestCaseExecutor.processExecutionPhase(TestCaseExecutor.java:418)
	at com.kms.katalon.core.main.TestCaseExecutor.accessMainPhase(TestCaseExecutor.java:410)
	at com.kms.katalon.core.main.TestCaseExecutor.execute(TestCaseExecutor.java:285)
	at com.kms.katalon.core.common.CommonExecutor.accessTestCaseMainPhase(CommonExecutor.java:65)
	at com.kms.katalon.core.main.TestSuiteExecutor.accessTestSuiteMainPhase(TestSuiteExecutor.java:151)
	at com.kms.katalon.core.main.TestSuiteExecutor.execute(TestSuiteExecutor.java:106)
	at com.kms.katalon.core.main.TestCaseMain.startTestSuite(TestCaseMain.java:185)
	at com.kms.katalon.core.main.TestCaseMain$startTestSuite$0.call(Unknown Source)
	at TempTestSuite1680507442613.run(TempTestSuite1680507442613.groovy:36)]]></system-out>
         <system-err><![CDATA[2023-04-03 14:37:58 - [TEST_CASE][ERROR] - Test Cases/SCENARIO/Setup and Configuration/Special Dates/SD_TC.007 Filter: Test Cases/SCENARIO/Setup and Configuration/Special Dates/SD_TC.007 Filter FAILED.
Reason:
org.codehaus.groovy.control.MultipleCompilationErrorsException: startup failed:
file:/D:/_Bayu%20Buana/BB_Automation/bb-internal-katalon/Scripts/SCENARIO/Setup%20and%20Configuration/Special%20Dates/SD_TC.007%20Filter/Script1680503839619.groovy: 38: unable to resolve class com.github.javafaker.Faker
 @ line 38, column 1.
   import com.github.javafaker.Faker as Faker
   ^

1 error

	at com.kms.katalon.core.main.ScriptEngine.getScript(ScriptEngine.java:199)
	at com.kms.katalon.core.main.ScriptEngine.run(ScriptEngine.java:194)
	at com.kms.katalon.core.main.ScriptEngine.runScriptAsRawText(ScriptEngine.java:119)
	at com.kms.katalon.core.main.TestCaseExecutor.runScript(TestCaseExecutor.java:448)
	at com.kms.katalon.core.main.TestCaseExecutor.doExecute(TestCaseExecutor.java:439)
	at com.kms.katalon.core.main.TestCaseExecutor.processExecutionPhase(TestCaseExecutor.java:418)
	at com.kms.katalon.core.main.TestCaseExecutor.accessMainPhase(TestCaseExecutor.java:410)
	at com.kms.katalon.core.main.TestCaseExecutor.execute(TestCaseExecutor.java:285)
	at com.kms.katalon.core.common.CommonExecutor.accessTestCaseMainPhase(CommonExecutor.java:65)
	at com.kms.katalon.core.main.TestSuiteExecutor.accessTestSuiteMainPhase(TestSuiteExecutor.java:151)
	at com.kms.katalon.core.main.TestSuiteExecutor.execute(TestSuiteExecutor.java:106)
	at com.kms.katalon.core.main.TestCaseMain.startTestSuite(TestCaseMain.java:185)
	at com.kms.katalon.core.main.TestCaseMain$startTestSuite$0.call(Unknown Source)
	at TempTestSuite1680507442613.run(TempTestSuite1680507442613.groovy:36)]]></system-err>
      </testcase>
      <testcase name="Test Cases/SCENARIO/Setup and Configuration/Special Dates/SD_TC.008 Filter _reset filter" time="0.292" classname="Test Cases/SCENARIO/Setup and Configuration/Special Dates/SD_TC.008 Filter _reset filter" status="ERROR">
         <error type="ERROR" message="Test Cases/SCENARIO/Setup and Configuration/Special Dates/SD_TC.008 Filter _reset filter FAILED.
Reason:
org.codehaus.groovy.control.MultipleCompilationErrorsException: startup failed:
file:/D:/_Bayu%20Buana/BB_Automation/bb-internal-katalon/Scripts/SCENARIO/Setup%20and%20Configuration/Special%20Dates/SD_TC.008%20Filter%20_reset%20filter/Script1680503839751.groovy: 38: unable to resolve class com.github.javafaker.Faker
 @ line 38, column 1.
   import com.github.javafaker.Faker as Faker
   ^

1 error

	at com.kms.katalon.core.main.ScriptEngine.getScript(ScriptEngine.java:199)
	at com.kms.katalon.core.main.ScriptEngine.run(ScriptEngine.java:194)
	at com.kms.katalon.core.main.ScriptEngine.runScriptAsRawText(ScriptEngine.java:119)
	at com.kms.katalon.core.main.TestCaseExecutor.runScript(TestCaseExecutor.java:448)
	at com.kms.katalon.core.main.TestCaseExecutor.doExecute(TestCaseExecutor.java:439)
	at com.kms.katalon.core.main.TestCaseExecutor.processExecutionPhase(TestCaseExecutor.java:418)
	at com.kms.katalon.core.main.TestCaseExecutor.accessMainPhase(TestCaseExecutor.java:410)
	at com.kms.katalon.core.main.TestCaseExecutor.execute(TestCaseExecutor.java:285)
	at com.kms.katalon.core.common.CommonExecutor.accessTestCaseMainPhase(CommonExecutor.java:65)
	at com.kms.katalon.core.main.TestSuiteExecutor.accessTestSuiteMainPhase(TestSuiteExecutor.java:151)
	at com.kms.katalon.core.main.TestSuiteExecutor.execute(TestSuiteExecutor.java:106)
	at com.kms.katalon.core.main.TestCaseMain.startTestSuite(TestCaseMain.java:185)
	at com.kms.katalon.core.main.TestCaseMain$startTestSuite$0.call(Unknown Source)
	at TempTestSuite1680507442613.run(TempTestSuite1680507442613.groovy:36)
"/>
         <system-out><![CDATA[2023-04-03 14:37:58 - [TEST_CASE][ERROR] - Test Cases/SCENARIO/Setup and Configuration/Special Dates/SD_TC.008 Filter _reset filter: Test Cases/SCENARIO/Setup and Configuration/Special Dates/SD_TC.008 Filter _reset filter FAILED.
Reason:
org.codehaus.groovy.control.MultipleCompilationErrorsException: startup failed:
file:/D:/_Bayu%20Buana/BB_Automation/bb-internal-katalon/Scripts/SCENARIO/Setup%20and%20Configuration/Special%20Dates/SD_TC.008%20Filter%20_reset%20filter/Script1680503839751.groovy: 38: unable to resolve class com.github.javafaker.Faker
 @ line 38, column 1.
   import com.github.javafaker.Faker as Faker
   ^

1 error

	at com.kms.katalon.core.main.ScriptEngine.getScript(ScriptEngine.java:199)
	at com.kms.katalon.core.main.ScriptEngine.run(ScriptEngine.java:194)
	at com.kms.katalon.core.main.ScriptEngine.runScriptAsRawText(ScriptEngine.java:119)
	at com.kms.katalon.core.main.TestCaseExecutor.runScript(TestCaseExecutor.java:448)
	at com.kms.katalon.core.main.TestCaseExecutor.doExecute(TestCaseExecutor.java:439)
	at com.kms.katalon.core.main.TestCaseExecutor.processExecutionPhase(TestCaseExecutor.java:418)
	at com.kms.katalon.core.main.TestCaseExecutor.accessMainPhase(TestCaseExecutor.java:410)
	at com.kms.katalon.core.main.TestCaseExecutor.execute(TestCaseExecutor.java:285)
	at com.kms.katalon.core.common.CommonExecutor.accessTestCaseMainPhase(CommonExecutor.java:65)
	at com.kms.katalon.core.main.TestSuiteExecutor.accessTestSuiteMainPhase(TestSuiteExecutor.java:151)
	at com.kms.katalon.core.main.TestSuiteExecutor.execute(TestSuiteExecutor.java:106)
	at com.kms.katalon.core.main.TestCaseMain.startTestSuite(TestCaseMain.java:185)
	at com.kms.katalon.core.main.TestCaseMain$startTestSuite$0.call(Unknown Source)
	at TempTestSuite1680507442613.run(TempTestSuite1680507442613.groovy:36)]]></system-out>
         <system-err><![CDATA[2023-04-03 14:37:58 - [TEST_CASE][ERROR] - Test Cases/SCENARIO/Setup and Configuration/Special Dates/SD_TC.008 Filter _reset filter: Test Cases/SCENARIO/Setup and Configuration/Special Dates/SD_TC.008 Filter _reset filter FAILED.
Reason:
org.codehaus.groovy.control.MultipleCompilationErrorsException: startup failed:
file:/D:/_Bayu%20Buana/BB_Automation/bb-internal-katalon/Scripts/SCENARIO/Setup%20and%20Configuration/Special%20Dates/SD_TC.008%20Filter%20_reset%20filter/Script1680503839751.groovy: 38: unable to resolve class com.github.javafaker.Faker
 @ line 38, column 1.
   import com.github.javafaker.Faker as Faker
   ^

1 error

	at com.kms.katalon.core.main.ScriptEngine.getScript(ScriptEngine.java:199)
	at com.kms.katalon.core.main.ScriptEngine.run(ScriptEngine.java:194)
	at com.kms.katalon.core.main.ScriptEngine.runScriptAsRawText(ScriptEngine.java:119)
	at com.kms.katalon.core.main.TestCaseExecutor.runScript(TestCaseExecutor.java:448)
	at com.kms.katalon.core.main.TestCaseExecutor.doExecute(TestCaseExecutor.java:439)
	at com.kms.katalon.core.main.TestCaseExecutor.processExecutionPhase(TestCaseExecutor.java:418)
	at com.kms.katalon.core.main.TestCaseExecutor.accessMainPhase(TestCaseExecutor.java:410)
	at com.kms.katalon.core.main.TestCaseExecutor.execute(TestCaseExecutor.java:285)
	at com.kms.katalon.core.common.CommonExecutor.accessTestCaseMainPhase(CommonExecutor.java:65)
	at com.kms.katalon.core.main.TestSuiteExecutor.accessTestSuiteMainPhase(TestSuiteExecutor.java:151)
	at com.kms.katalon.core.main.TestSuiteExecutor.execute(TestSuiteExecutor.java:106)
	at com.kms.katalon.core.main.TestCaseMain.startTestSuite(TestCaseMain.java:185)
	at com.kms.katalon.core.main.TestCaseMain$startTestSuite$0.call(Unknown Source)
	at TempTestSuite1680507442613.run(TempTestSuite1680507442613.groovy:36)]]></system-err>
      </testcase>
      <testcase name="Test Cases/SCENARIO/Setup and Configuration/Special Dates/SD_TC.009 View Calendar" time="0.252" classname="Test Cases/SCENARIO/Setup and Configuration/Special Dates/SD_TC.009 View Calendar" status="ERROR">
         <error type="ERROR" message="Test Cases/SCENARIO/Setup and Configuration/Special Dates/SD_TC.009 View Calendar FAILED.
Reason:
org.codehaus.groovy.control.MultipleCompilationErrorsException: startup failed:
file:/D:/_Bayu%20Buana/BB_Automation/bb-internal-katalon/Scripts/SCENARIO/Setup%20and%20Configuration/Special%20Dates/SD_TC.009%20View%20Calendar/Script1680503839889.groovy: 38: unable to resolve class com.github.javafaker.Faker
 @ line 38, column 1.
   import com.github.javafaker.Faker as Faker
   ^

1 error

	at com.kms.katalon.core.main.ScriptEngine.getScript(ScriptEngine.java:199)
	at com.kms.katalon.core.main.ScriptEngine.run(ScriptEngine.java:194)
	at com.kms.katalon.core.main.ScriptEngine.runScriptAsRawText(ScriptEngine.java:119)
	at com.kms.katalon.core.main.TestCaseExecutor.runScript(TestCaseExecutor.java:448)
	at com.kms.katalon.core.main.TestCaseExecutor.doExecute(TestCaseExecutor.java:439)
	at com.kms.katalon.core.main.TestCaseExecutor.processExecutionPhase(TestCaseExecutor.java:418)
	at com.kms.katalon.core.main.TestCaseExecutor.accessMainPhase(TestCaseExecutor.java:410)
	at com.kms.katalon.core.main.TestCaseExecutor.execute(TestCaseExecutor.java:285)
	at com.kms.katalon.core.common.CommonExecutor.accessTestCaseMainPhase(CommonExecutor.java:65)
	at com.kms.katalon.core.main.TestSuiteExecutor.accessTestSuiteMainPhase(TestSuiteExecutor.java:151)
	at com.kms.katalon.core.main.TestSuiteExecutor.execute(TestSuiteExecutor.java:106)
	at com.kms.katalon.core.main.TestCaseMain.startTestSuite(TestCaseMain.java:185)
	at com.kms.katalon.core.main.TestCaseMain$startTestSuite$0.call(Unknown Source)
	at TempTestSuite1680507442613.run(TempTestSuite1680507442613.groovy:36)
"/>
         <system-out><![CDATA[2023-04-03 14:37:59 - [TEST_CASE][ERROR] - Test Cases/SCENARIO/Setup and Configuration/Special Dates/SD_TC.009 View Calendar: Test Cases/SCENARIO/Setup and Configuration/Special Dates/SD_TC.009 View Calendar FAILED.
Reason:
org.codehaus.groovy.control.MultipleCompilationErrorsException: startup failed:
file:/D:/_Bayu%20Buana/BB_Automation/bb-internal-katalon/Scripts/SCENARIO/Setup%20and%20Configuration/Special%20Dates/SD_TC.009%20View%20Calendar/Script1680503839889.groovy: 38: unable to resolve class com.github.javafaker.Faker
 @ line 38, column 1.
   import com.github.javafaker.Faker as Faker
   ^

1 error

	at com.kms.katalon.core.main.ScriptEngine.getScript(ScriptEngine.java:199)
	at com.kms.katalon.core.main.ScriptEngine.run(ScriptEngine.java:194)
	at com.kms.katalon.core.main.ScriptEngine.runScriptAsRawText(ScriptEngine.java:119)
	at com.kms.katalon.core.main.TestCaseExecutor.runScript(TestCaseExecutor.java:448)
	at com.kms.katalon.core.main.TestCaseExecutor.doExecute(TestCaseExecutor.java:439)
	at com.kms.katalon.core.main.TestCaseExecutor.processExecutionPhase(TestCaseExecutor.java:418)
	at com.kms.katalon.core.main.TestCaseExecutor.accessMainPhase(TestCaseExecutor.java:410)
	at com.kms.katalon.core.main.TestCaseExecutor.execute(TestCaseExecutor.java:285)
	at com.kms.katalon.core.common.CommonExecutor.accessTestCaseMainPhase(CommonExecutor.java:65)
	at com.kms.katalon.core.main.TestSuiteExecutor.accessTestSuiteMainPhase(TestSuiteExecutor.java:151)
	at com.kms.katalon.core.main.TestSuiteExecutor.execute(TestSuiteExecutor.java:106)
	at com.kms.katalon.core.main.TestCaseMain.startTestSuite(TestCaseMain.java:185)
	at com.kms.katalon.core.main.TestCaseMain$startTestSuite$0.call(Unknown Source)
	at TempTestSuite1680507442613.run(TempTestSuite1680507442613.groovy:36)]]></system-out>
         <system-err><![CDATA[2023-04-03 14:37:59 - [TEST_CASE][ERROR] - Test Cases/SCENARIO/Setup and Configuration/Special Dates/SD_TC.009 View Calendar: Test Cases/SCENARIO/Setup and Configuration/Special Dates/SD_TC.009 View Calendar FAILED.
Reason:
org.codehaus.groovy.control.MultipleCompilationErrorsException: startup failed:
file:/D:/_Bayu%20Buana/BB_Automation/bb-internal-katalon/Scripts/SCENARIO/Setup%20and%20Configuration/Special%20Dates/SD_TC.009%20View%20Calendar/Script1680503839889.groovy: 38: unable to resolve class com.github.javafaker.Faker
 @ line 38, column 1.
   import com.github.javafaker.Faker as Faker
   ^

1 error

	at com.kms.katalon.core.main.ScriptEngine.getScript(ScriptEngine.java:199)
	at com.kms.katalon.core.main.ScriptEngine.run(ScriptEngine.java:194)
	at com.kms.katalon.core.main.ScriptEngine.runScriptAsRawText(ScriptEngine.java:119)
	at com.kms.katalon.core.main.TestCaseExecutor.runScript(TestCaseExecutor.java:448)
	at com.kms.katalon.core.main.TestCaseExecutor.doExecute(TestCaseExecutor.java:439)
	at com.kms.katalon.core.main.TestCaseExecutor.processExecutionPhase(TestCaseExecutor.java:418)
	at com.kms.katalon.core.main.TestCaseExecutor.accessMainPhase(TestCaseExecutor.java:410)
	at com.kms.katalon.core.main.TestCaseExecutor.execute(TestCaseExecutor.java:285)
	at com.kms.katalon.core.common.CommonExecutor.accessTestCaseMainPhase(CommonExecutor.java:65)
	at com.kms.katalon.core.main.TestSuiteExecutor.accessTestSuiteMainPhase(TestSuiteExecutor.java:151)
	at com.kms.katalon.core.main.TestSuiteExecutor.execute(TestSuiteExecutor.java:106)
	at com.kms.katalon.core.main.TestCaseMain.startTestSuite(TestCaseMain.java:185)
	at com.kms.katalon.core.main.TestCaseMain$startTestSuite$0.call(Unknown Source)
	at TempTestSuite1680507442613.run(TempTestSuite1680507442613.groovy:36)]]></system-err>
      </testcase>
      <testcase name="Test Cases/SCENARIO/Setup and Configuration/Special Dates/SD_TC.020 Create New _field name already exists in the same year up and low case" time="0.337" classname="Test Cases/SCENARIO/Setup and Configuration/Special Dates/SD_TC.020 Create New _field name already exists in the same year up and low case" status="ERROR">
         <error type="ERROR" message="Test Cases/SCENARIO/Setup and Configuration/Special Dates/SD_TC.020 Create New _field name already exists in the same year up and low case FAILED.
Reason:
org.codehaus.groovy.control.MultipleCompilationErrorsException: startup failed:
file:/D:/_Bayu%20Buana/BB_Automation/bb-internal-katalon/Scripts/SCENARIO/Setup%20and%20Configuration/Special%20Dates/SD_TC.020%20Create%20New%20_field%20name%20already%20exists%20in%20the%20same%20year%20up%20and%20low%20case/Script1680503840021.groovy: 38: unable to resolve class com.github.javafaker.Faker
 @ line 38, column 1.
   import com.github.javafaker.Faker as Faker
   ^

1 error

	at com.kms.katalon.core.main.ScriptEngine.getScript(ScriptEngine.java:199)
	at com.kms.katalon.core.main.ScriptEngine.run(ScriptEngine.java:194)
	at com.kms.katalon.core.main.ScriptEngine.runScriptAsRawText(ScriptEngine.java:119)
	at com.kms.katalon.core.main.TestCaseExecutor.runScript(TestCaseExecutor.java:448)
	at com.kms.katalon.core.main.TestCaseExecutor.doExecute(TestCaseExecutor.java:439)
	at com.kms.katalon.core.main.TestCaseExecutor.processExecutionPhase(TestCaseExecutor.java:418)
	at com.kms.katalon.core.main.TestCaseExecutor.accessMainPhase(TestCaseExecutor.java:410)
	at com.kms.katalon.core.main.TestCaseExecutor.execute(TestCaseExecutor.java:285)
	at com.kms.katalon.core.common.CommonExecutor.accessTestCaseMainPhase(CommonExecutor.java:65)
	at com.kms.katalon.core.main.TestSuiteExecutor.accessTestSuiteMainPhase(TestSuiteExecutor.java:151)
	at com.kms.katalon.core.main.TestSuiteExecutor.execute(TestSuiteExecutor.java:106)
	at com.kms.katalon.core.main.TestCaseMain.startTestSuite(TestCaseMain.java:185)
	at com.kms.katalon.core.main.TestCaseMain$startTestSuite$0.call(Unknown Source)
	at TempTestSuite1680507442613.run(TempTestSuite1680507442613.groovy:36)
"/>
         <system-out><![CDATA[2023-04-03 14:37:59 - [TEST_CASE][ERROR] - Test Cases/SCENARIO/Setup and Configuration/Special Dates/SD_TC.020 Create New _field name already exists in the same year up and low case: Test Cases/SCENARIO/Setup and Configuration/Special Dates/SD_TC.020 Create New _field name already exists in the same year up and low case FAILED.
Reason:
org.codehaus.groovy.control.MultipleCompilationErrorsException: startup failed:
file:/D:/_Bayu%20Buana/BB_Automation/bb-internal-katalon/Scripts/SCENARIO/Setup%20and%20Configuration/Special%20Dates/SD_TC.020%20Create%20New%20_field%20name%20already%20exists%20in%20the%20same%20year%20up%20and%20low%20case/Script1680503840021.groovy: 38: unable to resolve class com.github.javafaker.Faker
 @ line 38, column 1.
   import com.github.javafaker.Faker as Faker
   ^

1 error

	at com.kms.katalon.core.main.ScriptEngine.getScript(ScriptEngine.java:199)
	at com.kms.katalon.core.main.ScriptEngine.run(ScriptEngine.java:194)
	at com.kms.katalon.core.main.ScriptEngine.runScriptAsRawText(ScriptEngine.java:119)
	at com.kms.katalon.core.main.TestCaseExecutor.runScript(TestCaseExecutor.java:448)
	at com.kms.katalon.core.main.TestCaseExecutor.doExecute(TestCaseExecutor.java:439)
	at com.kms.katalon.core.main.TestCaseExecutor.processExecutionPhase(TestCaseExecutor.java:418)
	at com.kms.katalon.core.main.TestCaseExecutor.accessMainPhase(TestCaseExecutor.java:410)
	at com.kms.katalon.core.main.TestCaseExecutor.execute(TestCaseExecutor.java:285)
	at com.kms.katalon.core.common.CommonExecutor.accessTestCaseMainPhase(CommonExecutor.java:65)
	at com.kms.katalon.core.main.TestSuiteExecutor.accessTestSuiteMainPhase(TestSuiteExecutor.java:151)
	at com.kms.katalon.core.main.TestSuiteExecutor.execute(TestSuiteExecutor.java:106)
	at com.kms.katalon.core.main.TestCaseMain.startTestSuite(TestCaseMain.java:185)
	at com.kms.katalon.core.main.TestCaseMain$startTestSuite$0.call(Unknown Source)
	at TempTestSuite1680507442613.run(TempTestSuite1680507442613.groovy:36)]]></system-out>
         <system-err><![CDATA[2023-04-03 14:37:59 - [TEST_CASE][ERROR] - Test Cases/SCENARIO/Setup and Configuration/Special Dates/SD_TC.020 Create New _field name already exists in the same year up and low case: Test Cases/SCENARIO/Setup and Configuration/Special Dates/SD_TC.020 Create New _field name already exists in the same year up and low case FAILED.
Reason:
org.codehaus.groovy.control.MultipleCompilationErrorsException: startup failed:
file:/D:/_Bayu%20Buana/BB_Automation/bb-internal-katalon/Scripts/SCENARIO/Setup%20and%20Configuration/Special%20Dates/SD_TC.020%20Create%20New%20_field%20name%20already%20exists%20in%20the%20same%20year%20up%20and%20low%20case/Script1680503840021.groovy: 38: unable to resolve class com.github.javafaker.Faker
 @ line 38, column 1.
   import com.github.javafaker.Faker as Faker
   ^

1 error

	at com.kms.katalon.core.main.ScriptEngine.getScript(ScriptEngine.java:199)
	at com.kms.katalon.core.main.ScriptEngine.run(ScriptEngine.java:194)
	at com.kms.katalon.core.main.ScriptEngine.runScriptAsRawText(ScriptEngine.java:119)
	at com.kms.katalon.core.main.TestCaseExecutor.runScript(TestCaseExecutor.java:448)
	at com.kms.katalon.core.main.TestCaseExecutor.doExecute(TestCaseExecutor.java:439)
	at com.kms.katalon.core.main.TestCaseExecutor.processExecutionPhase(TestCaseExecutor.java:418)
	at com.kms.katalon.core.main.TestCaseExecutor.accessMainPhase(TestCaseExecutor.java:410)
	at com.kms.katalon.core.main.TestCaseExecutor.execute(TestCaseExecutor.java:285)
	at com.kms.katalon.core.common.CommonExecutor.accessTestCaseMainPhase(CommonExecutor.java:65)
	at com.kms.katalon.core.main.TestSuiteExecutor.accessTestSuiteMainPhase(TestSuiteExecutor.java:151)
	at com.kms.katalon.core.main.TestSuiteExecutor.execute(TestSuiteExecutor.java:106)
	at com.kms.katalon.core.main.TestCaseMain.startTestSuite(TestCaseMain.java:185)
	at com.kms.katalon.core.main.TestCaseMain$startTestSuite$0.call(Unknown Source)
	at TempTestSuite1680507442613.run(TempTestSuite1680507442613.groovy:36)]]></system-err>
      </testcase>
      <testcase name="Test Cases/SCENARIO/Setup and Configuration/Special Dates/SD_TC.022 Create New_start date _11 years ago" time="0.315" classname="Test Cases/SCENARIO/Setup and Configuration/Special Dates/SD_TC.022 Create New_start date _11 years ago" status="ERROR">
         <error type="ERROR" message="Test Cases/SCENARIO/Setup and Configuration/Special Dates/SD_TC.022 Create New_start date _11 years ago FAILED.
Reason:
org.codehaus.groovy.control.MultipleCompilationErrorsException: startup failed:
file:/D:/_Bayu%20Buana/BB_Automation/bb-internal-katalon/Scripts/SCENARIO/Setup%20and%20Configuration/Special%20Dates/SD_TC.022%20Create%20New_start%20date%20_11%20years%20ago/Script1680503840168.groovy: 38: unable to resolve class com.github.javafaker.Faker
 @ line 38, column 1.
   import com.github.javafaker.Faker as Faker
   ^

1 error

	at com.kms.katalon.core.main.ScriptEngine.getScript(ScriptEngine.java:199)
	at com.kms.katalon.core.main.ScriptEngine.run(ScriptEngine.java:194)
	at com.kms.katalon.core.main.ScriptEngine.runScriptAsRawText(ScriptEngine.java:119)
	at com.kms.katalon.core.main.TestCaseExecutor.runScript(TestCaseExecutor.java:448)
	at com.kms.katalon.core.main.TestCaseExecutor.doExecute(TestCaseExecutor.java:439)
	at com.kms.katalon.core.main.TestCaseExecutor.processExecutionPhase(TestCaseExecutor.java:418)
	at com.kms.katalon.core.main.TestCaseExecutor.accessMainPhase(TestCaseExecutor.java:410)
	at com.kms.katalon.core.main.TestCaseExecutor.execute(TestCaseExecutor.java:285)
	at com.kms.katalon.core.common.CommonExecutor.accessTestCaseMainPhase(CommonExecutor.java:65)
	at com.kms.katalon.core.main.TestSuiteExecutor.accessTestSuiteMainPhase(TestSuiteExecutor.java:151)
	at com.kms.katalon.core.main.TestSuiteExecutor.execute(TestSuiteExecutor.java:106)
	at com.kms.katalon.core.main.TestCaseMain.startTestSuite(TestCaseMain.java:185)
	at com.kms.katalon.core.main.TestCaseMain$startTestSuite$0.call(Unknown Source)
	at TempTestSuite1680507442613.run(TempTestSuite1680507442613.groovy:36)
"/>
         <system-out><![CDATA[2023-04-03 14:37:59 - [TEST_CASE][ERROR] - Test Cases/SCENARIO/Setup and Configuration/Special Dates/SD_TC.022 Create New_start date _11 years ago: Test Cases/SCENARIO/Setup and Configuration/Special Dates/SD_TC.022 Create New_start date _11 years ago FAILED.
Reason:
org.codehaus.groovy.control.MultipleCompilationErrorsException: startup failed:
file:/D:/_Bayu%20Buana/BB_Automation/bb-internal-katalon/Scripts/SCENARIO/Setup%20and%20Configuration/Special%20Dates/SD_TC.022%20Create%20New_start%20date%20_11%20years%20ago/Script1680503840168.groovy: 38: unable to resolve class com.github.javafaker.Faker
 @ line 38, column 1.
   import com.github.javafaker.Faker as Faker
   ^

1 error

	at com.kms.katalon.core.main.ScriptEngine.getScript(ScriptEngine.java:199)
	at com.kms.katalon.core.main.ScriptEngine.run(ScriptEngine.java:194)
	at com.kms.katalon.core.main.ScriptEngine.runScriptAsRawText(ScriptEngine.java:119)
	at com.kms.katalon.core.main.TestCaseExecutor.runScript(TestCaseExecutor.java:448)
	at com.kms.katalon.core.main.TestCaseExecutor.doExecute(TestCaseExecutor.java:439)
	at com.kms.katalon.core.main.TestCaseExecutor.processExecutionPhase(TestCaseExecutor.java:418)
	at com.kms.katalon.core.main.TestCaseExecutor.accessMainPhase(TestCaseExecutor.java:410)
	at com.kms.katalon.core.main.TestCaseExecutor.execute(TestCaseExecutor.java:285)
	at com.kms.katalon.core.common.CommonExecutor.accessTestCaseMainPhase(CommonExecutor.java:65)
	at com.kms.katalon.core.main.TestSuiteExecutor.accessTestSuiteMainPhase(TestSuiteExecutor.java:151)
	at com.kms.katalon.core.main.TestSuiteExecutor.execute(TestSuiteExecutor.java:106)
	at com.kms.katalon.core.main.TestCaseMain.startTestSuite(TestCaseMain.java:185)
	at com.kms.katalon.core.main.TestCaseMain$startTestSuite$0.call(Unknown Source)
	at TempTestSuite1680507442613.run(TempTestSuite1680507442613.groovy:36)]]></system-out>
         <system-err><![CDATA[2023-04-03 14:37:59 - [TEST_CASE][ERROR] - Test Cases/SCENARIO/Setup and Configuration/Special Dates/SD_TC.022 Create New_start date _11 years ago: Test Cases/SCENARIO/Setup and Configuration/Special Dates/SD_TC.022 Create New_start date _11 years ago FAILED.
Reason:
org.codehaus.groovy.control.MultipleCompilationErrorsException: startup failed:
file:/D:/_Bayu%20Buana/BB_Automation/bb-internal-katalon/Scripts/SCENARIO/Setup%20and%20Configuration/Special%20Dates/SD_TC.022%20Create%20New_start%20date%20_11%20years%20ago/Script1680503840168.groovy: 38: unable to resolve class com.github.javafaker.Faker
 @ line 38, column 1.
   import com.github.javafaker.Faker as Faker
   ^

1 error

	at com.kms.katalon.core.main.ScriptEngine.getScript(ScriptEngine.java:199)
	at com.kms.katalon.core.main.ScriptEngine.run(ScriptEngine.java:194)
	at com.kms.katalon.core.main.ScriptEngine.runScriptAsRawText(ScriptEngine.java:119)
	at com.kms.katalon.core.main.TestCaseExecutor.runScript(TestCaseExecutor.java:448)
	at com.kms.katalon.core.main.TestCaseExecutor.doExecute(TestCaseExecutor.java:439)
	at com.kms.katalon.core.main.TestCaseExecutor.processExecutionPhase(TestCaseExecutor.java:418)
	at com.kms.katalon.core.main.TestCaseExecutor.accessMainPhase(TestCaseExecutor.java:410)
	at com.kms.katalon.core.main.TestCaseExecutor.execute(TestCaseExecutor.java:285)
	at com.kms.katalon.core.common.CommonExecutor.accessTestCaseMainPhase(CommonExecutor.java:65)
	at com.kms.katalon.core.main.TestSuiteExecutor.accessTestSuiteMainPhase(TestSuiteExecutor.java:151)
	at com.kms.katalon.core.main.TestSuiteExecutor.execute(TestSuiteExecutor.java:106)
	at com.kms.katalon.core.main.TestCaseMain.startTestSuite(TestCaseMain.java:185)
	at com.kms.katalon.core.main.TestCaseMain$startTestSuite$0.call(Unknown Source)
	at TempTestSuite1680507442613.run(TempTestSuite1680507442613.groovy:36)]]></system-err>
      </testcase>
      <testcase name="Test Cases/SCENARIO/Setup and Configuration/Special Dates/SD_TC.023 Create New _start date _11 years into the future" time="0.399" classname="Test Cases/SCENARIO/Setup and Configuration/Special Dates/SD_TC.023 Create New _start date _11 years into the future" status="ERROR">
         <error type="ERROR" message="Test Cases/SCENARIO/Setup and Configuration/Special Dates/SD_TC.023 Create New _start date _11 years into the future FAILED.
Reason:
org.codehaus.groovy.control.MultipleCompilationErrorsException: startup failed:
file:/D:/_Bayu%20Buana/BB_Automation/bb-internal-katalon/Scripts/SCENARIO/Setup%20and%20Configuration/Special%20Dates/SD_TC.023%20Create%20New%20_start%20date%20_11%20years%20into%20the%20future/Script1680503840306.groovy: 38: unable to resolve class com.github.javafaker.Faker
 @ line 38, column 1.
   import com.github.javafaker.Faker as Faker
   ^

1 error

	at com.kms.katalon.core.main.ScriptEngine.getScript(ScriptEngine.java:199)
	at com.kms.katalon.core.main.ScriptEngine.run(ScriptEngine.java:194)
	at com.kms.katalon.core.main.ScriptEngine.runScriptAsRawText(ScriptEngine.java:119)
	at com.kms.katalon.core.main.TestCaseExecutor.runScript(TestCaseExecutor.java:448)
	at com.kms.katalon.core.main.TestCaseExecutor.doExecute(TestCaseExecutor.java:439)
	at com.kms.katalon.core.main.TestCaseExecutor.processExecutionPhase(TestCaseExecutor.java:418)
	at com.kms.katalon.core.main.TestCaseExecutor.accessMainPhase(TestCaseExecutor.java:410)
	at com.kms.katalon.core.main.TestCaseExecutor.execute(TestCaseExecutor.java:285)
	at com.kms.katalon.core.common.CommonExecutor.accessTestCaseMainPhase(CommonExecutor.java:65)
	at com.kms.katalon.core.main.TestSuiteExecutor.accessTestSuiteMainPhase(TestSuiteExecutor.java:151)
	at com.kms.katalon.core.main.TestSuiteExecutor.execute(TestSuiteExecutor.java:106)
	at com.kms.katalon.core.main.TestCaseMain.startTestSuite(TestCaseMain.java:185)
	at com.kms.katalon.core.main.TestCaseMain$startTestSuite$0.call(Unknown Source)
	at TempTestSuite1680507442613.run(TempTestSuite1680507442613.groovy:36)
"/>
         <system-out><![CDATA[2023-04-03 14:38:00 - [TEST_CASE][ERROR] - Test Cases/SCENARIO/Setup and Configuration/Special Dates/SD_TC.023 Create New _start date _11 years into the future: Test Cases/SCENARIO/Setup and Configuration/Special Dates/SD_TC.023 Create New _start date _11 years into the future FAILED.
Reason:
org.codehaus.groovy.control.MultipleCompilationErrorsException: startup failed:
file:/D:/_Bayu%20Buana/BB_Automation/bb-internal-katalon/Scripts/SCENARIO/Setup%20and%20Configuration/Special%20Dates/SD_TC.023%20Create%20New%20_start%20date%20_11%20years%20into%20the%20future/Script1680503840306.groovy: 38: unable to resolve class com.github.javafaker.Faker
 @ line 38, column 1.
   import com.github.javafaker.Faker as Faker
   ^

1 error

	at com.kms.katalon.core.main.ScriptEngine.getScript(ScriptEngine.java:199)
	at com.kms.katalon.core.main.ScriptEngine.run(ScriptEngine.java:194)
	at com.kms.katalon.core.main.ScriptEngine.runScriptAsRawText(ScriptEngine.java:119)
	at com.kms.katalon.core.main.TestCaseExecutor.runScript(TestCaseExecutor.java:448)
	at com.kms.katalon.core.main.TestCaseExecutor.doExecute(TestCaseExecutor.java:439)
	at com.kms.katalon.core.main.TestCaseExecutor.processExecutionPhase(TestCaseExecutor.java:418)
	at com.kms.katalon.core.main.TestCaseExecutor.accessMainPhase(TestCaseExecutor.java:410)
	at com.kms.katalon.core.main.TestCaseExecutor.execute(TestCaseExecutor.java:285)
	at com.kms.katalon.core.common.CommonExecutor.accessTestCaseMainPhase(CommonExecutor.java:65)
	at com.kms.katalon.core.main.TestSuiteExecutor.accessTestSuiteMainPhase(TestSuiteExecutor.java:151)
	at com.kms.katalon.core.main.TestSuiteExecutor.execute(TestSuiteExecutor.java:106)
	at com.kms.katalon.core.main.TestCaseMain.startTestSuite(TestCaseMain.java:185)
	at com.kms.katalon.core.main.TestCaseMain$startTestSuite$0.call(Unknown Source)
	at TempTestSuite1680507442613.run(TempTestSuite1680507442613.groovy:36)]]></system-out>
         <system-err><![CDATA[2023-04-03 14:38:00 - [TEST_CASE][ERROR] - Test Cases/SCENARIO/Setup and Configuration/Special Dates/SD_TC.023 Create New _start date _11 years into the future: Test Cases/SCENARIO/Setup and Configuration/Special Dates/SD_TC.023 Create New _start date _11 years into the future FAILED.
Reason:
org.codehaus.groovy.control.MultipleCompilationErrorsException: startup failed:
file:/D:/_Bayu%20Buana/BB_Automation/bb-internal-katalon/Scripts/SCENARIO/Setup%20and%20Configuration/Special%20Dates/SD_TC.023%20Create%20New%20_start%20date%20_11%20years%20into%20the%20future/Script1680503840306.groovy: 38: unable to resolve class com.github.javafaker.Faker
 @ line 38, column 1.
   import com.github.javafaker.Faker as Faker
   ^

1 error

	at com.kms.katalon.core.main.ScriptEngine.getScript(ScriptEngine.java:199)
	at com.kms.katalon.core.main.ScriptEngine.run(ScriptEngine.java:194)
	at com.kms.katalon.core.main.ScriptEngine.runScriptAsRawText(ScriptEngine.java:119)
	at com.kms.katalon.core.main.TestCaseExecutor.runScript(TestCaseExecutor.java:448)
	at com.kms.katalon.core.main.TestCaseExecutor.doExecute(TestCaseExecutor.java:439)
	at com.kms.katalon.core.main.TestCaseExecutor.processExecutionPhase(TestCaseExecutor.java:418)
	at com.kms.katalon.core.main.TestCaseExecutor.accessMainPhase(TestCaseExecutor.java:410)
	at com.kms.katalon.core.main.TestCaseExecutor.execute(TestCaseExecutor.java:285)
	at com.kms.katalon.core.common.CommonExecutor.accessTestCaseMainPhase(CommonExecutor.java:65)
	at com.kms.katalon.core.main.TestSuiteExecutor.accessTestSuiteMainPhase(TestSuiteExecutor.java:151)
	at com.kms.katalon.core.main.TestSuiteExecutor.execute(TestSuiteExecutor.java:106)
	at com.kms.katalon.core.main.TestCaseMain.startTestSuite(TestCaseMain.java:185)
	at com.kms.katalon.core.main.TestCaseMain$startTestSuite$0.call(Unknown Source)
	at TempTestSuite1680507442613.run(TempTestSuite1680507442613.groovy:36)]]></system-err>
      </testcase>
      <testcase name="Test Cases/SCENARIO/Setup and Configuration/Special Dates/SD_TC.026 Create New_send date _11 years ago" time="0.308" classname="Test Cases/SCENARIO/Setup and Configuration/Special Dates/SD_TC.026 Create New_send date _11 years ago" status="ERROR">
         <error type="ERROR" message="Test Cases/SCENARIO/Setup and Configuration/Special Dates/SD_TC.026 Create New_send date _11 years ago FAILED.
Reason:
org.codehaus.groovy.control.MultipleCompilationErrorsException: startup failed:
file:/D:/_Bayu%20Buana/BB_Automation/bb-internal-katalon/Scripts/SCENARIO/Setup%20and%20Configuration/Special%20Dates/SD_TC.026%20Create%20New_send%20date%20_11%20years%20ago/Script1680503840453.groovy: 38: unable to resolve class com.github.javafaker.Faker
 @ line 38, column 1.
   import com.github.javafaker.Faker as Faker
   ^

1 error

	at com.kms.katalon.core.main.ScriptEngine.getScript(ScriptEngine.java:199)
	at com.kms.katalon.core.main.ScriptEngine.run(ScriptEngine.java:194)
	at com.kms.katalon.core.main.ScriptEngine.runScriptAsRawText(ScriptEngine.java:119)
	at com.kms.katalon.core.main.TestCaseExecutor.runScript(TestCaseExecutor.java:448)
	at com.kms.katalon.core.main.TestCaseExecutor.doExecute(TestCaseExecutor.java:439)
	at com.kms.katalon.core.main.TestCaseExecutor.processExecutionPhase(TestCaseExecutor.java:418)
	at com.kms.katalon.core.main.TestCaseExecutor.accessMainPhase(TestCaseExecutor.java:410)
	at com.kms.katalon.core.main.TestCaseExecutor.execute(TestCaseExecutor.java:285)
	at com.kms.katalon.core.common.CommonExecutor.accessTestCaseMainPhase(CommonExecutor.java:65)
	at com.kms.katalon.core.main.TestSuiteExecutor.accessTestSuiteMainPhase(TestSuiteExecutor.java:151)
	at com.kms.katalon.core.main.TestSuiteExecutor.execute(TestSuiteExecutor.java:106)
	at com.kms.katalon.core.main.TestCaseMain.startTestSuite(TestCaseMain.java:185)
	at com.kms.katalon.core.main.TestCaseMain$startTestSuite$0.call(Unknown Source)
	at TempTestSuite1680507442613.run(TempTestSuite1680507442613.groovy:36)
"/>
         <system-out><![CDATA[2023-04-03 14:38:00 - [TEST_CASE][ERROR] - Test Cases/SCENARIO/Setup and Configuration/Special Dates/SD_TC.026 Create New_send date _11 years ago: Test Cases/SCENARIO/Setup and Configuration/Special Dates/SD_TC.026 Create New_send date _11 years ago FAILED.
Reason:
org.codehaus.groovy.control.MultipleCompilationErrorsException: startup failed:
file:/D:/_Bayu%20Buana/BB_Automation/bb-internal-katalon/Scripts/SCENARIO/Setup%20and%20Configuration/Special%20Dates/SD_TC.026%20Create%20New_send%20date%20_11%20years%20ago/Script1680503840453.groovy: 38: unable to resolve class com.github.javafaker.Faker
 @ line 38, column 1.
   import com.github.javafaker.Faker as Faker
   ^

1 error

	at com.kms.katalon.core.main.ScriptEngine.getScript(ScriptEngine.java:199)
	at com.kms.katalon.core.main.ScriptEngine.run(ScriptEngine.java:194)
	at com.kms.katalon.core.main.ScriptEngine.runScriptAsRawText(ScriptEngine.java:119)
	at com.kms.katalon.core.main.TestCaseExecutor.runScript(TestCaseExecutor.java:448)
	at com.kms.katalon.core.main.TestCaseExecutor.doExecute(TestCaseExecutor.java:439)
	at com.kms.katalon.core.main.TestCaseExecutor.processExecutionPhase(TestCaseExecutor.java:418)
	at com.kms.katalon.core.main.TestCaseExecutor.accessMainPhase(TestCaseExecutor.java:410)
	at com.kms.katalon.core.main.TestCaseExecutor.execute(TestCaseExecutor.java:285)
	at com.kms.katalon.core.common.CommonExecutor.accessTestCaseMainPhase(CommonExecutor.java:65)
	at com.kms.katalon.core.main.TestSuiteExecutor.accessTestSuiteMainPhase(TestSuiteExecutor.java:151)
	at com.kms.katalon.core.main.TestSuiteExecutor.execute(TestSuiteExecutor.java:106)
	at com.kms.katalon.core.main.TestCaseMain.startTestSuite(TestCaseMain.java:185)
	at com.kms.katalon.core.main.TestCaseMain$startTestSuite$0.call(Unknown Source)
	at TempTestSuite1680507442613.run(TempTestSuite1680507442613.groovy:36)]]></system-out>
         <system-err><![CDATA[2023-04-03 14:38:00 - [TEST_CASE][ERROR] - Test Cases/SCENARIO/Setup and Configuration/Special Dates/SD_TC.026 Create New_send date _11 years ago: Test Cases/SCENARIO/Setup and Configuration/Special Dates/SD_TC.026 Create New_send date _11 years ago FAILED.
Reason:
org.codehaus.groovy.control.MultipleCompilationErrorsException: startup failed:
file:/D:/_Bayu%20Buana/BB_Automation/bb-internal-katalon/Scripts/SCENARIO/Setup%20and%20Configuration/Special%20Dates/SD_TC.026%20Create%20New_send%20date%20_11%20years%20ago/Script1680503840453.groovy: 38: unable to resolve class com.github.javafaker.Faker
 @ line 38, column 1.
   import com.github.javafaker.Faker as Faker
   ^

1 error

	at com.kms.katalon.core.main.ScriptEngine.getScript(ScriptEngine.java:199)
	at com.kms.katalon.core.main.ScriptEngine.run(ScriptEngine.java:194)
	at com.kms.katalon.core.main.ScriptEngine.runScriptAsRawText(ScriptEngine.java:119)
	at com.kms.katalon.core.main.TestCaseExecutor.runScript(TestCaseExecutor.java:448)
	at com.kms.katalon.core.main.TestCaseExecutor.doExecute(TestCaseExecutor.java:439)
	at com.kms.katalon.core.main.TestCaseExecutor.processExecutionPhase(TestCaseExecutor.java:418)
	at com.kms.katalon.core.main.TestCaseExecutor.accessMainPhase(TestCaseExecutor.java:410)
	at com.kms.katalon.core.main.TestCaseExecutor.execute(TestCaseExecutor.java:285)
	at com.kms.katalon.core.common.CommonExecutor.accessTestCaseMainPhase(CommonExecutor.java:65)
	at com.kms.katalon.core.main.TestSuiteExecutor.accessTestSuiteMainPhase(TestSuiteExecutor.java:151)
	at com.kms.katalon.core.main.TestSuiteExecutor.execute(TestSuiteExecutor.java:106)
	at com.kms.katalon.core.main.TestCaseMain.startTestSuite(TestCaseMain.java:185)
	at com.kms.katalon.core.main.TestCaseMain$startTestSuite$0.call(Unknown Source)
	at TempTestSuite1680507442613.run(TempTestSuite1680507442613.groovy:36)]]></system-err>
      </testcase>
      <testcase name="Test Cases/SCENARIO/Setup and Configuration/Special Dates/SD_TC.027 Create New _end date _11 years into the future" time="0.347" classname="Test Cases/SCENARIO/Setup and Configuration/Special Dates/SD_TC.027 Create New _end date _11 years into the future" status="ERROR">
         <error type="ERROR" message="Test Cases/SCENARIO/Setup and Configuration/Special Dates/SD_TC.027 Create New _end date _11 years into the future FAILED.
Reason:
org.codehaus.groovy.control.MultipleCompilationErrorsException: startup failed:
file:/D:/_Bayu%20Buana/BB_Automation/bb-internal-katalon/Scripts/SCENARIO/Setup%20and%20Configuration/Special%20Dates/SD_TC.027%20Create%20New%20_end%20date%20_11%20years%20into%20the%20future/Script1680503840593.groovy: 38: unable to resolve class com.github.javafaker.Faker
 @ line 38, column 1.
   import com.github.javafaker.Faker as Faker
   ^

1 error

	at com.kms.katalon.core.main.ScriptEngine.getScript(ScriptEngine.java:199)
	at com.kms.katalon.core.main.ScriptEngine.run(ScriptEngine.java:194)
	at com.kms.katalon.core.main.ScriptEngine.runScriptAsRawText(ScriptEngine.java:119)
	at com.kms.katalon.core.main.TestCaseExecutor.runScript(TestCaseExecutor.java:448)
	at com.kms.katalon.core.main.TestCaseExecutor.doExecute(TestCaseExecutor.java:439)
	at com.kms.katalon.core.main.TestCaseExecutor.processExecutionPhase(TestCaseExecutor.java:418)
	at com.kms.katalon.core.main.TestCaseExecutor.accessMainPhase(TestCaseExecutor.java:410)
	at com.kms.katalon.core.main.TestCaseExecutor.execute(TestCaseExecutor.java:285)
	at com.kms.katalon.core.common.CommonExecutor.accessTestCaseMainPhase(CommonExecutor.java:65)
	at com.kms.katalon.core.main.TestSuiteExecutor.accessTestSuiteMainPhase(TestSuiteExecutor.java:151)
	at com.kms.katalon.core.main.TestSuiteExecutor.execute(TestSuiteExecutor.java:106)
	at com.kms.katalon.core.main.TestCaseMain.startTestSuite(TestCaseMain.java:185)
	at com.kms.katalon.core.main.TestCaseMain$startTestSuite$0.call(Unknown Source)
	at TempTestSuite1680507442613.run(TempTestSuite1680507442613.groovy:36)
"/>
         <system-out><![CDATA[2023-04-03 14:38:00 - [TEST_CASE][ERROR] - Test Cases/SCENARIO/Setup and Configuration/Special Dates/SD_TC.027 Create New _end date _11 years into the future: Test Cases/SCENARIO/Setup and Configuration/Special Dates/SD_TC.027 Create New _end date _11 years into the future FAILED.
Reason:
org.codehaus.groovy.control.MultipleCompilationErrorsException: startup failed:
file:/D:/_Bayu%20Buana/BB_Automation/bb-internal-katalon/Scripts/SCENARIO/Setup%20and%20Configuration/Special%20Dates/SD_TC.027%20Create%20New%20_end%20date%20_11%20years%20into%20the%20future/Script1680503840593.groovy: 38: unable to resolve class com.github.javafaker.Faker
 @ line 38, column 1.
   import com.github.javafaker.Faker as Faker
   ^

1 error

	at com.kms.katalon.core.main.ScriptEngine.getScript(ScriptEngine.java:199)
	at com.kms.katalon.core.main.ScriptEngine.run(ScriptEngine.java:194)
	at com.kms.katalon.core.main.ScriptEngine.runScriptAsRawText(ScriptEngine.java:119)
	at com.kms.katalon.core.main.TestCaseExecutor.runScript(TestCaseExecutor.java:448)
	at com.kms.katalon.core.main.TestCaseExecutor.doExecute(TestCaseExecutor.java:439)
	at com.kms.katalon.core.main.TestCaseExecutor.processExecutionPhase(TestCaseExecutor.java:418)
	at com.kms.katalon.core.main.TestCaseExecutor.accessMainPhase(TestCaseExecutor.java:410)
	at com.kms.katalon.core.main.TestCaseExecutor.execute(TestCaseExecutor.java:285)
	at com.kms.katalon.core.common.CommonExecutor.accessTestCaseMainPhase(CommonExecutor.java:65)
	at com.kms.katalon.core.main.TestSuiteExecutor.accessTestSuiteMainPhase(TestSuiteExecutor.java:151)
	at com.kms.katalon.core.main.TestSuiteExecutor.execute(TestSuiteExecutor.java:106)
	at com.kms.katalon.core.main.TestCaseMain.startTestSuite(TestCaseMain.java:185)
	at com.kms.katalon.core.main.TestCaseMain$startTestSuite$0.call(Unknown Source)
	at TempTestSuite1680507442613.run(TempTestSuite1680507442613.groovy:36)]]></system-out>
         <system-err><![CDATA[2023-04-03 14:38:00 - [TEST_CASE][ERROR] - Test Cases/SCENARIO/Setup and Configuration/Special Dates/SD_TC.027 Create New _end date _11 years into the future: Test Cases/SCENARIO/Setup and Configuration/Special Dates/SD_TC.027 Create New _end date _11 years into the future FAILED.
Reason:
org.codehaus.groovy.control.MultipleCompilationErrorsException: startup failed:
file:/D:/_Bayu%20Buana/BB_Automation/bb-internal-katalon/Scripts/SCENARIO/Setup%20and%20Configuration/Special%20Dates/SD_TC.027%20Create%20New%20_end%20date%20_11%20years%20into%20the%20future/Script1680503840593.groovy: 38: unable to resolve class com.github.javafaker.Faker
 @ line 38, column 1.
   import com.github.javafaker.Faker as Faker
   ^

1 error

	at com.kms.katalon.core.main.ScriptEngine.getScript(ScriptEngine.java:199)
	at com.kms.katalon.core.main.ScriptEngine.run(ScriptEngine.java:194)
	at com.kms.katalon.core.main.ScriptEngine.runScriptAsRawText(ScriptEngine.java:119)
	at com.kms.katalon.core.main.TestCaseExecutor.runScript(TestCaseExecutor.java:448)
	at com.kms.katalon.core.main.TestCaseExecutor.doExecute(TestCaseExecutor.java:439)
	at com.kms.katalon.core.main.TestCaseExecutor.processExecutionPhase(TestCaseExecutor.java:418)
	at com.kms.katalon.core.main.TestCaseExecutor.accessMainPhase(TestCaseExecutor.java:410)
	at com.kms.katalon.core.main.TestCaseExecutor.execute(TestCaseExecutor.java:285)
	at com.kms.katalon.core.common.CommonExecutor.accessTestCaseMainPhase(CommonExecutor.java:65)
	at com.kms.katalon.core.main.TestSuiteExecutor.accessTestSuiteMainPhase(TestSuiteExecutor.java:151)
	at com.kms.katalon.core.main.TestSuiteExecutor.execute(TestSuiteExecutor.java:106)
	at com.kms.katalon.core.main.TestCaseMain.startTestSuite(TestCaseMain.java:185)
	at com.kms.katalon.core.main.TestCaseMain$startTestSuite$0.call(Unknown Source)
	at TempTestSuite1680507442613.run(TempTestSuite1680507442613.groovy:36)]]></system-err>
      </testcase>
      <testcase name="Test Cases/SCENARIO/Setup and Configuration/Special Dates/SD_TC.030 Create New _Occurs on the same date every year" time="0.291" classname="Test Cases/SCENARIO/Setup and Configuration/Special Dates/SD_TC.030 Create New _Occurs on the same date every year" status="ERROR">
         <error type="ERROR" message="Test Cases/SCENARIO/Setup and Configuration/Special Dates/SD_TC.030 Create New _Occurs on the same date every year FAILED.
Reason:
org.codehaus.groovy.control.MultipleCompilationErrorsException: startup failed:
file:/D:/_Bayu%20Buana/BB_Automation/bb-internal-katalon/Scripts/SCENARIO/Setup%20and%20Configuration/Special%20Dates/SD_TC.030%20Create%20New%20_Occurs%20on%20the%20same%20date%20every%20year/Script1678221314947.groovy: 19: unable to resolve class com.github.javafaker.Faker
 @ line 19, column 1.
   import com.github.javafaker.Faker as Faker
   ^

1 error

	at com.kms.katalon.core.main.ScriptEngine.getScript(ScriptEngine.java:199)
	at com.kms.katalon.core.main.ScriptEngine.run(ScriptEngine.java:194)
	at com.kms.katalon.core.main.ScriptEngine.runScriptAsRawText(ScriptEngine.java:119)
	at com.kms.katalon.core.main.TestCaseExecutor.runScript(TestCaseExecutor.java:448)
	at com.kms.katalon.core.main.TestCaseExecutor.doExecute(TestCaseExecutor.java:439)
	at com.kms.katalon.core.main.TestCaseExecutor.processExecutionPhase(TestCaseExecutor.java:418)
	at com.kms.katalon.core.main.TestCaseExecutor.accessMainPhase(TestCaseExecutor.java:410)
	at com.kms.katalon.core.main.TestCaseExecutor.execute(TestCaseExecutor.java:285)
	at com.kms.katalon.core.common.CommonExecutor.accessTestCaseMainPhase(CommonExecutor.java:65)
	at com.kms.katalon.core.main.TestSuiteExecutor.accessTestSuiteMainPhase(TestSuiteExecutor.java:151)
	at com.kms.katalon.core.main.TestSuiteExecutor.execute(TestSuiteExecutor.java:106)
	at com.kms.katalon.core.main.TestCaseMain.startTestSuite(TestCaseMain.java:185)
	at com.kms.katalon.core.main.TestCaseMain$startTestSuite$0.call(Unknown Source)
	at TempTestSuite1680507442613.run(TempTestSuite1680507442613.groovy:36)
"/>
         <system-out><![CDATA[2023-04-03 14:38:01 - [TEST_CASE][ERROR] - Test Cases/SCENARIO/Setup and Configuration/Special Dates/SD_TC.030 Create New _Occurs on the same date every year: Test Cases/SCENARIO/Setup and Configuration/Special Dates/SD_TC.030 Create New _Occurs on the same date every year FAILED.
Reason:
org.codehaus.groovy.control.MultipleCompilationErrorsException: startup failed:
file:/D:/_Bayu%20Buana/BB_Automation/bb-internal-katalon/Scripts/SCENARIO/Setup%20and%20Configuration/Special%20Dates/SD_TC.030%20Create%20New%20_Occurs%20on%20the%20same%20date%20every%20year/Script1678221314947.groovy: 19: unable to resolve class com.github.javafaker.Faker
 @ line 19, column 1.
   import com.github.javafaker.Faker as Faker
   ^

1 error

	at com.kms.katalon.core.main.ScriptEngine.getScript(ScriptEngine.java:199)
	at com.kms.katalon.core.main.ScriptEngine.run(ScriptEngine.java:194)
	at com.kms.katalon.core.main.ScriptEngine.runScriptAsRawText(ScriptEngine.java:119)
	at com.kms.katalon.core.main.TestCaseExecutor.runScript(TestCaseExecutor.java:448)
	at com.kms.katalon.core.main.TestCaseExecutor.doExecute(TestCaseExecutor.java:439)
	at com.kms.katalon.core.main.TestCaseExecutor.processExecutionPhase(TestCaseExecutor.java:418)
	at com.kms.katalon.core.main.TestCaseExecutor.accessMainPhase(TestCaseExecutor.java:410)
	at com.kms.katalon.core.main.TestCaseExecutor.execute(TestCaseExecutor.java:285)
	at com.kms.katalon.core.common.CommonExecutor.accessTestCaseMainPhase(CommonExecutor.java:65)
	at com.kms.katalon.core.main.TestSuiteExecutor.accessTestSuiteMainPhase(TestSuiteExecutor.java:151)
	at com.kms.katalon.core.main.TestSuiteExecutor.execute(TestSuiteExecutor.java:106)
	at com.kms.katalon.core.main.TestCaseMain.startTestSuite(TestCaseMain.java:185)
	at com.kms.katalon.core.main.TestCaseMain$startTestSuite$0.call(Unknown Source)
	at TempTestSuite1680507442613.run(TempTestSuite1680507442613.groovy:36)]]></system-out>
         <system-err><![CDATA[2023-04-03 14:38:01 - [TEST_CASE][ERROR] - Test Cases/SCENARIO/Setup and Configuration/Special Dates/SD_TC.030 Create New _Occurs on the same date every year: Test Cases/SCENARIO/Setup and Configuration/Special Dates/SD_TC.030 Create New _Occurs on the same date every year FAILED.
Reason:
org.codehaus.groovy.control.MultipleCompilationErrorsException: startup failed:
file:/D:/_Bayu%20Buana/BB_Automation/bb-internal-katalon/Scripts/SCENARIO/Setup%20and%20Configuration/Special%20Dates/SD_TC.030%20Create%20New%20_Occurs%20on%20the%20same%20date%20every%20year/Script1678221314947.groovy: 19: unable to resolve class com.github.javafaker.Faker
 @ line 19, column 1.
   import com.github.javafaker.Faker as Faker
   ^

1 error

	at com.kms.katalon.core.main.ScriptEngine.getScript(ScriptEngine.java:199)
	at com.kms.katalon.core.main.ScriptEngine.run(ScriptEngine.java:194)
	at com.kms.katalon.core.main.ScriptEngine.runScriptAsRawText(ScriptEngine.java:119)
	at com.kms.katalon.core.main.TestCaseExecutor.runScript(TestCaseExecutor.java:448)
	at com.kms.katalon.core.main.TestCaseExecutor.doExecute(TestCaseExecutor.java:439)
	at com.kms.katalon.core.main.TestCaseExecutor.processExecutionPhase(TestCaseExecutor.java:418)
	at com.kms.katalon.core.main.TestCaseExecutor.accessMainPhase(TestCaseExecutor.java:410)
	at com.kms.katalon.core.main.TestCaseExecutor.execute(TestCaseExecutor.java:285)
	at com.kms.katalon.core.common.CommonExecutor.accessTestCaseMainPhase(CommonExecutor.java:65)
	at com.kms.katalon.core.main.TestSuiteExecutor.accessTestSuiteMainPhase(TestSuiteExecutor.java:151)
	at com.kms.katalon.core.main.TestSuiteExecutor.execute(TestSuiteExecutor.java:106)
	at com.kms.katalon.core.main.TestCaseMain.startTestSuite(TestCaseMain.java:185)
	at com.kms.katalon.core.main.TestCaseMain$startTestSuite$0.call(Unknown Source)
	at TempTestSuite1680507442613.run(TempTestSuite1680507442613.groovy:36)]]></system-err>
      </testcase>
      <testcase name="Test Cases/SCENARIO/Setup and Configuration/Special Dates/SD_TC.031 Create New _all mandatory blank" time="0.34" classname="Test Cases/SCENARIO/Setup and Configuration/Special Dates/SD_TC.031 Create New _all mandatory blank" status="ERROR">
         <error type="ERROR" message="Test Cases/SCENARIO/Setup and Configuration/Special Dates/SD_TC.031 Create New _all mandatory blank FAILED.
Reason:
org.codehaus.groovy.control.MultipleCompilationErrorsException: startup failed:
file:/D:/_Bayu%20Buana/BB_Automation/bb-internal-katalon/Scripts/SCENARIO/Setup%20and%20Configuration/Special%20Dates/SD_TC.031%20Create%20New%20_all%20mandatory%20blank/Script1678221705940.groovy: 19: unable to resolve class com.github.javafaker.Faker
 @ line 19, column 1.
   import com.github.javafaker.Faker as Faker
   ^

1 error

	at com.kms.katalon.core.main.ScriptEngine.getScript(ScriptEngine.java:199)
	at com.kms.katalon.core.main.ScriptEngine.run(ScriptEngine.java:194)
	at com.kms.katalon.core.main.ScriptEngine.runScriptAsRawText(ScriptEngine.java:119)
	at com.kms.katalon.core.main.TestCaseExecutor.runScript(TestCaseExecutor.java:448)
	at com.kms.katalon.core.main.TestCaseExecutor.doExecute(TestCaseExecutor.java:439)
	at com.kms.katalon.core.main.TestCaseExecutor.processExecutionPhase(TestCaseExecutor.java:418)
	at com.kms.katalon.core.main.TestCaseExecutor.accessMainPhase(TestCaseExecutor.java:410)
	at com.kms.katalon.core.main.TestCaseExecutor.execute(TestCaseExecutor.java:285)
	at com.kms.katalon.core.common.CommonExecutor.accessTestCaseMainPhase(CommonExecutor.java:65)
	at com.kms.katalon.core.main.TestSuiteExecutor.accessTestSuiteMainPhase(TestSuiteExecutor.java:151)
	at com.kms.katalon.core.main.TestSuiteExecutor.execute(TestSuiteExecutor.java:106)
	at com.kms.katalon.core.main.TestCaseMain.startTestSuite(TestCaseMain.java:185)
	at com.kms.katalon.core.main.TestCaseMain$startTestSuite$0.call(Unknown Source)
	at TempTestSuite1680507442613.run(TempTestSuite1680507442613.groovy:36)
"/>
         <system-out><![CDATA[2023-04-03 14:38:01 - [TEST_CASE][ERROR] - Test Cases/SCENARIO/Setup and Configuration/Special Dates/SD_TC.031 Create New _all mandatory blank: Test Cases/SCENARIO/Setup and Configuration/Special Dates/SD_TC.031 Create New _all mandatory blank FAILED.
Reason:
org.codehaus.groovy.control.MultipleCompilationErrorsException: startup failed:
file:/D:/_Bayu%20Buana/BB_Automation/bb-internal-katalon/Scripts/SCENARIO/Setup%20and%20Configuration/Special%20Dates/SD_TC.031%20Create%20New%20_all%20mandatory%20blank/Script1678221705940.groovy: 19: unable to resolve class com.github.javafaker.Faker
 @ line 19, column 1.
   import com.github.javafaker.Faker as Faker
   ^

1 error

	at com.kms.katalon.core.main.ScriptEngine.getScript(ScriptEngine.java:199)
	at com.kms.katalon.core.main.ScriptEngine.run(ScriptEngine.java:194)
	at com.kms.katalon.core.main.ScriptEngine.runScriptAsRawText(ScriptEngine.java:119)
	at com.kms.katalon.core.main.TestCaseExecutor.runScript(TestCaseExecutor.java:448)
	at com.kms.katalon.core.main.TestCaseExecutor.doExecute(TestCaseExecutor.java:439)
	at com.kms.katalon.core.main.TestCaseExecutor.processExecutionPhase(TestCaseExecutor.java:418)
	at com.kms.katalon.core.main.TestCaseExecutor.accessMainPhase(TestCaseExecutor.java:410)
	at com.kms.katalon.core.main.TestCaseExecutor.execute(TestCaseExecutor.java:285)
	at com.kms.katalon.core.common.CommonExecutor.accessTestCaseMainPhase(CommonExecutor.java:65)
	at com.kms.katalon.core.main.TestSuiteExecutor.accessTestSuiteMainPhase(TestSuiteExecutor.java:151)
	at com.kms.katalon.core.main.TestSuiteExecutor.execute(TestSuiteExecutor.java:106)
	at com.kms.katalon.core.main.TestCaseMain.startTestSuite(TestCaseMain.java:185)
	at com.kms.katalon.core.main.TestCaseMain$startTestSuite$0.call(Unknown Source)
	at TempTestSuite1680507442613.run(TempTestSuite1680507442613.groovy:36)]]></system-out>
         <system-err><![CDATA[2023-04-03 14:38:01 - [TEST_CASE][ERROR] - Test Cases/SCENARIO/Setup and Configuration/Special Dates/SD_TC.031 Create New _all mandatory blank: Test Cases/SCENARIO/Setup and Configuration/Special Dates/SD_TC.031 Create New _all mandatory blank FAILED.
Reason:
org.codehaus.groovy.control.MultipleCompilationErrorsException: startup failed:
file:/D:/_Bayu%20Buana/BB_Automation/bb-internal-katalon/Scripts/SCENARIO/Setup%20and%20Configuration/Special%20Dates/SD_TC.031%20Create%20New%20_all%20mandatory%20blank/Script1678221705940.groovy: 19: unable to resolve class com.github.javafaker.Faker
 @ line 19, column 1.
   import com.github.javafaker.Faker as Faker
   ^

1 error

	at com.kms.katalon.core.main.ScriptEngine.getScript(ScriptEngine.java:199)
	at com.kms.katalon.core.main.ScriptEngine.run(ScriptEngine.java:194)
	at com.kms.katalon.core.main.ScriptEngine.runScriptAsRawText(ScriptEngine.java:119)
	at com.kms.katalon.core.main.TestCaseExecutor.runScript(TestCaseExecutor.java:448)
	at com.kms.katalon.core.main.TestCaseExecutor.doExecute(TestCaseExecutor.java:439)
	at com.kms.katalon.core.main.TestCaseExecutor.processExecutionPhase(TestCaseExecutor.java:418)
	at com.kms.katalon.core.main.TestCaseExecutor.accessMainPhase(TestCaseExecutor.java:410)
	at com.kms.katalon.core.main.TestCaseExecutor.execute(TestCaseExecutor.java:285)
	at com.kms.katalon.core.common.CommonExecutor.accessTestCaseMainPhase(CommonExecutor.java:65)
	at com.kms.katalon.core.main.TestSuiteExecutor.accessTestSuiteMainPhase(TestSuiteExecutor.java:151)
	at com.kms.katalon.core.main.TestSuiteExecutor.execute(TestSuiteExecutor.java:106)
	at com.kms.katalon.core.main.TestCaseMain.startTestSuite(TestCaseMain.java:185)
	at com.kms.katalon.core.main.TestCaseMain$startTestSuite$0.call(Unknown Source)
	at TempTestSuite1680507442613.run(TempTestSuite1680507442613.groovy:36)]]></system-err>
      </testcase>
      <testcase name="Test Cases/SCENARIO/Setup and Configuration/Special Dates/SD_TC.032 Create New _cancel create" time="0.387" classname="Test Cases/SCENARIO/Setup and Configuration/Special Dates/SD_TC.032 Create New _cancel create" status="ERROR">
         <error type="ERROR" message="Test Cases/SCENARIO/Setup and Configuration/Special Dates/SD_TC.032 Create New _cancel create FAILED.
Reason:
org.codehaus.groovy.control.MultipleCompilationErrorsException: startup failed:
file:/D:/_Bayu%20Buana/BB_Automation/bb-internal-katalon/Scripts/SCENARIO/Setup%20and%20Configuration/Special%20Dates/SD_TC.032%20Create%20New%20_cancel%20create/Script1678223006844.groovy: 19: unable to resolve class com.github.javafaker.Faker
 @ line 19, column 1.
   import com.github.javafaker.Faker as Faker
   ^

1 error

	at com.kms.katalon.core.main.ScriptEngine.getScript(ScriptEngine.java:199)
	at com.kms.katalon.core.main.ScriptEngine.run(ScriptEngine.java:194)
	at com.kms.katalon.core.main.ScriptEngine.runScriptAsRawText(ScriptEngine.java:119)
	at com.kms.katalon.core.main.TestCaseExecutor.runScript(TestCaseExecutor.java:448)
	at com.kms.katalon.core.main.TestCaseExecutor.doExecute(TestCaseExecutor.java:439)
	at com.kms.katalon.core.main.TestCaseExecutor.processExecutionPhase(TestCaseExecutor.java:418)
	at com.kms.katalon.core.main.TestCaseExecutor.accessMainPhase(TestCaseExecutor.java:410)
	at com.kms.katalon.core.main.TestCaseExecutor.execute(TestCaseExecutor.java:285)
	at com.kms.katalon.core.common.CommonExecutor.accessTestCaseMainPhase(CommonExecutor.java:65)
	at com.kms.katalon.core.main.TestSuiteExecutor.accessTestSuiteMainPhase(TestSuiteExecutor.java:151)
	at com.kms.katalon.core.main.TestSuiteExecutor.execute(TestSuiteExecutor.java:106)
	at com.kms.katalon.core.main.TestCaseMain.startTestSuite(TestCaseMain.java:185)
	at com.kms.katalon.core.main.TestCaseMain$startTestSuite$0.call(Unknown Source)
	at TempTestSuite1680507442613.run(TempTestSuite1680507442613.groovy:36)
"/>
         <system-out><![CDATA[2023-04-03 14:38:01 - [TEST_CASE][ERROR] - Test Cases/SCENARIO/Setup and Configuration/Special Dates/SD_TC.032 Create New _cancel create: Test Cases/SCENARIO/Setup and Configuration/Special Dates/SD_TC.032 Create New _cancel create FAILED.
Reason:
org.codehaus.groovy.control.MultipleCompilationErrorsException: startup failed:
file:/D:/_Bayu%20Buana/BB_Automation/bb-internal-katalon/Scripts/SCENARIO/Setup%20and%20Configuration/Special%20Dates/SD_TC.032%20Create%20New%20_cancel%20create/Script1678223006844.groovy: 19: unable to resolve class com.github.javafaker.Faker
 @ line 19, column 1.
   import com.github.javafaker.Faker as Faker
   ^

1 error

	at com.kms.katalon.core.main.ScriptEngine.getScript(ScriptEngine.java:199)
	at com.kms.katalon.core.main.ScriptEngine.run(ScriptEngine.java:194)
	at com.kms.katalon.core.main.ScriptEngine.runScriptAsRawText(ScriptEngine.java:119)
	at com.kms.katalon.core.main.TestCaseExecutor.runScript(TestCaseExecutor.java:448)
	at com.kms.katalon.core.main.TestCaseExecutor.doExecute(TestCaseExecutor.java:439)
	at com.kms.katalon.core.main.TestCaseExecutor.processExecutionPhase(TestCaseExecutor.java:418)
	at com.kms.katalon.core.main.TestCaseExecutor.accessMainPhase(TestCaseExecutor.java:410)
	at com.kms.katalon.core.main.TestCaseExecutor.execute(TestCaseExecutor.java:285)
	at com.kms.katalon.core.common.CommonExecutor.accessTestCaseMainPhase(CommonExecutor.java:65)
	at com.kms.katalon.core.main.TestSuiteExecutor.accessTestSuiteMainPhase(TestSuiteExecutor.java:151)
	at com.kms.katalon.core.main.TestSuiteExecutor.execute(TestSuiteExecutor.java:106)
	at com.kms.katalon.core.main.TestCaseMain.startTestSuite(TestCaseMain.java:185)
	at com.kms.katalon.core.main.TestCaseMain$startTestSuite$0.call(Unknown Source)
	at TempTestSuite1680507442613.run(TempTestSuite1680507442613.groovy:36)]]></system-out>
         <system-err><![CDATA[2023-04-03 14:38:01 - [TEST_CASE][ERROR] - Test Cases/SCENARIO/Setup and Configuration/Special Dates/SD_TC.032 Create New _cancel create: Test Cases/SCENARIO/Setup and Configuration/Special Dates/SD_TC.032 Create New _cancel create FAILED.
Reason:
org.codehaus.groovy.control.MultipleCompilationErrorsException: startup failed:
file:/D:/_Bayu%20Buana/BB_Automation/bb-internal-katalon/Scripts/SCENARIO/Setup%20and%20Configuration/Special%20Dates/SD_TC.032%20Create%20New%20_cancel%20create/Script1678223006844.groovy: 19: unable to resolve class com.github.javafaker.Faker
 @ line 19, column 1.
   import com.github.javafaker.Faker as Faker
   ^

1 error

	at com.kms.katalon.core.main.ScriptEngine.getScript(ScriptEngine.java:199)
	at com.kms.katalon.core.main.ScriptEngine.run(ScriptEngine.java:194)
	at com.kms.katalon.core.main.ScriptEngine.runScriptAsRawText(ScriptEngine.java:119)
	at com.kms.katalon.core.main.TestCaseExecutor.runScript(TestCaseExecutor.java:448)
	at com.kms.katalon.core.main.TestCaseExecutor.doExecute(TestCaseExecutor.java:439)
	at com.kms.katalon.core.main.TestCaseExecutor.processExecutionPhase(TestCaseExecutor.java:418)
	at com.kms.katalon.core.main.TestCaseExecutor.accessMainPhase(TestCaseExecutor.java:410)
	at com.kms.katalon.core.main.TestCaseExecutor.execute(TestCaseExecutor.java:285)
	at com.kms.katalon.core.common.CommonExecutor.accessTestCaseMainPhase(CommonExecutor.java:65)
	at com.kms.katalon.core.main.TestSuiteExecutor.accessTestSuiteMainPhase(TestSuiteExecutor.java:151)
	at com.kms.katalon.core.main.TestSuiteExecutor.execute(TestSuiteExecutor.java:106)
	at com.kms.katalon.core.main.TestCaseMain.startTestSuite(TestCaseMain.java:185)
	at com.kms.katalon.core.main.TestCaseMain$startTestSuite$0.call(Unknown Source)
	at TempTestSuite1680507442613.run(TempTestSuite1680507442613.groovy:36)]]></system-err>
      </testcase>
      <testcase name="Test Cases/SCENARIO/Setup and Configuration/Special Dates/SD_TC.035 Edit _field name _only input spaces or tabs" time="19.733" classname="Test Cases/SCENARIO/Setup and Configuration/Special Dates/SD_TC.035 Edit _field name _only input spaces or tabs" status="PASSED">
         <system-out><![CDATA[2023-04-03 14:38:02 - [TEST_CASE][PASSED] - Test Cases/SCENARIO/Setup and Configuration/Special Dates/SD_TC.035 Edit _field name _only input spaces or tabs: Test Cases/SCENARIO/Setup and Configuration/Special Dates/SD_TC.035 Edit _field name _only input spaces or tabs

2023-04-03 14:38:02 - [TEST_STEP][PASSED] - callTestCase(findTestCase("login_internal"), [:], STOP_ON_FAILURE): Call Test Case 'Test Cases/login_internal' successfully

2023-04-03 14:38:02 - [TEST_CASE][PASSED] - Test Cases/login_internal: Test Cases/login_internal

2023-04-03 14:38:02 - [TEST_STEP][PASSED] - openBrowser(url_login): Browser is opened with url: 'https://bbstg.monstercode.net/auth/login'

2023-04-03 14:38:02 - [MESSAGE][INFO] - Starting 'Chrome' driver

2023-04-03 14:38:02 - [MESSAGE][INFO] - Action delay is set to 0 milliseconds

2023-04-03 14:38:08 - [MESSAGE][PASSED] - Browser is opened with url: 'https://bbstg.monstercode.net/auth/login'

2023-04-03 14:38:08 - [TEST_STEP][PASSED] - maximizeWindow(): Current window maximized

2023-04-03 14:38:08 - [MESSAGE][PASSED] - Current window maximized

2023-04-03 14:38:08 - [TEST_STEP][PASSED] - setText(findTestObject("Object Repository/Log_In/input_Email_username"), user_corporate): Text 'coba.dilain@gmail.com' is set on object 'Object Repository/Log_In/input_Email_username'

2023-04-03 14:38:09 - [MESSAGE][PASSED] - Text 'coba.dilain@gmail.com' is set on object 'Object Repository/Log_In/input_Email_username'

2023-04-03 14:38:09 - [TEST_STEP][PASSED] - setEncryptedText(findTestObject("Object Repository/Log_In/input_Password"), pass_corporate_encrypted): Text ****** has been set on object 'Object Repository/Log_In/input_Password'

2023-04-03 14:38:09 - [MESSAGE][PASSED] - Text ****** has been set on object 'Object Repository/Log_In/input_Password'

2023-04-03 14:38:09 - [TEST_STEP][PASSED] - click(findTestObject("Object Repository/Log_In/btn_sign_in")): Object: 'Object Repository/Log_In/btn_sign_in' is clicked on

2023-04-03 14:38:10 - [MESSAGE][PASSED] - Object: 'Object Repository/Log_In/btn_sign_in' is clicked on

2023-04-03 14:38:10 - [MESSAGE][PASSED] - Call Test Case 'Test Cases/login_internal' successfully

2023-04-03 14:38:10 - [TEST_STEP][PASSED] - click(findTestObject("Object Repository/special_dates/dashboardBtn")): Object: 'Object Repository/special_dates/dashboardBtn' is clicked on

2023-04-03 14:38:13 - [MESSAGE][PASSED] - Object: 'Object Repository/special_dates/dashboardBtn' is clicked on

2023-04-03 14:38:13 - [TEST_STEP][PASSED] - click(findTestObject("Object Repository/special_dates/setupAndConfMenu")): Object: 'Object Repository/special_dates/setupAndConfMenu' is clicked on

2023-04-03 14:38:13 - [MESSAGE][PASSED] - Object: 'Object Repository/special_dates/setupAndConfMenu' is clicked on

2023-04-03 14:38:13 - [TEST_STEP][PASSED] - click(findTestObject("Object Repository/special_dates/special_date_subMenu")): Object: 'Object Repository/special_dates/special_date_subMenu' is clicked on

2023-04-03 14:38:14 - [MESSAGE][PASSED] - Object: 'Object Repository/special_dates/special_date_subMenu' is clicked on

2023-04-03 14:38:14 - [TEST_STEP][PASSED] - click(findTestObject("Object Repository/special_dates/breadcrumb")): Object: 'Object Repository/special_dates/breadcrumb' is clicked on

2023-04-03 14:38:15 - [MESSAGE][PASSED] - Object: 'Object Repository/special_dates/breadcrumb' is clicked on

2023-04-03 14:38:15 - [TEST_STEP][PASSED] - verifyElementPresent(findTestObject("Object Repository/special_dates/h1_title_sd"), 0): Object 'Object Repository/special_dates/h1_title_sd' is present

2023-04-03 14:38:15 - [MESSAGE][WARNING] - Timeout '0' is invalid. Using default page load timeout: '30'

2023-04-03 14:38:15 - [MESSAGE][PASSED] - Object 'Object Repository/special_dates/h1_title_sd' is present

2023-04-03 14:38:15 - [TEST_STEP][PASSED] - click(findTestObject("Object Repository/special_dates/action_item_edit")): Object: 'Object Repository/special_dates/action_item_edit' is clicked on

2023-04-03 14:38:16 - [MESSAGE][PASSED] - Object: 'Object Repository/special_dates/action_item_edit' is clicked on

2023-04-03 14:38:16 - [TEST_STEP][PASSED] - sendKeys(findTestObject("Object Repository/special_dates/field_name"), Keys.chord(CONTROL, "a")): Keys 'CONTROL + a' sent to object: 'Object Repository/special_dates/field_name'

2023-04-03 14:38:17 - [MESSAGE][PASSED] - Keys 'CONTROL + a' sent to object: 'Object Repository/special_dates/field_name'

2023-04-03 14:38:17 - [TEST_STEP][PASSED] - sendKeys(findTestObject("Object Repository/special_dates/field_name"), Keys.chord(BACK_SPACE)): Keys 'BACK_SPACE + ' sent to object: 'Object Repository/special_dates/field_name'

2023-04-03 14:38:17 - [MESSAGE][PASSED] - Keys 'BACK_SPACE + ' sent to object: 'Object Repository/special_dates/field_name'

2023-04-03 14:38:17 - [TEST_STEP][PASSED] - setText(findTestObject("Object Repository/special_dates/field_name"), " "): Text ' ' is set on object 'Object Repository/special_dates/field_name'

2023-04-03 14:38:18 - [MESSAGE][PASSED] - Text ' ' is set on object 'Object Repository/special_dates/field_name'

2023-04-03 14:38:18 - [TEST_STEP][PASSED] - click(findTestObject("Object Repository/special_dates/btn_save")): Object: 'Object Repository/special_dates/btn_save' is clicked on

2023-04-03 14:38:19 - [MESSAGE][PASSED] - Object: 'Object Repository/special_dates/btn_save' is clicked on

2023-04-03 14:38:19 - [TEST_STEP][PASSED] - takeScreenshot(): Taking screenshot successfully

2023-04-03 14:38:21 - [MESSAGE][PASSED] - Taking screenshot successfully
[[ATTACHMENT|D:\\_Bayu Buana\\BB_Automation\\bb-internal-katalon\\Reports\\20230403_143722\\RUN\\20230403_143722\\1680507500937.png]]

2023-04-03 14:38:21 - [TEST_STEP][PASSED] - closeBrowser(): Browser is closed

2023-04-03 14:38:22 - [MESSAGE][PASSED] - Browser is closed]]></system-out>
         <system-err><![CDATA[]]></system-err>
      </testcase>
      <testcase name="Test Cases/SCENARIO/Setup and Configuration/Special Dates/SD_TC.036 Edit _field name _1 character" time="24.45" classname="Test Cases/SCENARIO/Setup and Configuration/Special Dates/SD_TC.036 Edit _field name _1 character" status="PASSED">
         <system-out><![CDATA[2023-04-03 14:38:22 - [TEST_CASE][PASSED] - Test Cases/SCENARIO/Setup and Configuration/Special Dates/SD_TC.036 Edit _field name _1 character: Test Cases/SCENARIO/Setup and Configuration/Special Dates/SD_TC.036 Edit _field name _1 character

2023-04-03 14:38:22 - [TEST_STEP][PASSED] - callTestCase(findTestCase("login_internal"), [:], STOP_ON_FAILURE): Call Test Case 'Test Cases/login_internal' successfully

2023-04-03 14:38:22 - [TEST_CASE][PASSED] - Test Cases/login_internal: Test Cases/login_internal

2023-04-03 14:38:22 - [TEST_STEP][PASSED] - openBrowser(url_login): Browser is opened with url: 'https://bbstg.monstercode.net/auth/login'

2023-04-03 14:38:22 - [MESSAGE][INFO] - Starting 'Chrome' driver

2023-04-03 14:38:22 - [MESSAGE][INFO] - Action delay is set to 0 milliseconds

2023-04-03 14:38:32 - [MESSAGE][PASSED] - Browser is opened with url: 'https://bbstg.monstercode.net/auth/login'

2023-04-03 14:38:32 - [TEST_STEP][PASSED] - maximizeWindow(): Current window maximized

2023-04-03 14:38:32 - [MESSAGE][PASSED] - Current window maximized

2023-04-03 14:38:32 - [TEST_STEP][PASSED] - setText(findTestObject("Object Repository/Log_In/input_Email_username"), user_corporate): Text 'coba.dilain@gmail.com' is set on object 'Object Repository/Log_In/input_Email_username'

2023-04-03 14:38:33 - [MESSAGE][PASSED] - Text 'coba.dilain@gmail.com' is set on object 'Object Repository/Log_In/input_Email_username'

2023-04-03 14:38:33 - [TEST_STEP][PASSED] - setEncryptedText(findTestObject("Object Repository/Log_In/input_Password"), pass_corporate_encrypted): Text ****** has been set on object 'Object Repository/Log_In/input_Password'

2023-04-03 14:38:34 - [MESSAGE][PASSED] - Text ****** has been set on object 'Object Repository/Log_In/input_Password'

2023-04-03 14:38:34 - [TEST_STEP][PASSED] - click(findTestObject("Object Repository/Log_In/btn_sign_in")): Object: 'Object Repository/Log_In/btn_sign_in' is clicked on

2023-04-03 14:38:34 - [MESSAGE][PASSED] - Object: 'Object Repository/Log_In/btn_sign_in' is clicked on

2023-04-03 14:38:34 - [MESSAGE][PASSED] - Call Test Case 'Test Cases/login_internal' successfully

2023-04-03 14:38:34 - [TEST_STEP][PASSED] - click(findTestObject("Object Repository/special_dates/dashboardBtn")): Object: 'Object Repository/special_dates/dashboardBtn' is clicked on

2023-04-03 14:38:37 - [MESSAGE][PASSED] - Object: 'Object Repository/special_dates/dashboardBtn' is clicked on

2023-04-03 14:38:37 - [TEST_STEP][PASSED] - click(findTestObject("Object Repository/special_dates/setupAndConfMenu")): Object: 'Object Repository/special_dates/setupAndConfMenu' is clicked on

2023-04-03 14:38:38 - [MESSAGE][PASSED] - Object: 'Object Repository/special_dates/setupAndConfMenu' is clicked on

2023-04-03 14:38:38 - [TEST_STEP][PASSED] - click(findTestObject("Object Repository/special_dates/special_date_subMenu")): Object: 'Object Repository/special_dates/special_date_subMenu' is clicked on

2023-04-03 14:38:38 - [MESSAGE][PASSED] - Object: 'Object Repository/special_dates/special_date_subMenu' is clicked on

2023-04-03 14:38:38 - [TEST_STEP][PASSED] - click(findTestObject("Object Repository/special_dates/breadcrumb")): Object: 'Object Repository/special_dates/breadcrumb' is clicked on

2023-04-03 14:38:39 - [MESSAGE][PASSED] - Object: 'Object Repository/special_dates/breadcrumb' is clicked on

2023-04-03 14:38:39 - [TEST_STEP][PASSED] - verifyElementPresent(findTestObject("Object Repository/special_dates/h1_title_sd"), 0): Object 'Object Repository/special_dates/h1_title_sd' is present

2023-04-03 14:38:39 - [MESSAGE][WARNING] - Timeout '0' is invalid. Using default page load timeout: '30'

2023-04-03 14:38:40 - [MESSAGE][PASSED] - Object 'Object Repository/special_dates/h1_title_sd' is present

2023-04-03 14:38:40 - [TEST_STEP][PASSED] - click(findTestObject("Object Repository/special_dates/action_item_edit")): Object: 'Object Repository/special_dates/action_item_edit' is clicked on

2023-04-03 14:38:40 - [MESSAGE][PASSED] - Object: 'Object Repository/special_dates/action_item_edit' is clicked on

2023-04-03 14:38:40 - [TEST_STEP][PASSED] - sendKeys(findTestObject("Object Repository/special_dates/field_name"), Keys.chord(CONTROL, "a")): Keys 'CONTROL + a' sent to object: 'Object Repository/special_dates/field_name'

2023-04-03 14:38:41 - [MESSAGE][PASSED] - Keys 'CONTROL + a' sent to object: 'Object Repository/special_dates/field_name'

2023-04-03 14:38:41 - [TEST_STEP][PASSED] - sendKeys(findTestObject("Object Repository/special_dates/field_name"), Keys.chord(BACK_SPACE)): Keys 'BACK_SPACE + ' sent to object: 'Object Repository/special_dates/field_name'

2023-04-03 14:38:42 - [MESSAGE][PASSED] - Keys 'BACK_SPACE + ' sent to object: 'Object Repository/special_dates/field_name'

2023-04-03 14:38:42 - [TEST_STEP][PASSED] - setText(findTestObject("Object Repository/special_dates/field_name"), "a"): Text 'a' is set on object 'Object Repository/special_dates/field_name'

2023-04-03 14:38:43 - [MESSAGE][PASSED] - Text 'a' is set on object 'Object Repository/special_dates/field_name'

2023-04-03 14:38:43 - [TEST_STEP][PASSED] - click(findTestObject("Object Repository/special_dates/btn_save")): Object: 'Object Repository/special_dates/btn_save' is clicked on

2023-04-03 14:38:44 - [MESSAGE][PASSED] - Object: 'Object Repository/special_dates/btn_save' is clicked on

2023-04-03 14:38:44 - [TEST_STEP][PASSED] - takeScreenshot(): Taking screenshot successfully

2023-04-03 14:38:45 - [MESSAGE][PASSED] - Taking screenshot successfully
[[ATTACHMENT|D:\\_Bayu Buana\\BB_Automation\\bb-internal-katalon\\Reports\\20230403_143722\\RUN\\20230403_143722\\1680507525563.png]]

2023-04-03 14:38:45 - [TEST_STEP][PASSED] - closeBrowser(): Browser is closed

2023-04-03 14:38:46 - [MESSAGE][PASSED] - Browser is closed]]></system-out>
         <system-err><![CDATA[]]></system-err>
      </testcase>
      <testcase name="Test Cases/SCENARIO/Setup and Configuration/Special Dates/SD_TC.037 Edit _field name _more than 256 characters" time="0.514" classname="Test Cases/SCENARIO/Setup and Configuration/Special Dates/SD_TC.037 Edit _field name _more than 256 characters" status="ERROR">
         <error type="ERROR" message="Test Cases/SCENARIO/Setup and Configuration/Special Dates/SD_TC.037 Edit _field name _more than 256 characters FAILED.
Reason:
org.codehaus.groovy.control.MultipleCompilationErrorsException: startup failed:
file:/D:/_Bayu%20Buana/BB_Automation/bb-internal-katalon/Scripts/SCENARIO/Setup%20and%20Configuration/Special%20Dates/SD_TC.037%20Edit%20_field%20name%20_more%20than%20256%20characters/Script1678225661474.groovy: 19: unable to resolve class com.github.javafaker.Faker
 @ line 19, column 1.
   import com.github.javafaker.Faker as Faker
   ^

1 error

	at com.kms.katalon.core.main.ScriptEngine.getScript(ScriptEngine.java:199)
	at com.kms.katalon.core.main.ScriptEngine.run(ScriptEngine.java:194)
	at com.kms.katalon.core.main.ScriptEngine.runScriptAsRawText(ScriptEngine.java:119)
	at com.kms.katalon.core.main.TestCaseExecutor.runScript(TestCaseExecutor.java:448)
	at com.kms.katalon.core.main.TestCaseExecutor.doExecute(TestCaseExecutor.java:439)
	at com.kms.katalon.core.main.TestCaseExecutor.processExecutionPhase(TestCaseExecutor.java:418)
	at com.kms.katalon.core.main.TestCaseExecutor.accessMainPhase(TestCaseExecutor.java:410)
	at com.kms.katalon.core.main.TestCaseExecutor.execute(TestCaseExecutor.java:285)
	at com.kms.katalon.core.common.CommonExecutor.accessTestCaseMainPhase(CommonExecutor.java:65)
	at com.kms.katalon.core.main.TestSuiteExecutor.accessTestSuiteMainPhase(TestSuiteExecutor.java:151)
	at com.kms.katalon.core.main.TestSuiteExecutor.execute(TestSuiteExecutor.java:106)
	at com.kms.katalon.core.main.TestCaseMain.startTestSuite(TestCaseMain.java:185)
	at com.kms.katalon.core.main.TestCaseMain$startTestSuite$0.call(Unknown Source)
	at TempTestSuite1680507442613.run(TempTestSuite1680507442613.groovy:36)
"/>
         <system-out><![CDATA[2023-04-03 14:38:46 - [TEST_CASE][ERROR] - Test Cases/SCENARIO/Setup and Configuration/Special Dates/SD_TC.037 Edit _field name _more than 256 characters: Test Cases/SCENARIO/Setup and Configuration/Special Dates/SD_TC.037 Edit _field name _more than 256 characters FAILED.
Reason:
org.codehaus.groovy.control.MultipleCompilationErrorsException: startup failed:
file:/D:/_Bayu%20Buana/BB_Automation/bb-internal-katalon/Scripts/SCENARIO/Setup%20and%20Configuration/Special%20Dates/SD_TC.037%20Edit%20_field%20name%20_more%20than%20256%20characters/Script1678225661474.groovy: 19: unable to resolve class com.github.javafaker.Faker
 @ line 19, column 1.
   import com.github.javafaker.Faker as Faker
   ^

1 error

	at com.kms.katalon.core.main.ScriptEngine.getScript(ScriptEngine.java:199)
	at com.kms.katalon.core.main.ScriptEngine.run(ScriptEngine.java:194)
	at com.kms.katalon.core.main.ScriptEngine.runScriptAsRawText(ScriptEngine.java:119)
	at com.kms.katalon.core.main.TestCaseExecutor.runScript(TestCaseExecutor.java:448)
	at com.kms.katalon.core.main.TestCaseExecutor.doExecute(TestCaseExecutor.java:439)
	at com.kms.katalon.core.main.TestCaseExecutor.processExecutionPhase(TestCaseExecutor.java:418)
	at com.kms.katalon.core.main.TestCaseExecutor.accessMainPhase(TestCaseExecutor.java:410)
	at com.kms.katalon.core.main.TestCaseExecutor.execute(TestCaseExecutor.java:285)
	at com.kms.katalon.core.common.CommonExecutor.accessTestCaseMainPhase(CommonExecutor.java:65)
	at com.kms.katalon.core.main.TestSuiteExecutor.accessTestSuiteMainPhase(TestSuiteExecutor.java:151)
	at com.kms.katalon.core.main.TestSuiteExecutor.execute(TestSuiteExecutor.java:106)
	at com.kms.katalon.core.main.TestCaseMain.startTestSuite(TestCaseMain.java:185)
	at com.kms.katalon.core.main.TestCaseMain$startTestSuite$0.call(Unknown Source)
	at TempTestSuite1680507442613.run(TempTestSuite1680507442613.groovy:36)]]></system-out>
         <system-err><![CDATA[2023-04-03 14:38:46 - [TEST_CASE][ERROR] - Test Cases/SCENARIO/Setup and Configuration/Special Dates/SD_TC.037 Edit _field name _more than 256 characters: Test Cases/SCENARIO/Setup and Configuration/Special Dates/SD_TC.037 Edit _field name _more than 256 characters FAILED.
Reason:
org.codehaus.groovy.control.MultipleCompilationErrorsException: startup failed:
file:/D:/_Bayu%20Buana/BB_Automation/bb-internal-katalon/Scripts/SCENARIO/Setup%20and%20Configuration/Special%20Dates/SD_TC.037%20Edit%20_field%20name%20_more%20than%20256%20characters/Script1678225661474.groovy: 19: unable to resolve class com.github.javafaker.Faker
 @ line 19, column 1.
   import com.github.javafaker.Faker as Faker
   ^

1 error

	at com.kms.katalon.core.main.ScriptEngine.getScript(ScriptEngine.java:199)
	at com.kms.katalon.core.main.ScriptEngine.run(ScriptEngine.java:194)
	at com.kms.katalon.core.main.ScriptEngine.runScriptAsRawText(ScriptEngine.java:119)
	at com.kms.katalon.core.main.TestCaseExecutor.runScript(TestCaseExecutor.java:448)
	at com.kms.katalon.core.main.TestCaseExecutor.doExecute(TestCaseExecutor.java:439)
	at com.kms.katalon.core.main.TestCaseExecutor.processExecutionPhase(TestCaseExecutor.java:418)
	at com.kms.katalon.core.main.TestCaseExecutor.accessMainPhase(TestCaseExecutor.java:410)
	at com.kms.katalon.core.main.TestCaseExecutor.execute(TestCaseExecutor.java:285)
	at com.kms.katalon.core.common.CommonExecutor.accessTestCaseMainPhase(CommonExecutor.java:65)
	at com.kms.katalon.core.main.TestSuiteExecutor.accessTestSuiteMainPhase(TestSuiteExecutor.java:151)
	at com.kms.katalon.core.main.TestSuiteExecutor.execute(TestSuiteExecutor.java:106)
	at com.kms.katalon.core.main.TestCaseMain.startTestSuite(TestCaseMain.java:185)
	at com.kms.katalon.core.main.TestCaseMain$startTestSuite$0.call(Unknown Source)
	at TempTestSuite1680507442613.run(TempTestSuite1680507442613.groovy:36)]]></system-err>
      </testcase>
      <testcase name="Test Cases/SCENARIO/Setup and Configuration/Special Dates/SD_TC.038 Edit _field name blank" time="0.425" classname="Test Cases/SCENARIO/Setup and Configuration/Special Dates/SD_TC.038 Edit _field name blank" status="ERROR">
         <error type="ERROR" message="Test Cases/SCENARIO/Setup and Configuration/Special Dates/SD_TC.038 Edit _field name blank FAILED.
Reason:
org.codehaus.groovy.control.MultipleCompilationErrorsException: startup failed:
file:/D:/_Bayu%20Buana/BB_Automation/bb-internal-katalon/Scripts/SCENARIO/Setup%20and%20Configuration/Special%20Dates/SD_TC.038%20Edit%20_field%20name%20blank/Script1678225146185.groovy: 19: unable to resolve class com.github.javafaker.Faker
 @ line 19, column 1.
   import com.github.javafaker.Faker as Faker
   ^

1 error

	at com.kms.katalon.core.main.ScriptEngine.getScript(ScriptEngine.java:199)
	at com.kms.katalon.core.main.ScriptEngine.run(ScriptEngine.java:194)
	at com.kms.katalon.core.main.ScriptEngine.runScriptAsRawText(ScriptEngine.java:119)
	at com.kms.katalon.core.main.TestCaseExecutor.runScript(TestCaseExecutor.java:448)
	at com.kms.katalon.core.main.TestCaseExecutor.doExecute(TestCaseExecutor.java:439)
	at com.kms.katalon.core.main.TestCaseExecutor.processExecutionPhase(TestCaseExecutor.java:418)
	at com.kms.katalon.core.main.TestCaseExecutor.accessMainPhase(TestCaseExecutor.java:410)
	at com.kms.katalon.core.main.TestCaseExecutor.execute(TestCaseExecutor.java:285)
	at com.kms.katalon.core.common.CommonExecutor.accessTestCaseMainPhase(CommonExecutor.java:65)
	at com.kms.katalon.core.main.TestSuiteExecutor.accessTestSuiteMainPhase(TestSuiteExecutor.java:151)
	at com.kms.katalon.core.main.TestSuiteExecutor.execute(TestSuiteExecutor.java:106)
	at com.kms.katalon.core.main.TestCaseMain.startTestSuite(TestCaseMain.java:185)
	at com.kms.katalon.core.main.TestCaseMain$startTestSuite$0.call(Unknown Source)
	at TempTestSuite1680507442613.run(TempTestSuite1680507442613.groovy:36)
"/>
         <system-out><![CDATA[2023-04-03 14:38:47 - [TEST_CASE][ERROR] - Test Cases/SCENARIO/Setup and Configuration/Special Dates/SD_TC.038 Edit _field name blank: Test Cases/SCENARIO/Setup and Configuration/Special Dates/SD_TC.038 Edit _field name blank FAILED.
Reason:
org.codehaus.groovy.control.MultipleCompilationErrorsException: startup failed:
file:/D:/_Bayu%20Buana/BB_Automation/bb-internal-katalon/Scripts/SCENARIO/Setup%20and%20Configuration/Special%20Dates/SD_TC.038%20Edit%20_field%20name%20blank/Script1678225146185.groovy: 19: unable to resolve class com.github.javafaker.Faker
 @ line 19, column 1.
   import com.github.javafaker.Faker as Faker
   ^

1 error

	at com.kms.katalon.core.main.ScriptEngine.getScript(ScriptEngine.java:199)
	at com.kms.katalon.core.main.ScriptEngine.run(ScriptEngine.java:194)
	at com.kms.katalon.core.main.ScriptEngine.runScriptAsRawText(ScriptEngine.java:119)
	at com.kms.katalon.core.main.TestCaseExecutor.runScript(TestCaseExecutor.java:448)
	at com.kms.katalon.core.main.TestCaseExecutor.doExecute(TestCaseExecutor.java:439)
	at com.kms.katalon.core.main.TestCaseExecutor.processExecutionPhase(TestCaseExecutor.java:418)
	at com.kms.katalon.core.main.TestCaseExecutor.accessMainPhase(TestCaseExecutor.java:410)
	at com.kms.katalon.core.main.TestCaseExecutor.execute(TestCaseExecutor.java:285)
	at com.kms.katalon.core.common.CommonExecutor.accessTestCaseMainPhase(CommonExecutor.java:65)
	at com.kms.katalon.core.main.TestSuiteExecutor.accessTestSuiteMainPhase(TestSuiteExecutor.java:151)
	at com.kms.katalon.core.main.TestSuiteExecutor.execute(TestSuiteExecutor.java:106)
	at com.kms.katalon.core.main.TestCaseMain.startTestSuite(TestCaseMain.java:185)
	at com.kms.katalon.core.main.TestCaseMain$startTestSuite$0.call(Unknown Source)
	at TempTestSuite1680507442613.run(TempTestSuite1680507442613.groovy:36)]]></system-out>
         <system-err><![CDATA[2023-04-03 14:38:47 - [TEST_CASE][ERROR] - Test Cases/SCENARIO/Setup and Configuration/Special Dates/SD_TC.038 Edit _field name blank: Test Cases/SCENARIO/Setup and Configuration/Special Dates/SD_TC.038 Edit _field name blank FAILED.
Reason:
org.codehaus.groovy.control.MultipleCompilationErrorsException: startup failed:
file:/D:/_Bayu%20Buana/BB_Automation/bb-internal-katalon/Scripts/SCENARIO/Setup%20and%20Configuration/Special%20Dates/SD_TC.038%20Edit%20_field%20name%20blank/Script1678225146185.groovy: 19: unable to resolve class com.github.javafaker.Faker
 @ line 19, column 1.
   import com.github.javafaker.Faker as Faker
   ^

1 error

	at com.kms.katalon.core.main.ScriptEngine.getScript(ScriptEngine.java:199)
	at com.kms.katalon.core.main.ScriptEngine.run(ScriptEngine.java:194)
	at com.kms.katalon.core.main.ScriptEngine.runScriptAsRawText(ScriptEngine.java:119)
	at com.kms.katalon.core.main.TestCaseExecutor.runScript(TestCaseExecutor.java:448)
	at com.kms.katalon.core.main.TestCaseExecutor.doExecute(TestCaseExecutor.java:439)
	at com.kms.katalon.core.main.TestCaseExecutor.processExecutionPhase(TestCaseExecutor.java:418)
	at com.kms.katalon.core.main.TestCaseExecutor.accessMainPhase(TestCaseExecutor.java:410)
	at com.kms.katalon.core.main.TestCaseExecutor.execute(TestCaseExecutor.java:285)
	at com.kms.katalon.core.common.CommonExecutor.accessTestCaseMainPhase(CommonExecutor.java:65)
	at com.kms.katalon.core.main.TestSuiteExecutor.accessTestSuiteMainPhase(TestSuiteExecutor.java:151)
	at com.kms.katalon.core.main.TestSuiteExecutor.execute(TestSuiteExecutor.java:106)
	at com.kms.katalon.core.main.TestCaseMain.startTestSuite(TestCaseMain.java:185)
	at com.kms.katalon.core.main.TestCaseMain$startTestSuite$0.call(Unknown Source)
	at TempTestSuite1680507442613.run(TempTestSuite1680507442613.groovy:36)]]></system-err>
      </testcase>
      <testcase name="Test Cases/SCENARIO/Setup and Configuration/Special Dates/SD_TC.039-040" time="0.403" classname="Test Cases/SCENARIO/Setup and Configuration/Special Dates/SD_TC.039-040" status="ERROR">
         <error type="ERROR" message="Test Cases/SCENARIO/Setup and Configuration/Special Dates/SD_TC.039-040 FAILED.
Reason:
org.codehaus.groovy.control.MultipleCompilationErrorsException: startup failed:
file:/D:/_Bayu%20Buana/BB_Automation/bb-internal-katalon/Scripts/SCENARIO/Setup%20and%20Configuration/Special%20Dates/SD_TC.039-040/Script1678228721792.groovy: 19: unable to resolve class com.github.javafaker.Faker
 @ line 19, column 1.
   import com.github.javafaker.Faker as Faker
   ^

1 error

	at com.kms.katalon.core.main.ScriptEngine.getScript(ScriptEngine.java:199)
	at com.kms.katalon.core.main.ScriptEngine.run(ScriptEngine.java:194)
	at com.kms.katalon.core.main.ScriptEngine.runScriptAsRawText(ScriptEngine.java:119)
	at com.kms.katalon.core.main.TestCaseExecutor.runScript(TestCaseExecutor.java:448)
	at com.kms.katalon.core.main.TestCaseExecutor.doExecute(TestCaseExecutor.java:439)
	at com.kms.katalon.core.main.TestCaseExecutor.processExecutionPhase(TestCaseExecutor.java:418)
	at com.kms.katalon.core.main.TestCaseExecutor.accessMainPhase(TestCaseExecutor.java:410)
	at com.kms.katalon.core.main.TestCaseExecutor.execute(TestCaseExecutor.java:285)
	at com.kms.katalon.core.common.CommonExecutor.accessTestCaseMainPhase(CommonExecutor.java:65)
	at com.kms.katalon.core.main.TestSuiteExecutor.accessTestSuiteMainPhase(TestSuiteExecutor.java:151)
	at com.kms.katalon.core.main.TestSuiteExecutor.execute(TestSuiteExecutor.java:106)
	at com.kms.katalon.core.main.TestCaseMain.startTestSuite(TestCaseMain.java:185)
	at com.kms.katalon.core.main.TestCaseMain$startTestSuite$0.call(Unknown Source)
	at TempTestSuite1680507442613.run(TempTestSuite1680507442613.groovy:36)
"/>
         <system-out><![CDATA[2023-04-03 14:38:47 - [TEST_CASE][ERROR] - Test Cases/SCENARIO/Setup and Configuration/Special Dates/SD_TC.039-040: Test Cases/SCENARIO/Setup and Configuration/Special Dates/SD_TC.039-040 FAILED.
Reason:
org.codehaus.groovy.control.MultipleCompilationErrorsException: startup failed:
file:/D:/_Bayu%20Buana/BB_Automation/bb-internal-katalon/Scripts/SCENARIO/Setup%20and%20Configuration/Special%20Dates/SD_TC.039-040/Script1678228721792.groovy: 19: unable to resolve class com.github.javafaker.Faker
 @ line 19, column 1.
   import com.github.javafaker.Faker as Faker
   ^

1 error

	at com.kms.katalon.core.main.ScriptEngine.getScript(ScriptEngine.java:199)
	at com.kms.katalon.core.main.ScriptEngine.run(ScriptEngine.java:194)
	at com.kms.katalon.core.main.ScriptEngine.runScriptAsRawText(ScriptEngine.java:119)
	at com.kms.katalon.core.main.TestCaseExecutor.runScript(TestCaseExecutor.java:448)
	at com.kms.katalon.core.main.TestCaseExecutor.doExecute(TestCaseExecutor.java:439)
	at com.kms.katalon.core.main.TestCaseExecutor.processExecutionPhase(TestCaseExecutor.java:418)
	at com.kms.katalon.core.main.TestCaseExecutor.accessMainPhase(TestCaseExecutor.java:410)
	at com.kms.katalon.core.main.TestCaseExecutor.execute(TestCaseExecutor.java:285)
	at com.kms.katalon.core.common.CommonExecutor.accessTestCaseMainPhase(CommonExecutor.java:65)
	at com.kms.katalon.core.main.TestSuiteExecutor.accessTestSuiteMainPhase(TestSuiteExecutor.java:151)
	at com.kms.katalon.core.main.TestSuiteExecutor.execute(TestSuiteExecutor.java:106)
	at com.kms.katalon.core.main.TestCaseMain.startTestSuite(TestCaseMain.java:185)
	at com.kms.katalon.core.main.TestCaseMain$startTestSuite$0.call(Unknown Source)
	at TempTestSuite1680507442613.run(TempTestSuite1680507442613.groovy:36)]]></system-out>
         <system-err><![CDATA[2023-04-03 14:38:47 - [TEST_CASE][ERROR] - Test Cases/SCENARIO/Setup and Configuration/Special Dates/SD_TC.039-040: Test Cases/SCENARIO/Setup and Configuration/Special Dates/SD_TC.039-040 FAILED.
Reason:
org.codehaus.groovy.control.MultipleCompilationErrorsException: startup failed:
file:/D:/_Bayu%20Buana/BB_Automation/bb-internal-katalon/Scripts/SCENARIO/Setup%20and%20Configuration/Special%20Dates/SD_TC.039-040/Script1678228721792.groovy: 19: unable to resolve class com.github.javafaker.Faker
 @ line 19, column 1.
   import com.github.javafaker.Faker as Faker
   ^

1 error

	at com.kms.katalon.core.main.ScriptEngine.getScript(ScriptEngine.java:199)
	at com.kms.katalon.core.main.ScriptEngine.run(ScriptEngine.java:194)
	at com.kms.katalon.core.main.ScriptEngine.runScriptAsRawText(ScriptEngine.java:119)
	at com.kms.katalon.core.main.TestCaseExecutor.runScript(TestCaseExecutor.java:448)
	at com.kms.katalon.core.main.TestCaseExecutor.doExecute(TestCaseExecutor.java:439)
	at com.kms.katalon.core.main.TestCaseExecutor.processExecutionPhase(TestCaseExecutor.java:418)
	at com.kms.katalon.core.main.TestCaseExecutor.accessMainPhase(TestCaseExecutor.java:410)
	at com.kms.katalon.core.main.TestCaseExecutor.execute(TestCaseExecutor.java:285)
	at com.kms.katalon.core.common.CommonExecutor.accessTestCaseMainPhase(CommonExecutor.java:65)
	at com.kms.katalon.core.main.TestSuiteExecutor.accessTestSuiteMainPhase(TestSuiteExecutor.java:151)
	at com.kms.katalon.core.main.TestSuiteExecutor.execute(TestSuiteExecutor.java:106)
	at com.kms.katalon.core.main.TestCaseMain.startTestSuite(TestCaseMain.java:185)
	at com.kms.katalon.core.main.TestCaseMain$startTestSuite$0.call(Unknown Source)
	at TempTestSuite1680507442613.run(TempTestSuite1680507442613.groovy:36)]]></system-err>
      </testcase>
      <testcase name="Test Cases/SCENARIO/Setup and Configuration/Special Dates/SD_TC.042 Edit _start date _11 years ago" time="0.353" classname="Test Cases/SCENARIO/Setup and Configuration/Special Dates/SD_TC.042 Edit _start date _11 years ago" status="ERROR">
         <error type="ERROR" message="Test Cases/SCENARIO/Setup and Configuration/Special Dates/SD_TC.042 Edit _start date _11 years ago FAILED.
Reason:
org.codehaus.groovy.control.MultipleCompilationErrorsException: startup failed:
file:/D:/_Bayu%20Buana/BB_Automation/bb-internal-katalon/Scripts/SCENARIO/Setup%20and%20Configuration/Special%20Dates/SD_TC.042%20Edit%20_start%20date%20_11%20years%20ago/Script1678229564149.groovy: 19: unable to resolve class com.github.javafaker.Faker
 @ line 19, column 1.
   import com.github.javafaker.Faker as Faker
   ^

1 error

	at com.kms.katalon.core.main.ScriptEngine.getScript(ScriptEngine.java:199)
	at com.kms.katalon.core.main.ScriptEngine.run(ScriptEngine.java:194)
	at com.kms.katalon.core.main.ScriptEngine.runScriptAsRawText(ScriptEngine.java:119)
	at com.kms.katalon.core.main.TestCaseExecutor.runScript(TestCaseExecutor.java:448)
	at com.kms.katalon.core.main.TestCaseExecutor.doExecute(TestCaseExecutor.java:439)
	at com.kms.katalon.core.main.TestCaseExecutor.processExecutionPhase(TestCaseExecutor.java:418)
	at com.kms.katalon.core.main.TestCaseExecutor.accessMainPhase(TestCaseExecutor.java:410)
	at com.kms.katalon.core.main.TestCaseExecutor.execute(TestCaseExecutor.java:285)
	at com.kms.katalon.core.common.CommonExecutor.accessTestCaseMainPhase(CommonExecutor.java:65)
	at com.kms.katalon.core.main.TestSuiteExecutor.accessTestSuiteMainPhase(TestSuiteExecutor.java:151)
	at com.kms.katalon.core.main.TestSuiteExecutor.execute(TestSuiteExecutor.java:106)
	at com.kms.katalon.core.main.TestCaseMain.startTestSuite(TestCaseMain.java:185)
	at com.kms.katalon.core.main.TestCaseMain$startTestSuite$0.call(Unknown Source)
	at TempTestSuite1680507442613.run(TempTestSuite1680507442613.groovy:36)
"/>
         <system-out><![CDATA[2023-04-03 14:38:47 - [TEST_CASE][ERROR] - Test Cases/SCENARIO/Setup and Configuration/Special Dates/SD_TC.042 Edit _start date _11 years ago: Test Cases/SCENARIO/Setup and Configuration/Special Dates/SD_TC.042 Edit _start date _11 years ago FAILED.
Reason:
org.codehaus.groovy.control.MultipleCompilationErrorsException: startup failed:
file:/D:/_Bayu%20Buana/BB_Automation/bb-internal-katalon/Scripts/SCENARIO/Setup%20and%20Configuration/Special%20Dates/SD_TC.042%20Edit%20_start%20date%20_11%20years%20ago/Script1678229564149.groovy: 19: unable to resolve class com.github.javafaker.Faker
 @ line 19, column 1.
   import com.github.javafaker.Faker as Faker
   ^

1 error

	at com.kms.katalon.core.main.ScriptEngine.getScript(ScriptEngine.java:199)
	at com.kms.katalon.core.main.ScriptEngine.run(ScriptEngine.java:194)
	at com.kms.katalon.core.main.ScriptEngine.runScriptAsRawText(ScriptEngine.java:119)
	at com.kms.katalon.core.main.TestCaseExecutor.runScript(TestCaseExecutor.java:448)
	at com.kms.katalon.core.main.TestCaseExecutor.doExecute(TestCaseExecutor.java:439)
	at com.kms.katalon.core.main.TestCaseExecutor.processExecutionPhase(TestCaseExecutor.java:418)
	at com.kms.katalon.core.main.TestCaseExecutor.accessMainPhase(TestCaseExecutor.java:410)
	at com.kms.katalon.core.main.TestCaseExecutor.execute(TestCaseExecutor.java:285)
	at com.kms.katalon.core.common.CommonExecutor.accessTestCaseMainPhase(CommonExecutor.java:65)
	at com.kms.katalon.core.main.TestSuiteExecutor.accessTestSuiteMainPhase(TestSuiteExecutor.java:151)
	at com.kms.katalon.core.main.TestSuiteExecutor.execute(TestSuiteExecutor.java:106)
	at com.kms.katalon.core.main.TestCaseMain.startTestSuite(TestCaseMain.java:185)
	at com.kms.katalon.core.main.TestCaseMain$startTestSuite$0.call(Unknown Source)
	at TempTestSuite1680507442613.run(TempTestSuite1680507442613.groovy:36)]]></system-out>
         <system-err><![CDATA[2023-04-03 14:38:47 - [TEST_CASE][ERROR] - Test Cases/SCENARIO/Setup and Configuration/Special Dates/SD_TC.042 Edit _start date _11 years ago: Test Cases/SCENARIO/Setup and Configuration/Special Dates/SD_TC.042 Edit _start date _11 years ago FAILED.
Reason:
org.codehaus.groovy.control.MultipleCompilationErrorsException: startup failed:
file:/D:/_Bayu%20Buana/BB_Automation/bb-internal-katalon/Scripts/SCENARIO/Setup%20and%20Configuration/Special%20Dates/SD_TC.042%20Edit%20_start%20date%20_11%20years%20ago/Script1678229564149.groovy: 19: unable to resolve class com.github.javafaker.Faker
 @ line 19, column 1.
   import com.github.javafaker.Faker as Faker
   ^

1 error

	at com.kms.katalon.core.main.ScriptEngine.getScript(ScriptEngine.java:199)
	at com.kms.katalon.core.main.ScriptEngine.run(ScriptEngine.java:194)
	at com.kms.katalon.core.main.ScriptEngine.runScriptAsRawText(ScriptEngine.java:119)
	at com.kms.katalon.core.main.TestCaseExecutor.runScript(TestCaseExecutor.java:448)
	at com.kms.katalon.core.main.TestCaseExecutor.doExecute(TestCaseExecutor.java:439)
	at com.kms.katalon.core.main.TestCaseExecutor.processExecutionPhase(TestCaseExecutor.java:418)
	at com.kms.katalon.core.main.TestCaseExecutor.accessMainPhase(TestCaseExecutor.java:410)
	at com.kms.katalon.core.main.TestCaseExecutor.execute(TestCaseExecutor.java:285)
	at com.kms.katalon.core.common.CommonExecutor.accessTestCaseMainPhase(CommonExecutor.java:65)
	at com.kms.katalon.core.main.TestSuiteExecutor.accessTestSuiteMainPhase(TestSuiteExecutor.java:151)
	at com.kms.katalon.core.main.TestSuiteExecutor.execute(TestSuiteExecutor.java:106)
	at com.kms.katalon.core.main.TestCaseMain.startTestSuite(TestCaseMain.java:185)
	at com.kms.katalon.core.main.TestCaseMain$startTestSuite$0.call(Unknown Source)
	at TempTestSuite1680507442613.run(TempTestSuite1680507442613.groovy:36)]]></system-err>
      </testcase>
      <testcase name="Test Cases/SCENARIO/Setup and Configuration/Special Dates/SD_TC.043 Edit _start date _11 years into the future" time="0.351" classname="Test Cases/SCENARIO/Setup and Configuration/Special Dates/SD_TC.043 Edit _start date _11 years into the future" status="ERROR">
         <error type="ERROR" message="Test Cases/SCENARIO/Setup and Configuration/Special Dates/SD_TC.043 Edit _start date _11 years into the future FAILED.
Reason:
org.codehaus.groovy.control.MultipleCompilationErrorsException: startup failed:
file:/D:/_Bayu%20Buana/BB_Automation/bb-internal-katalon/Scripts/SCENARIO/Setup%20and%20Configuration/Special%20Dates/SD_TC.043%20Edit%20_start%20date%20_11%20years%20into%20the%20future/Script1678229800265.groovy: 19: unable to resolve class com.github.javafaker.Faker
 @ line 19, column 1.
   import com.github.javafaker.Faker as Faker
   ^

1 error

	at com.kms.katalon.core.main.ScriptEngine.getScript(ScriptEngine.java:199)
	at com.kms.katalon.core.main.ScriptEngine.run(ScriptEngine.java:194)
	at com.kms.katalon.core.main.ScriptEngine.runScriptAsRawText(ScriptEngine.java:119)
	at com.kms.katalon.core.main.TestCaseExecutor.runScript(TestCaseExecutor.java:448)
	at com.kms.katalon.core.main.TestCaseExecutor.doExecute(TestCaseExecutor.java:439)
	at com.kms.katalon.core.main.TestCaseExecutor.processExecutionPhase(TestCaseExecutor.java:418)
	at com.kms.katalon.core.main.TestCaseExecutor.accessMainPhase(TestCaseExecutor.java:410)
	at com.kms.katalon.core.main.TestCaseExecutor.execute(TestCaseExecutor.java:285)
	at com.kms.katalon.core.common.CommonExecutor.accessTestCaseMainPhase(CommonExecutor.java:65)
	at com.kms.katalon.core.main.TestSuiteExecutor.accessTestSuiteMainPhase(TestSuiteExecutor.java:151)
	at com.kms.katalon.core.main.TestSuiteExecutor.execute(TestSuiteExecutor.java:106)
	at com.kms.katalon.core.main.TestCaseMain.startTestSuite(TestCaseMain.java:185)
	at com.kms.katalon.core.main.TestCaseMain$startTestSuite$0.call(Unknown Source)
	at TempTestSuite1680507442613.run(TempTestSuite1680507442613.groovy:36)
"/>
         <system-out><![CDATA[2023-04-03 14:38:48 - [TEST_CASE][ERROR] - Test Cases/SCENARIO/Setup and Configuration/Special Dates/SD_TC.043 Edit _start date _11 years into the future: Test Cases/SCENARIO/Setup and Configuration/Special Dates/SD_TC.043 Edit _start date _11 years into the future FAILED.
Reason:
org.codehaus.groovy.control.MultipleCompilationErrorsException: startup failed:
file:/D:/_Bayu%20Buana/BB_Automation/bb-internal-katalon/Scripts/SCENARIO/Setup%20and%20Configuration/Special%20Dates/SD_TC.043%20Edit%20_start%20date%20_11%20years%20into%20the%20future/Script1678229800265.groovy: 19: unable to resolve class com.github.javafaker.Faker
 @ line 19, column 1.
   import com.github.javafaker.Faker as Faker
   ^

1 error

	at com.kms.katalon.core.main.ScriptEngine.getScript(ScriptEngine.java:199)
	at com.kms.katalon.core.main.ScriptEngine.run(ScriptEngine.java:194)
	at com.kms.katalon.core.main.ScriptEngine.runScriptAsRawText(ScriptEngine.java:119)
	at com.kms.katalon.core.main.TestCaseExecutor.runScript(TestCaseExecutor.java:448)
	at com.kms.katalon.core.main.TestCaseExecutor.doExecute(TestCaseExecutor.java:439)
	at com.kms.katalon.core.main.TestCaseExecutor.processExecutionPhase(TestCaseExecutor.java:418)
	at com.kms.katalon.core.main.TestCaseExecutor.accessMainPhase(TestCaseExecutor.java:410)
	at com.kms.katalon.core.main.TestCaseExecutor.execute(TestCaseExecutor.java:285)
	at com.kms.katalon.core.common.CommonExecutor.accessTestCaseMainPhase(CommonExecutor.java:65)
	at com.kms.katalon.core.main.TestSuiteExecutor.accessTestSuiteMainPhase(TestSuiteExecutor.java:151)
	at com.kms.katalon.core.main.TestSuiteExecutor.execute(TestSuiteExecutor.java:106)
	at com.kms.katalon.core.main.TestCaseMain.startTestSuite(TestCaseMain.java:185)
	at com.kms.katalon.core.main.TestCaseMain$startTestSuite$0.call(Unknown Source)
	at TempTestSuite1680507442613.run(TempTestSuite1680507442613.groovy:36)]]></system-out>
         <system-err><![CDATA[2023-04-03 14:38:48 - [TEST_CASE][ERROR] - Test Cases/SCENARIO/Setup and Configuration/Special Dates/SD_TC.043 Edit _start date _11 years into the future: Test Cases/SCENARIO/Setup and Configuration/Special Dates/SD_TC.043 Edit _start date _11 years into the future FAILED.
Reason:
org.codehaus.groovy.control.MultipleCompilationErrorsException: startup failed:
file:/D:/_Bayu%20Buana/BB_Automation/bb-internal-katalon/Scripts/SCENARIO/Setup%20and%20Configuration/Special%20Dates/SD_TC.043%20Edit%20_start%20date%20_11%20years%20into%20the%20future/Script1678229800265.groovy: 19: unable to resolve class com.github.javafaker.Faker
 @ line 19, column 1.
   import com.github.javafaker.Faker as Faker
   ^

1 error

	at com.kms.katalon.core.main.ScriptEngine.getScript(ScriptEngine.java:199)
	at com.kms.katalon.core.main.ScriptEngine.run(ScriptEngine.java:194)
	at com.kms.katalon.core.main.ScriptEngine.runScriptAsRawText(ScriptEngine.java:119)
	at com.kms.katalon.core.main.TestCaseExecutor.runScript(TestCaseExecutor.java:448)
	at com.kms.katalon.core.main.TestCaseExecutor.doExecute(TestCaseExecutor.java:439)
	at com.kms.katalon.core.main.TestCaseExecutor.processExecutionPhase(TestCaseExecutor.java:418)
	at com.kms.katalon.core.main.TestCaseExecutor.accessMainPhase(TestCaseExecutor.java:410)
	at com.kms.katalon.core.main.TestCaseExecutor.execute(TestCaseExecutor.java:285)
	at com.kms.katalon.core.common.CommonExecutor.accessTestCaseMainPhase(CommonExecutor.java:65)
	at com.kms.katalon.core.main.TestSuiteExecutor.accessTestSuiteMainPhase(TestSuiteExecutor.java:151)
	at com.kms.katalon.core.main.TestSuiteExecutor.execute(TestSuiteExecutor.java:106)
	at com.kms.katalon.core.main.TestCaseMain.startTestSuite(TestCaseMain.java:185)
	at com.kms.katalon.core.main.TestCaseMain$startTestSuite$0.call(Unknown Source)
	at TempTestSuite1680507442613.run(TempTestSuite1680507442613.groovy:36)]]></system-err>
      </testcase>
      <testcase name="Test Cases/SCENARIO/Setup and Configuration/Special Dates/SD_TC.046 Edit_send date _11 years ago" time="0.416" classname="Test Cases/SCENARIO/Setup and Configuration/Special Dates/SD_TC.046 Edit_send date _11 years ago" status="ERROR">
         <error type="ERROR" message="Test Cases/SCENARIO/Setup and Configuration/Special Dates/SD_TC.046 Edit_send date _11 years ago FAILED.
Reason:
org.codehaus.groovy.control.MultipleCompilationErrorsException: startup failed:
file:/D:/_Bayu%20Buana/BB_Automation/bb-internal-katalon/Scripts/SCENARIO/Setup%20and%20Configuration/Special%20Dates/SD_TC.046%20Edit_send%20date%20_11%20years%20ago/Script1678229857135.groovy: 19: unable to resolve class com.github.javafaker.Faker
 @ line 19, column 1.
   import com.github.javafaker.Faker as Faker
   ^

1 error

	at com.kms.katalon.core.main.ScriptEngine.getScript(ScriptEngine.java:199)
	at com.kms.katalon.core.main.ScriptEngine.run(ScriptEngine.java:194)
	at com.kms.katalon.core.main.ScriptEngine.runScriptAsRawText(ScriptEngine.java:119)
	at com.kms.katalon.core.main.TestCaseExecutor.runScript(TestCaseExecutor.java:448)
	at com.kms.katalon.core.main.TestCaseExecutor.doExecute(TestCaseExecutor.java:439)
	at com.kms.katalon.core.main.TestCaseExecutor.processExecutionPhase(TestCaseExecutor.java:418)
	at com.kms.katalon.core.main.TestCaseExecutor.accessMainPhase(TestCaseExecutor.java:410)
	at com.kms.katalon.core.main.TestCaseExecutor.execute(TestCaseExecutor.java:285)
	at com.kms.katalon.core.common.CommonExecutor.accessTestCaseMainPhase(CommonExecutor.java:65)
	at com.kms.katalon.core.main.TestSuiteExecutor.accessTestSuiteMainPhase(TestSuiteExecutor.java:151)
	at com.kms.katalon.core.main.TestSuiteExecutor.execute(TestSuiteExecutor.java:106)
	at com.kms.katalon.core.main.TestCaseMain.startTestSuite(TestCaseMain.java:185)
	at com.kms.katalon.core.main.TestCaseMain$startTestSuite$0.call(Unknown Source)
	at TempTestSuite1680507442613.run(TempTestSuite1680507442613.groovy:36)
"/>
         <system-out><![CDATA[2023-04-03 14:38:48 - [TEST_CASE][ERROR] - Test Cases/SCENARIO/Setup and Configuration/Special Dates/SD_TC.046 Edit_send date _11 years ago: Test Cases/SCENARIO/Setup and Configuration/Special Dates/SD_TC.046 Edit_send date _11 years ago FAILED.
Reason:
org.codehaus.groovy.control.MultipleCompilationErrorsException: startup failed:
file:/D:/_Bayu%20Buana/BB_Automation/bb-internal-katalon/Scripts/SCENARIO/Setup%20and%20Configuration/Special%20Dates/SD_TC.046%20Edit_send%20date%20_11%20years%20ago/Script1678229857135.groovy: 19: unable to resolve class com.github.javafaker.Faker
 @ line 19, column 1.
   import com.github.javafaker.Faker as Faker
   ^

1 error

	at com.kms.katalon.core.main.ScriptEngine.getScript(ScriptEngine.java:199)
	at com.kms.katalon.core.main.ScriptEngine.run(ScriptEngine.java:194)
	at com.kms.katalon.core.main.ScriptEngine.runScriptAsRawText(ScriptEngine.java:119)
	at com.kms.katalon.core.main.TestCaseExecutor.runScript(TestCaseExecutor.java:448)
	at com.kms.katalon.core.main.TestCaseExecutor.doExecute(TestCaseExecutor.java:439)
	at com.kms.katalon.core.main.TestCaseExecutor.processExecutionPhase(TestCaseExecutor.java:418)
	at com.kms.katalon.core.main.TestCaseExecutor.accessMainPhase(TestCaseExecutor.java:410)
	at com.kms.katalon.core.main.TestCaseExecutor.execute(TestCaseExecutor.java:285)
	at com.kms.katalon.core.common.CommonExecutor.accessTestCaseMainPhase(CommonExecutor.java:65)
	at com.kms.katalon.core.main.TestSuiteExecutor.accessTestSuiteMainPhase(TestSuiteExecutor.java:151)
	at com.kms.katalon.core.main.TestSuiteExecutor.execute(TestSuiteExecutor.java:106)
	at com.kms.katalon.core.main.TestCaseMain.startTestSuite(TestCaseMain.java:185)
	at com.kms.katalon.core.main.TestCaseMain$startTestSuite$0.call(Unknown Source)
	at TempTestSuite1680507442613.run(TempTestSuite1680507442613.groovy:36)]]></system-out>
         <system-err><![CDATA[2023-04-03 14:38:48 - [TEST_CASE][ERROR] - Test Cases/SCENARIO/Setup and Configuration/Special Dates/SD_TC.046 Edit_send date _11 years ago: Test Cases/SCENARIO/Setup and Configuration/Special Dates/SD_TC.046 Edit_send date _11 years ago FAILED.
Reason:
org.codehaus.groovy.control.MultipleCompilationErrorsException: startup failed:
file:/D:/_Bayu%20Buana/BB_Automation/bb-internal-katalon/Scripts/SCENARIO/Setup%20and%20Configuration/Special%20Dates/SD_TC.046%20Edit_send%20date%20_11%20years%20ago/Script1678229857135.groovy: 19: unable to resolve class com.github.javafaker.Faker
 @ line 19, column 1.
   import com.github.javafaker.Faker as Faker
   ^

1 error

	at com.kms.katalon.core.main.ScriptEngine.getScript(ScriptEngine.java:199)
	at com.kms.katalon.core.main.ScriptEngine.run(ScriptEngine.java:194)
	at com.kms.katalon.core.main.ScriptEngine.runScriptAsRawText(ScriptEngine.java:119)
	at com.kms.katalon.core.main.TestCaseExecutor.runScript(TestCaseExecutor.java:448)
	at com.kms.katalon.core.main.TestCaseExecutor.doExecute(TestCaseExecutor.java:439)
	at com.kms.katalon.core.main.TestCaseExecutor.processExecutionPhase(TestCaseExecutor.java:418)
	at com.kms.katalon.core.main.TestCaseExecutor.accessMainPhase(TestCaseExecutor.java:410)
	at com.kms.katalon.core.main.TestCaseExecutor.execute(TestCaseExecutor.java:285)
	at com.kms.katalon.core.common.CommonExecutor.accessTestCaseMainPhase(CommonExecutor.java:65)
	at com.kms.katalon.core.main.TestSuiteExecutor.accessTestSuiteMainPhase(TestSuiteExecutor.java:151)
	at com.kms.katalon.core.main.TestSuiteExecutor.execute(TestSuiteExecutor.java:106)
	at com.kms.katalon.core.main.TestCaseMain.startTestSuite(TestCaseMain.java:185)
	at com.kms.katalon.core.main.TestCaseMain$startTestSuite$0.call(Unknown Source)
	at TempTestSuite1680507442613.run(TempTestSuite1680507442613.groovy:36)]]></system-err>
      </testcase>
      <testcase name="Test Cases/SCENARIO/Setup and Configuration/Special Dates/SD_TC.047 Edit _end date _11 years into the future" time="0.364" classname="Test Cases/SCENARIO/Setup and Configuration/Special Dates/SD_TC.047 Edit _end date _11 years into the future" status="ERROR">
         <error type="ERROR" message="Test Cases/SCENARIO/Setup and Configuration/Special Dates/SD_TC.047 Edit _end date _11 years into the future FAILED.
Reason:
org.codehaus.groovy.control.MultipleCompilationErrorsException: startup failed:
file:/D:/_Bayu%20Buana/BB_Automation/bb-internal-katalon/Scripts/SCENARIO/Setup%20and%20Configuration/Special%20Dates/SD_TC.047%20Edit%20_end%20date%20_11%20years%20into%20the%20future/Script1678229893814.groovy: 19: unable to resolve class com.github.javafaker.Faker
 @ line 19, column 1.
   import com.github.javafaker.Faker as Faker
   ^

1 error

	at com.kms.katalon.core.main.ScriptEngine.getScript(ScriptEngine.java:199)
	at com.kms.katalon.core.main.ScriptEngine.run(ScriptEngine.java:194)
	at com.kms.katalon.core.main.ScriptEngine.runScriptAsRawText(ScriptEngine.java:119)
	at com.kms.katalon.core.main.TestCaseExecutor.runScript(TestCaseExecutor.java:448)
	at com.kms.katalon.core.main.TestCaseExecutor.doExecute(TestCaseExecutor.java:439)
	at com.kms.katalon.core.main.TestCaseExecutor.processExecutionPhase(TestCaseExecutor.java:418)
	at com.kms.katalon.core.main.TestCaseExecutor.accessMainPhase(TestCaseExecutor.java:410)
	at com.kms.katalon.core.main.TestCaseExecutor.execute(TestCaseExecutor.java:285)
	at com.kms.katalon.core.common.CommonExecutor.accessTestCaseMainPhase(CommonExecutor.java:65)
	at com.kms.katalon.core.main.TestSuiteExecutor.accessTestSuiteMainPhase(TestSuiteExecutor.java:151)
	at com.kms.katalon.core.main.TestSuiteExecutor.execute(TestSuiteExecutor.java:106)
	at com.kms.katalon.core.main.TestCaseMain.startTestSuite(TestCaseMain.java:185)
	at com.kms.katalon.core.main.TestCaseMain$startTestSuite$0.call(Unknown Source)
	at TempTestSuite1680507442613.run(TempTestSuite1680507442613.groovy:36)
"/>
         <system-out><![CDATA[2023-04-03 14:38:48 - [TEST_CASE][ERROR] - Test Cases/SCENARIO/Setup and Configuration/Special Dates/SD_TC.047 Edit _end date _11 years into the future: Test Cases/SCENARIO/Setup and Configuration/Special Dates/SD_TC.047 Edit _end date _11 years into the future FAILED.
Reason:
org.codehaus.groovy.control.MultipleCompilationErrorsException: startup failed:
file:/D:/_Bayu%20Buana/BB_Automation/bb-internal-katalon/Scripts/SCENARIO/Setup%20and%20Configuration/Special%20Dates/SD_TC.047%20Edit%20_end%20date%20_11%20years%20into%20the%20future/Script1678229893814.groovy: 19: unable to resolve class com.github.javafaker.Faker
 @ line 19, column 1.
   import com.github.javafaker.Faker as Faker
   ^

1 error

	at com.kms.katalon.core.main.ScriptEngine.getScript(ScriptEngine.java:199)
	at com.kms.katalon.core.main.ScriptEngine.run(ScriptEngine.java:194)
	at com.kms.katalon.core.main.ScriptEngine.runScriptAsRawText(ScriptEngine.java:119)
	at com.kms.katalon.core.main.TestCaseExecutor.runScript(TestCaseExecutor.java:448)
	at com.kms.katalon.core.main.TestCaseExecutor.doExecute(TestCaseExecutor.java:439)
	at com.kms.katalon.core.main.TestCaseExecutor.processExecutionPhase(TestCaseExecutor.java:418)
	at com.kms.katalon.core.main.TestCaseExecutor.accessMainPhase(TestCaseExecutor.java:410)
	at com.kms.katalon.core.main.TestCaseExecutor.execute(TestCaseExecutor.java:285)
	at com.kms.katalon.core.common.CommonExecutor.accessTestCaseMainPhase(CommonExecutor.java:65)
	at com.kms.katalon.core.main.TestSuiteExecutor.accessTestSuiteMainPhase(TestSuiteExecutor.java:151)
	at com.kms.katalon.core.main.TestSuiteExecutor.execute(TestSuiteExecutor.java:106)
	at com.kms.katalon.core.main.TestCaseMain.startTestSuite(TestCaseMain.java:185)
	at com.kms.katalon.core.main.TestCaseMain$startTestSuite$0.call(Unknown Source)
	at TempTestSuite1680507442613.run(TempTestSuite1680507442613.groovy:36)]]></system-out>
         <system-err><![CDATA[2023-04-03 14:38:48 - [TEST_CASE][ERROR] - Test Cases/SCENARIO/Setup and Configuration/Special Dates/SD_TC.047 Edit _end date _11 years into the future: Test Cases/SCENARIO/Setup and Configuration/Special Dates/SD_TC.047 Edit _end date _11 years into the future FAILED.
Reason:
org.codehaus.groovy.control.MultipleCompilationErrorsException: startup failed:
file:/D:/_Bayu%20Buana/BB_Automation/bb-internal-katalon/Scripts/SCENARIO/Setup%20and%20Configuration/Special%20Dates/SD_TC.047%20Edit%20_end%20date%20_11%20years%20into%20the%20future/Script1678229893814.groovy: 19: unable to resolve class com.github.javafaker.Faker
 @ line 19, column 1.
   import com.github.javafaker.Faker as Faker
   ^

1 error

	at com.kms.katalon.core.main.ScriptEngine.getScript(ScriptEngine.java:199)
	at com.kms.katalon.core.main.ScriptEngine.run(ScriptEngine.java:194)
	at com.kms.katalon.core.main.ScriptEngine.runScriptAsRawText(ScriptEngine.java:119)
	at com.kms.katalon.core.main.TestCaseExecutor.runScript(TestCaseExecutor.java:448)
	at com.kms.katalon.core.main.TestCaseExecutor.doExecute(TestCaseExecutor.java:439)
	at com.kms.katalon.core.main.TestCaseExecutor.processExecutionPhase(TestCaseExecutor.java:418)
	at com.kms.katalon.core.main.TestCaseExecutor.accessMainPhase(TestCaseExecutor.java:410)
	at com.kms.katalon.core.main.TestCaseExecutor.execute(TestCaseExecutor.java:285)
	at com.kms.katalon.core.common.CommonExecutor.accessTestCaseMainPhase(CommonExecutor.java:65)
	at com.kms.katalon.core.main.TestSuiteExecutor.accessTestSuiteMainPhase(TestSuiteExecutor.java:151)
	at com.kms.katalon.core.main.TestSuiteExecutor.execute(TestSuiteExecutor.java:106)
	at com.kms.katalon.core.main.TestCaseMain.startTestSuite(TestCaseMain.java:185)
	at com.kms.katalon.core.main.TestCaseMain$startTestSuite$0.call(Unknown Source)
	at TempTestSuite1680507442613.run(TempTestSuite1680507442613.groovy:36)]]></system-err>
      </testcase>
      <testcase name="Test Cases/SCENARIO/Setup and Configuration/Special Dates/SD_TC.053 Edit _cancel" time="0.371" classname="Test Cases/SCENARIO/Setup and Configuration/Special Dates/SD_TC.053 Edit _cancel" status="ERROR">
         <error type="ERROR" message="Test Cases/SCENARIO/Setup and Configuration/Special Dates/SD_TC.053 Edit _cancel FAILED.
Reason:
org.codehaus.groovy.control.MultipleCompilationErrorsException: startup failed:
file:/D:/_Bayu%20Buana/BB_Automation/bb-internal-katalon/Scripts/SCENARIO/Setup%20and%20Configuration/Special%20Dates/SD_TC.053%20Edit%20_cancel/Script1678230014423.groovy: 19: unable to resolve class com.github.javafaker.Faker
 @ line 19, column 1.
   import com.github.javafaker.Faker as Faker
   ^

1 error

	at com.kms.katalon.core.main.ScriptEngine.getScript(ScriptEngine.java:199)
	at com.kms.katalon.core.main.ScriptEngine.run(ScriptEngine.java:194)
	at com.kms.katalon.core.main.ScriptEngine.runScriptAsRawText(ScriptEngine.java:119)
	at com.kms.katalon.core.main.TestCaseExecutor.runScript(TestCaseExecutor.java:448)
	at com.kms.katalon.core.main.TestCaseExecutor.doExecute(TestCaseExecutor.java:439)
	at com.kms.katalon.core.main.TestCaseExecutor.processExecutionPhase(TestCaseExecutor.java:418)
	at com.kms.katalon.core.main.TestCaseExecutor.accessMainPhase(TestCaseExecutor.java:410)
	at com.kms.katalon.core.main.TestCaseExecutor.execute(TestCaseExecutor.java:285)
	at com.kms.katalon.core.common.CommonExecutor.accessTestCaseMainPhase(CommonExecutor.java:65)
	at com.kms.katalon.core.main.TestSuiteExecutor.accessTestSuiteMainPhase(TestSuiteExecutor.java:151)
	at com.kms.katalon.core.main.TestSuiteExecutor.execute(TestSuiteExecutor.java:106)
	at com.kms.katalon.core.main.TestCaseMain.startTestSuite(TestCaseMain.java:185)
	at com.kms.katalon.core.main.TestCaseMain$startTestSuite$0.call(Unknown Source)
	at TempTestSuite1680507442613.run(TempTestSuite1680507442613.groovy:36)
"/>
         <system-out><![CDATA[2023-04-03 14:38:49 - [TEST_CASE][ERROR] - Test Cases/SCENARIO/Setup and Configuration/Special Dates/SD_TC.053 Edit _cancel: Test Cases/SCENARIO/Setup and Configuration/Special Dates/SD_TC.053 Edit _cancel FAILED.
Reason:
org.codehaus.groovy.control.MultipleCompilationErrorsException: startup failed:
file:/D:/_Bayu%20Buana/BB_Automation/bb-internal-katalon/Scripts/SCENARIO/Setup%20and%20Configuration/Special%20Dates/SD_TC.053%20Edit%20_cancel/Script1678230014423.groovy: 19: unable to resolve class com.github.javafaker.Faker
 @ line 19, column 1.
   import com.github.javafaker.Faker as Faker
   ^

1 error

	at com.kms.katalon.core.main.ScriptEngine.getScript(ScriptEngine.java:199)
	at com.kms.katalon.core.main.ScriptEngine.run(ScriptEngine.java:194)
	at com.kms.katalon.core.main.ScriptEngine.runScriptAsRawText(ScriptEngine.java:119)
	at com.kms.katalon.core.main.TestCaseExecutor.runScript(TestCaseExecutor.java:448)
	at com.kms.katalon.core.main.TestCaseExecutor.doExecute(TestCaseExecutor.java:439)
	at com.kms.katalon.core.main.TestCaseExecutor.processExecutionPhase(TestCaseExecutor.java:418)
	at com.kms.katalon.core.main.TestCaseExecutor.accessMainPhase(TestCaseExecutor.java:410)
	at com.kms.katalon.core.main.TestCaseExecutor.execute(TestCaseExecutor.java:285)
	at com.kms.katalon.core.common.CommonExecutor.accessTestCaseMainPhase(CommonExecutor.java:65)
	at com.kms.katalon.core.main.TestSuiteExecutor.accessTestSuiteMainPhase(TestSuiteExecutor.java:151)
	at com.kms.katalon.core.main.TestSuiteExecutor.execute(TestSuiteExecutor.java:106)
	at com.kms.katalon.core.main.TestCaseMain.startTestSuite(TestCaseMain.java:185)
	at com.kms.katalon.core.main.TestCaseMain$startTestSuite$0.call(Unknown Source)
	at TempTestSuite1680507442613.run(TempTestSuite1680507442613.groovy:36)]]></system-out>
         <system-err><![CDATA[2023-04-03 14:38:49 - [TEST_CASE][ERROR] - Test Cases/SCENARIO/Setup and Configuration/Special Dates/SD_TC.053 Edit _cancel: Test Cases/SCENARIO/Setup and Configuration/Special Dates/SD_TC.053 Edit _cancel FAILED.
Reason:
org.codehaus.groovy.control.MultipleCompilationErrorsException: startup failed:
file:/D:/_Bayu%20Buana/BB_Automation/bb-internal-katalon/Scripts/SCENARIO/Setup%20and%20Configuration/Special%20Dates/SD_TC.053%20Edit%20_cancel/Script1678230014423.groovy: 19: unable to resolve class com.github.javafaker.Faker
 @ line 19, column 1.
   import com.github.javafaker.Faker as Faker
   ^

1 error

	at com.kms.katalon.core.main.ScriptEngine.getScript(ScriptEngine.java:199)
	at com.kms.katalon.core.main.ScriptEngine.run(ScriptEngine.java:194)
	at com.kms.katalon.core.main.ScriptEngine.runScriptAsRawText(ScriptEngine.java:119)
	at com.kms.katalon.core.main.TestCaseExecutor.runScript(TestCaseExecutor.java:448)
	at com.kms.katalon.core.main.TestCaseExecutor.doExecute(TestCaseExecutor.java:439)
	at com.kms.katalon.core.main.TestCaseExecutor.processExecutionPhase(TestCaseExecutor.java:418)
	at com.kms.katalon.core.main.TestCaseExecutor.accessMainPhase(TestCaseExecutor.java:410)
	at com.kms.katalon.core.main.TestCaseExecutor.execute(TestCaseExecutor.java:285)
	at com.kms.katalon.core.common.CommonExecutor.accessTestCaseMainPhase(CommonExecutor.java:65)
	at com.kms.katalon.core.main.TestSuiteExecutor.accessTestSuiteMainPhase(TestSuiteExecutor.java:151)
	at com.kms.katalon.core.main.TestSuiteExecutor.execute(TestSuiteExecutor.java:106)
	at com.kms.katalon.core.main.TestCaseMain.startTestSuite(TestCaseMain.java:185)
	at com.kms.katalon.core.main.TestCaseMain$startTestSuite$0.call(Unknown Source)
	at TempTestSuite1680507442613.run(TempTestSuite1680507442613.groovy:36)]]></system-err>
      </testcase>
      <testcase name="Test Cases/SCENARIO/Setup and Configuration/Special Dates/SD_TC.056 Delete Special Dates" time="24.734" classname="Test Cases/SCENARIO/Setup and Configuration/Special Dates/SD_TC.056 Delete Special Dates" status="PASSED">
         <system-out><![CDATA[2023-04-03 14:38:49 - [TEST_CASE][PASSED] - Test Cases/SCENARIO/Setup and Configuration/Special Dates/SD_TC.056 Delete Special Dates: Test Cases/SCENARIO/Setup and Configuration/Special Dates/SD_TC.056 Delete Special Dates

2023-04-03 14:38:50 - [TEST_STEP][PASSED] - callTestCase(findTestCase("login_internal"), [:], STOP_ON_FAILURE): Call Test Case 'Test Cases/login_internal' successfully

2023-04-03 14:38:50 - [TEST_CASE][PASSED] - Test Cases/login_internal: Test Cases/login_internal

2023-04-03 14:38:50 - [TEST_STEP][PASSED] - openBrowser(url_login): Browser is opened with url: 'https://bbstg.monstercode.net/auth/login'

2023-04-03 14:38:50 - [MESSAGE][INFO] - Starting 'Chrome' driver

2023-04-03 14:38:50 - [MESSAGE][INFO] - Action delay is set to 0 milliseconds

2023-04-03 14:39:01 - [MESSAGE][PASSED] - Browser is opened with url: 'https://bbstg.monstercode.net/auth/login'

2023-04-03 14:39:01 - [TEST_STEP][PASSED] - maximizeWindow(): Current window maximized

2023-04-03 14:39:01 - [MESSAGE][PASSED] - Current window maximized

2023-04-03 14:39:01 - [TEST_STEP][PASSED] - setText(findTestObject("Object Repository/Log_In/input_Email_username"), user_corporate): Text 'coba.dilain@gmail.com' is set on object 'Object Repository/Log_In/input_Email_username'

2023-04-03 14:39:02 - [MESSAGE][PASSED] - Text 'coba.dilain@gmail.com' is set on object 'Object Repository/Log_In/input_Email_username'

2023-04-03 14:39:02 - [TEST_STEP][PASSED] - setEncryptedText(findTestObject("Object Repository/Log_In/input_Password"), pass_corporate_encrypted): Text ****** has been set on object 'Object Repository/Log_In/input_Password'

2023-04-03 14:39:03 - [MESSAGE][PASSED] - Text ****** has been set on object 'Object Repository/Log_In/input_Password'

2023-04-03 14:39:03 - [TEST_STEP][PASSED] - click(findTestObject("Object Repository/Log_In/btn_sign_in")): Object: 'Object Repository/Log_In/btn_sign_in' is clicked on

2023-04-03 14:39:04 - [MESSAGE][PASSED] - Object: 'Object Repository/Log_In/btn_sign_in' is clicked on

2023-04-03 14:39:04 - [MESSAGE][PASSED] - Call Test Case 'Test Cases/login_internal' successfully

2023-04-03 14:39:04 - [TEST_STEP][PASSED] - click(findTestObject("Object Repository/special_dates/dashboardBtn")): Object: 'Object Repository/special_dates/dashboardBtn' is clicked on

2023-04-03 14:39:07 - [MESSAGE][PASSED] - Object: 'Object Repository/special_dates/dashboardBtn' is clicked on

2023-04-03 14:39:07 - [TEST_STEP][PASSED] - click(findTestObject("Object Repository/special_dates/setupAndConfMenu")): Object: 'Object Repository/special_dates/setupAndConfMenu' is clicked on

2023-04-03 14:39:08 - [MESSAGE][PASSED] - Object: 'Object Repository/special_dates/setupAndConfMenu' is clicked on

2023-04-03 14:39:08 - [TEST_STEP][PASSED] - click(findTestObject("Object Repository/special_dates/special_date_subMenu")): Object: 'Object Repository/special_dates/special_date_subMenu' is clicked on

2023-04-03 14:39:09 - [MESSAGE][PASSED] - Object: 'Object Repository/special_dates/special_date_subMenu' is clicked on

2023-04-03 14:39:09 - [TEST_STEP][PASSED] - click(findTestObject("Object Repository/special_dates/breadcrumb")): Object: 'Object Repository/special_dates/breadcrumb' is clicked on

2023-04-03 14:39:10 - [MESSAGE][PASSED] - Object: 'Object Repository/special_dates/breadcrumb' is clicked on

2023-04-03 14:39:10 - [TEST_STEP][PASSED] - verifyElementPresent(findTestObject("Object Repository/special_dates/h1_title_sd"), 0): Object 'Object Repository/special_dates/h1_title_sd' is present

2023-04-03 14:39:10 - [MESSAGE][WARNING] - Timeout '0' is invalid. Using default page load timeout: '30'

2023-04-03 14:39:10 - [MESSAGE][PASSED] - Object 'Object Repository/special_dates/h1_title_sd' is present

2023-04-03 14:39:10 - [TEST_STEP][PASSED] - click(findTestObject("Object Repository/special_dates/action_item_delete")): Object: 'Object Repository/special_dates/action_item_delete' is clicked on

2023-04-03 14:39:11 - [MESSAGE][PASSED] - Object: 'Object Repository/special_dates/action_item_delete' is clicked on

2023-04-03 14:39:11 - [TEST_STEP][PASSED] - click(findTestObject("Object Repository/special_dates/btn_delete")): Object: 'Object Repository/special_dates/btn_delete' is clicked on

2023-04-03 14:39:12 - [MESSAGE][PASSED] - Object: 'Object Repository/special_dates/btn_delete' is clicked on

2023-04-03 14:39:12 - [TEST_STEP][PASSED] - takeScreenshot(): Taking screenshot successfully

2023-04-03 14:39:13 - [MESSAGE][PASSED] - Taking screenshot successfully
[[ATTACHMENT|D:\\_Bayu Buana\\BB_Automation\\bb-internal-katalon\\Reports\\20230403_143722\\RUN\\20230403_143722\\1680507553205.png]]

2023-04-03 14:39:13 - [TEST_STEP][PASSED] - closeBrowser(): Browser is closed

2023-04-03 14:39:14 - [MESSAGE][PASSED] - Browser is closed]]></system-out>
         <system-err><![CDATA[]]></system-err>
      </testcase>
      <testcase name="Test Cases/SCENARIO/Setup and Configuration/Special Dates/SD_TC.057 Delete _cancel delete" time="25.803" classname="Test Cases/SCENARIO/Setup and Configuration/Special Dates/SD_TC.057 Delete _cancel delete" status="PASSED">
         <system-out><![CDATA[2023-04-03 14:39:14 - [TEST_CASE][PASSED] - Test Cases/SCENARIO/Setup and Configuration/Special Dates/SD_TC.057 Delete _cancel delete: Test Cases/SCENARIO/Setup and Configuration/Special Dates/SD_TC.057 Delete _cancel delete

2023-04-03 14:39:14 - [TEST_STEP][PASSED] - callTestCase(findTestCase("login_internal"), [:], STOP_ON_FAILURE): Call Test Case 'Test Cases/login_internal' successfully

2023-04-03 14:39:14 - [TEST_CASE][PASSED] - Test Cases/login_internal: Test Cases/login_internal

2023-04-03 14:39:14 - [TEST_STEP][PASSED] - openBrowser(url_login): Browser is opened with url: 'https://bbstg.monstercode.net/auth/login'

2023-04-03 14:39:15 - [MESSAGE][INFO] - Starting 'Chrome' driver

2023-04-03 14:39:15 - [MESSAGE][INFO] - Action delay is set to 0 milliseconds

2023-04-03 14:39:26 - [MESSAGE][PASSED] - Browser is opened with url: 'https://bbstg.monstercode.net/auth/login'

2023-04-03 14:39:26 - [TEST_STEP][PASSED] - maximizeWindow(): Current window maximized

2023-04-03 14:39:26 - [MESSAGE][PASSED] - Current window maximized

2023-04-03 14:39:26 - [TEST_STEP][PASSED] - setText(findTestObject("Object Repository/Log_In/input_Email_username"), user_corporate): Text 'coba.dilain@gmail.com' is set on object 'Object Repository/Log_In/input_Email_username'

2023-04-03 14:39:27 - [MESSAGE][PASSED] - Text 'coba.dilain@gmail.com' is set on object 'Object Repository/Log_In/input_Email_username'

2023-04-03 14:39:27 - [TEST_STEP][PASSED] - setEncryptedText(findTestObject("Object Repository/Log_In/input_Password"), pass_corporate_encrypted): Text ****** has been set on object 'Object Repository/Log_In/input_Password'

2023-04-03 14:39:28 - [MESSAGE][PASSED] - Text ****** has been set on object 'Object Repository/Log_In/input_Password'

2023-04-03 14:39:28 - [TEST_STEP][PASSED] - click(findTestObject("Object Repository/Log_In/btn_sign_in")): Object: 'Object Repository/Log_In/btn_sign_in' is clicked on

2023-04-03 14:39:28 - [MESSAGE][PASSED] - Object: 'Object Repository/Log_In/btn_sign_in' is clicked on

2023-04-03 14:39:28 - [MESSAGE][PASSED] - Call Test Case 'Test Cases/login_internal' successfully

2023-04-03 14:39:28 - [TEST_STEP][PASSED] - click(findTestObject("Object Repository/special_dates/dashboardBtn")): Object: 'Object Repository/special_dates/dashboardBtn' is clicked on

2023-04-03 14:39:32 - [MESSAGE][PASSED] - Object: 'Object Repository/special_dates/dashboardBtn' is clicked on

2023-04-03 14:39:32 - [TEST_STEP][PASSED] - click(findTestObject("Object Repository/special_dates/setupAndConfMenu")): Object: 'Object Repository/special_dates/setupAndConfMenu' is clicked on

2023-04-03 14:39:33 - [MESSAGE][PASSED] - Object: 'Object Repository/special_dates/setupAndConfMenu' is clicked on

2023-04-03 14:39:33 - [TEST_STEP][PASSED] - click(findTestObject("Object Repository/special_dates/special_date_subMenu")): Object: 'Object Repository/special_dates/special_date_subMenu' is clicked on

2023-04-03 14:39:33 - [MESSAGE][PASSED] - Object: 'Object Repository/special_dates/special_date_subMenu' is clicked on

2023-04-03 14:39:33 - [TEST_STEP][PASSED] - click(findTestObject("Object Repository/special_dates/breadcrumb")): Object: 'Object Repository/special_dates/breadcrumb' is clicked on

2023-04-03 14:39:35 - [MESSAGE][PASSED] - Object: 'Object Repository/special_dates/breadcrumb' is clicked on

2023-04-03 14:39:35 - [TEST_STEP][PASSED] - verifyElementPresent(findTestObject("Object Repository/special_dates/h1_title_sd"), 0): Object 'Object Repository/special_dates/h1_title_sd' is present

2023-04-03 14:39:35 - [MESSAGE][WARNING] - Timeout '0' is invalid. Using default page load timeout: '30'

2023-04-03 14:39:35 - [MESSAGE][PASSED] - Object 'Object Repository/special_dates/h1_title_sd' is present

2023-04-03 14:39:35 - [TEST_STEP][PASSED] - click(findTestObject("Object Repository/special_dates/action_item_delete")): Object: 'Object Repository/special_dates/action_item_delete' is clicked on

2023-04-03 14:39:36 - [MESSAGE][PASSED] - Object: 'Object Repository/special_dates/action_item_delete' is clicked on

2023-04-03 14:39:36 - [TEST_STEP][PASSED] - click(findTestObject("Object Repository/special_dates/btn_cancel2")): Object: 'Object Repository/special_dates/btn_cancel2' is clicked on

2023-04-03 14:39:37 - [MESSAGE][PASSED] - Object: 'Object Repository/special_dates/btn_cancel2' is clicked on

2023-04-03 14:39:37 - [TEST_STEP][PASSED] - takeScreenshot(): Taking screenshot successfully

2023-04-03 14:39:38 - [MESSAGE][PASSED] - Taking screenshot successfully
[[ATTACHMENT|D:\\_Bayu Buana\\BB_Automation\\bb-internal-katalon\\Reports\\20230403_143722\\RUN\\20230403_143722\\1680507578449.png]]

2023-04-03 14:39:38 - [TEST_STEP][PASSED] - closeBrowser(): Browser is closed

2023-04-03 14:39:40 - [MESSAGE][PASSED] - Browser is closed]]></system-out>
         <system-err><![CDATA[]]></system-err>
      </testcase>
      <testcase name="Test Cases/SCENARIO/Setup and Configuration/Special Dates/SD_TC.061 Sort _by name" time="29.08" classname="Test Cases/SCENARIO/Setup and Configuration/Special Dates/SD_TC.061 Sort _by name" status="FAILED">
         <failure type="FAILED" message="Test Cases/SCENARIO/Setup and Configuration/Special Dates/SD_TC.061 Sort _by name FAILED.
Reason:
Assertion failed: 

assert referenceValues.equals(tableValues)
       |               |      |
       |               false  [Ascension Day of Jesus Christ, Automation, Eid al-Adha 1444 H, Eid al-Fitr 1444 H, f dsfdf, fdsfsgd, Good Friday, Labor Day, Pancasila Day, sgsd]
       [Ascension Day of Jesus Christ, Automation, Eid al-Adha 1444 H, Eid al-Fitr 1444 H, Good Friday, Labor Day, Pancasila Day, f dsfdf, fdsfsgd, sgsd]

	at SD_TC.061 Sort _by name.run(SD_TC.061 Sort _by name:65)
	at com.kms.katalon.core.main.ScriptEngine.run(ScriptEngine.java:194)
	at com.kms.katalon.core.main.ScriptEngine.runScriptAsRawText(ScriptEngine.java:119)
	at com.kms.katalon.core.main.TestCaseExecutor.runScript(TestCaseExecutor.java:448)
	at com.kms.katalon.core.main.TestCaseExecutor.doExecute(TestCaseExecutor.java:439)
	at com.kms.katalon.core.main.TestCaseExecutor.processExecutionPhase(TestCaseExecutor.java:418)
	at com.kms.katalon.core.main.TestCaseExecutor.accessMainPhase(TestCaseExecutor.java:410)
	at com.kms.katalon.core.main.TestCaseExecutor.execute(TestCaseExecutor.java:285)
	at com.kms.katalon.core.common.CommonExecutor.accessTestCaseMainPhase(CommonExecutor.java:65)
	at com.kms.katalon.core.main.TestSuiteExecutor.accessTestSuiteMainPhase(TestSuiteExecutor.java:151)
	at com.kms.katalon.core.main.TestSuiteExecutor.execute(TestSuiteExecutor.java:106)
	at com.kms.katalon.core.main.TestCaseMain.startTestSuite(TestCaseMain.java:185)
	at com.kms.katalon.core.main.TestCaseMain$startTestSuite$0.call(Unknown Source)
	at TempTestSuite1680507442613.run(TempTestSuite1680507442613.groovy:36)
"/>
         <system-out><![CDATA[2023-04-03 14:39:40 - [TEST_CASE][FAILED] - Test Cases/SCENARIO/Setup and Configuration/Special Dates/SD_TC.061 Sort _by name: Test Cases/SCENARIO/Setup and Configuration/Special Dates/SD_TC.061 Sort _by name FAILED.
Reason:
Assertion failed: 

assert referenceValues.equals(tableValues)
       |               |      |
       |               false  [Ascension Day of Jesus Christ, Automation, Eid al-Adha 1444 H, Eid al-Fitr 1444 H, f dsfdf, fdsfsgd, Good Friday, Labor Day, Pancasila Day, sgsd]
       [Ascension Day of Jesus Christ, Automation, Eid al-Adha 1444 H, Eid al-Fitr 1444 H, Good Friday, Labor Day, Pancasila Day, f dsfdf, fdsfsgd, sgsd]

	at SD_TC.061 Sort _by name.run(SD_TC.061 Sort _by name:65)
	at com.kms.katalon.core.main.ScriptEngine.run(ScriptEngine.java:194)
	at com.kms.katalon.core.main.ScriptEngine.runScriptAsRawText(ScriptEngine.java:119)
	at com.kms.katalon.core.main.TestCaseExecutor.runScript(TestCaseExecutor.java:448)
	at com.kms.katalon.core.main.TestCaseExecutor.doExecute(TestCaseExecutor.java:439)
	at com.kms.katalon.core.main.TestCaseExecutor.processExecutionPhase(TestCaseExecutor.java:418)
	at com.kms.katalon.core.main.TestCaseExecutor.accessMainPhase(TestCaseExecutor.java:410)
	at com.kms.katalon.core.main.TestCaseExecutor.execute(TestCaseExecutor.java:285)
	at com.kms.katalon.core.common.CommonExecutor.accessTestCaseMainPhase(CommonExecutor.java:65)
	at com.kms.katalon.core.main.TestSuiteExecutor.accessTestSuiteMainPhase(TestSuiteExecutor.java:151)
	at com.kms.katalon.core.main.TestSuiteExecutor.execute(TestSuiteExecutor.java:106)
	at com.kms.katalon.core.main.TestCaseMain.startTestSuite(TestCaseMain.java:185)
	at com.kms.katalon.core.main.TestCaseMain$startTestSuite$0.call(Unknown Source)
	at TempTestSuite1680507442613.run(TempTestSuite1680507442613.groovy:36)


2023-04-03 14:39:41 - [TEST_STEP][PASSED] - callTestCase(findTestCase("login_internal"), [:], STOP_ON_FAILURE): Call Test Case 'Test Cases/login_internal' successfully

2023-04-03 14:39:41 - [TEST_CASE][PASSED] - Test Cases/login_internal: Test Cases/login_internal

2023-04-03 14:39:41 - [TEST_STEP][PASSED] - openBrowser(url_login): Browser is opened with url: 'https://bbstg.monstercode.net/auth/login'

2023-04-03 14:39:41 - [MESSAGE][INFO] - Starting 'Chrome' driver

2023-04-03 14:39:41 - [MESSAGE][INFO] - Action delay is set to 0 milliseconds

2023-04-03 14:39:56 - [MESSAGE][PASSED] - Browser is opened with url: 'https://bbstg.monstercode.net/auth/login'

2023-04-03 14:39:56 - [TEST_STEP][PASSED] - maximizeWindow(): Current window maximized

2023-04-03 14:39:56 - [MESSAGE][PASSED] - Current window maximized

2023-04-03 14:39:56 - [TEST_STEP][PASSED] - setText(findTestObject("Object Repository/Log_In/input_Email_username"), user_corporate): Text 'coba.dilain@gmail.com' is set on object 'Object Repository/Log_In/input_Email_username'

2023-04-03 14:39:57 - [MESSAGE][PASSED] - Text 'coba.dilain@gmail.com' is set on object 'Object Repository/Log_In/input_Email_username'

2023-04-03 14:39:57 - [TEST_STEP][PASSED] - setEncryptedText(findTestObject("Object Repository/Log_In/input_Password"), pass_corporate_encrypted): Text ****** has been set on object 'Object Repository/Log_In/input_Password'

2023-04-03 14:39:58 - [MESSAGE][PASSED] - Text ****** has been set on object 'Object Repository/Log_In/input_Password'

2023-04-03 14:39:58 - [TEST_STEP][PASSED] - click(findTestObject("Object Repository/Log_In/btn_sign_in")): Object: 'Object Repository/Log_In/btn_sign_in' is clicked on

2023-04-03 14:39:58 - [MESSAGE][PASSED] - Object: 'Object Repository/Log_In/btn_sign_in' is clicked on

2023-04-03 14:39:58 - [MESSAGE][PASSED] - Call Test Case 'Test Cases/login_internal' successfully

2023-04-03 14:39:58 - [TEST_STEP][PASSED] - click(findTestObject("Object Repository/special_dates/dashboardBtn")): Object: 'Object Repository/special_dates/dashboardBtn' is clicked on

2023-04-03 14:40:01 - [MESSAGE][PASSED] - Object: 'Object Repository/special_dates/dashboardBtn' is clicked on

2023-04-03 14:40:01 - [TEST_STEP][PASSED] - click(findTestObject("Object Repository/special_dates/setupAndConfMenu")): Object: 'Object Repository/special_dates/setupAndConfMenu' is clicked on

2023-04-03 14:40:02 - [MESSAGE][PASSED] - Object: 'Object Repository/special_dates/setupAndConfMenu' is clicked on

2023-04-03 14:40:02 - [TEST_STEP][PASSED] - click(findTestObject("Object Repository/special_dates/special_date_subMenu")): Object: 'Object Repository/special_dates/special_date_subMenu' is clicked on

2023-04-03 14:40:03 - [MESSAGE][PASSED] - Object: 'Object Repository/special_dates/special_date_subMenu' is clicked on

2023-04-03 14:40:03 - [TEST_STEP][PASSED] - click(findTestObject("Object Repository/special_dates/breadcrumb")): Object: 'Object Repository/special_dates/breadcrumb' is clicked on

2023-04-03 14:40:04 - [MESSAGE][PASSED] - Object: 'Object Repository/special_dates/breadcrumb' is clicked on

2023-04-03 14:40:04 - [TEST_STEP][PASSED] - verifyElementPresent(findTestObject("Object Repository/special_dates/h1_title_sd"), 0): Object 'Object Repository/special_dates/h1_title_sd' is present

2023-04-03 14:40:04 - [MESSAGE][WARNING] - Timeout '0' is invalid. Using default page load timeout: '30'

2023-04-03 14:40:04 - [MESSAGE][PASSED] - Object 'Object Repository/special_dates/h1_title_sd' is present

2023-04-03 14:40:04 - [TEST_STEP][PASSED] - click(findTestObject("Object Repository/special_dates/table_name")): Object: 'Object Repository/special_dates/table_name' is clicked on

2023-04-03 14:40:05 - [MESSAGE][PASSED] - Object: 'Object Repository/special_dates/table_name' is clicked on

2023-04-03 14:40:05 - [TEST_STEP][PASSED] - selectorType = new com.kms.katalon.core.testobject.TestObject(): null

2023-04-03 14:40:05 - [TEST_STEP][PASSED] - selectorType.addProperty("css", EQUALS, "td:nth-of-type(2)"): null

2023-04-03 14:40:05 - [TEST_STEP][PASSED] - typeList = findWebElements(selectorType, 30): null

2023-04-03 14:40:05 - [TEST_STEP][PASSED] - size = typeList.size(): null

2023-04-03 14:40:05 - [TEST_STEP][PASSED] - tableValues = new java.util.ArrayList(): null

2023-04-03 14:40:05 - [TEST_STEP][PASSED] - for ([i = 1, i <= size, (i++)]): null

2023-04-03 14:40:05 - [TEST_STEP][PASSED] - new_xpath = (//tr/td[2])[$i]: null

2023-04-03 14:40:05 - [TEST_STEP][PASSED] - dynamicObject = TestObject(dynamicObject).addProperty("xpath", EQUALS, new_xpath): null

2023-04-03 14:40:05 - [TEST_STEP][PASSED] - str = getText(dynamicObject): Text of object 'dynamicObject' is: 'Ascension Day of Jesus Christ'

2023-04-03 14:40:06 - [MESSAGE][PASSED] - Text of object 'dynamicObject' is: 'Ascension Day of Jesus Christ'

2023-04-03 14:40:06 - [TEST_STEP][PASSED] - tableValues.add(str): null

2023-04-03 14:40:06 - [TEST_STEP][PASSED] - new_xpath = (//tr/td[2])[$i]: null

2023-04-03 14:40:06 - [TEST_STEP][PASSED] - dynamicObject = TestObject(dynamicObject).addProperty("xpath", EQUALS, new_xpath): null

2023-04-03 14:40:06 - [TEST_STEP][PASSED] - str = getText(dynamicObject): Text of object 'dynamicObject' is: 'Automation'

2023-04-03 14:40:06 - [MESSAGE][PASSED] - Text of object 'dynamicObject' is: 'Automation'

2023-04-03 14:40:06 - [TEST_STEP][PASSED] - tableValues.add(str): null

2023-04-03 14:40:06 - [TEST_STEP][PASSED] - new_xpath = (//tr/td[2])[$i]: null

2023-04-03 14:40:06 - [TEST_STEP][PASSED] - dynamicObject = TestObject(dynamicObject).addProperty("xpath", EQUALS, new_xpath): null

2023-04-03 14:40:06 - [TEST_STEP][PASSED] - str = getText(dynamicObject): Text of object 'dynamicObject' is: 'Eid al-Adha 1444 H'

2023-04-03 14:40:06 - [MESSAGE][PASSED] - Text of object 'dynamicObject' is: 'Eid al-Adha 1444 H'

2023-04-03 14:40:06 - [TEST_STEP][PASSED] - tableValues.add(str): null

2023-04-03 14:40:06 - [TEST_STEP][PASSED] - new_xpath = (//tr/td[2])[$i]: null

2023-04-03 14:40:06 - [TEST_STEP][PASSED] - dynamicObject = TestObject(dynamicObject).addProperty("xpath", EQUALS, new_xpath): null

2023-04-03 14:40:06 - [TEST_STEP][PASSED] - str = getText(dynamicObject): Text of object 'dynamicObject' is: 'Eid al-Fitr 1444 H'

2023-04-03 14:40:07 - [MESSAGE][PASSED] - Text of object 'dynamicObject' is: 'Eid al-Fitr 1444 H'

2023-04-03 14:40:07 - [TEST_STEP][PASSED] - tableValues.add(str): null

2023-04-03 14:40:07 - [TEST_STEP][PASSED] - new_xpath = (//tr/td[2])[$i]: null

2023-04-03 14:40:07 - [TEST_STEP][PASSED] - dynamicObject = TestObject(dynamicObject).addProperty("xpath", EQUALS, new_xpath): null

2023-04-03 14:40:07 - [TEST_STEP][PASSED] - str = getText(dynamicObject): Text of object 'dynamicObject' is: 'f dsfdf'

2023-04-03 14:40:07 - [MESSAGE][PASSED] - Text of object 'dynamicObject' is: 'f dsfdf'

2023-04-03 14:40:07 - [TEST_STEP][PASSED] - tableValues.add(str): null

2023-04-03 14:40:07 - [TEST_STEP][PASSED] - new_xpath = (//tr/td[2])[$i]: null

2023-04-03 14:40:07 - [TEST_STEP][PASSED] - dynamicObject = TestObject(dynamicObject).addProperty("xpath", EQUALS, new_xpath): null

2023-04-03 14:40:07 - [TEST_STEP][PASSED] - str = getText(dynamicObject): Text of object 'dynamicObject' is: 'fdsfsgd'

2023-04-03 14:40:07 - [MESSAGE][PASSED] - Text of object 'dynamicObject' is: 'fdsfsgd'

2023-04-03 14:40:07 - [TEST_STEP][PASSED] - tableValues.add(str): null

2023-04-03 14:40:07 - [TEST_STEP][PASSED] - new_xpath = (//tr/td[2])[$i]: null

2023-04-03 14:40:07 - [TEST_STEP][PASSED] - dynamicObject = TestObject(dynamicObject).addProperty("xpath", EQUALS, new_xpath): null

2023-04-03 14:40:07 - [TEST_STEP][PASSED] - str = getText(dynamicObject): Text of object 'dynamicObject' is: 'Good Friday'

2023-04-03 14:40:08 - [MESSAGE][PASSED] - Text of object 'dynamicObject' is: 'Good Friday'

2023-04-03 14:40:08 - [TEST_STEP][PASSED] - tableValues.add(str): null

2023-04-03 14:40:08 - [TEST_STEP][PASSED] - new_xpath = (//tr/td[2])[$i]: null

2023-04-03 14:40:08 - [TEST_STEP][PASSED] - dynamicObject = TestObject(dynamicObject).addProperty("xpath", EQUALS, new_xpath): null

2023-04-03 14:40:08 - [TEST_STEP][PASSED] - str = getText(dynamicObject): Text of object 'dynamicObject' is: 'Labor Day'

2023-04-03 14:40:08 - [MESSAGE][PASSED] - Text of object 'dynamicObject' is: 'Labor Day'

2023-04-03 14:40:08 - [TEST_STEP][PASSED] - tableValues.add(str): null

2023-04-03 14:40:08 - [TEST_STEP][PASSED] - new_xpath = (//tr/td[2])[$i]: null

2023-04-03 14:40:08 - [TEST_STEP][PASSED] - dynamicObject = TestObject(dynamicObject).addProperty("xpath", EQUALS, new_xpath): null

2023-04-03 14:40:08 - [TEST_STEP][PASSED] - str = getText(dynamicObject): Text of object 'dynamicObject' is: 'Pancasila Day'

2023-04-03 14:40:08 - [MESSAGE][PASSED] - Text of object 'dynamicObject' is: 'Pancasila Day'

2023-04-03 14:40:08 - [TEST_STEP][PASSED] - tableValues.add(str): null

2023-04-03 14:40:08 - [TEST_STEP][PASSED] - new_xpath = (//tr/td[2])[$i]: null

2023-04-03 14:40:08 - [TEST_STEP][PASSED] - dynamicObject = TestObject(dynamicObject).addProperty("xpath", EQUALS, new_xpath): null

2023-04-03 14:40:08 - [TEST_STEP][PASSED] - str = getText(dynamicObject): Text of object 'dynamicObject' is: 'sgsd'

2023-04-03 14:40:09 - [MESSAGE][PASSED] - Text of object 'dynamicObject' is: 'sgsd'

2023-04-03 14:40:09 - [TEST_STEP][PASSED] - tableValues.add(str): null

2023-04-03 14:40:09 - [TEST_STEP][PASSED] - out.println(tableValues): null

2023-04-03 14:40:09 - [TEST_STEP][PASSED] - referenceValues = new java.util.ArrayList(): null

2023-04-03 14:40:09 - [TEST_STEP][PASSED] - for ([i = 0, i < tableValues.size(), (i++)]): null

2023-04-03 14:40:09 - [TEST_STEP][PASSED] - referenceValues.add(tableValues.get(i)): null

2023-04-03 14:40:09 - [TEST_STEP][PASSED] - referenceValues.add(tableValues.get(i)): null

2023-04-03 14:40:09 - [TEST_STEP][PASSED] - referenceValues.add(tableValues.get(i)): null

2023-04-03 14:40:09 - [TEST_STEP][PASSED] - referenceValues.add(tableValues.get(i)): null

2023-04-03 14:40:09 - [TEST_STEP][PASSED] - referenceValues.add(tableValues.get(i)): null

2023-04-03 14:40:09 - [TEST_STEP][PASSED] - referenceValues.add(tableValues.get(i)): null

2023-04-03 14:40:09 - [TEST_STEP][PASSED] - referenceValues.add(tableValues.get(i)): null

2023-04-03 14:40:09 - [TEST_STEP][PASSED] - referenceValues.add(tableValues.get(i)): null

2023-04-03 14:40:09 - [TEST_STEP][PASSED] - referenceValues.add(tableValues.get(i)): null

2023-04-03 14:40:09 - [TEST_STEP][PASSED] - referenceValues.add(tableValues.get(i)): null

2023-04-03 14:40:09 - [TEST_STEP][PASSED] - Collections.sort(referenceValues): null

2023-04-03 14:40:09 - [TEST_STEP][PASSED] - out.println(referenceValues): null

2023-04-03 14:40:09 - [TEST_STEP][FAILED] - assert referenceValues.equals(tableValues): Test Cases/SCENARIO/Setup and Configuration/Special Dates/SD_TC.061 Sort _by name FAILED.
Reason:
Assertion failed: 

assert referenceValues.equals(tableValues)
       |               |      |
       |               false  [Ascension Day of Jesus Christ, Automation, Eid al-Adha 1444 H, Eid al-Fitr 1444 H, f dsfdf, fdsfsgd, Good Friday, Labor Day, Pancasila Day, sgsd]
       [Ascension Day of Jesus Christ, Automation, Eid al-Adha 1444 H, Eid al-Fitr 1444 H, Good Friday, Labor Day, Pancasila Day, f dsfdf, fdsfsgd, sgsd]

	at SD_TC.061 Sort _by name.run(SD_TC.061 Sort _by name:65)
	at com.kms.katalon.core.main.ScriptEngine.run(ScriptEngine.java:194)
	at com.kms.katalon.core.main.ScriptEngine.runScriptAsRawText(ScriptEngine.java:119)
	at com.kms.katalon.core.main.TestCaseExecutor.runScript(TestCaseExecutor.java:448)
	at com.kms.katalon.core.main.TestCaseExecutor.doExecute(TestCaseExecutor.java:439)
	at com.kms.katalon.core.main.TestCaseExecutor.processExecutionPhase(TestCaseExecutor.java:418)
	at com.kms.katalon.core.main.TestCaseExecutor.accessMainPhase(TestCaseExecutor.java:410)
	at com.kms.katalon.core.main.TestCaseExecutor.execute(TestCaseExecutor.java:285)
	at com.kms.katalon.core.common.CommonExecutor.accessTestCaseMainPhase(CommonExecutor.java:65)
	at com.kms.katalon.core.main.TestSuiteExecutor.accessTestSuiteMainPhase(TestSuiteExecutor.java:151)
	at com.kms.katalon.core.main.TestSuiteExecutor.execute(TestSuiteExecutor.java:106)
	at com.kms.katalon.core.main.TestCaseMain.startTestSuite(TestCaseMain.java:185)
	at com.kms.katalon.core.main.TestCaseMain$startTestSuite$0.call(Unknown Source)
	at TempTestSuite1680507442613.run(TempTestSuite1680507442613.groovy:36)


2023-04-03 14:40:09 - [MESSAGE][FAILED] - Test Cases/SCENARIO/Setup and Configuration/Special Dates/SD_TC.061 Sort _by name FAILED.
Reason:
Assertion failed: 

assert referenceValues.equals(tableValues)
       |               |      |
       |               false  [Ascension Day of Jesus Christ, Automation, Eid al-Adha 1444 H, Eid al-Fitr 1444 H, f dsfdf, fdsfsgd, Good Friday, Labor Day, Pancasila Day, sgsd]
       [Ascension Day of Jesus Christ, Automation, Eid al-Adha 1444 H, Eid al-Fitr 1444 H, Good Friday, Labor Day, Pancasila Day, f dsfdf, fdsfsgd, sgsd]

	at SD_TC.061 Sort _by name.run(SD_TC.061 Sort _by name:65)
	at com.kms.katalon.core.main.ScriptEngine.run(ScriptEngine.java:194)
	at com.kms.katalon.core.main.ScriptEngine.runScriptAsRawText(ScriptEngine.java:119)
	at com.kms.katalon.core.main.TestCaseExecutor.runScript(TestCaseExecutor.java:448)
	at com.kms.katalon.core.main.TestCaseExecutor.doExecute(TestCaseExecutor.java:439)
	at com.kms.katalon.core.main.TestCaseExecutor.processExecutionPhase(TestCaseExecutor.java:418)
	at com.kms.katalon.core.main.TestCaseExecutor.accessMainPhase(TestCaseExecutor.java:410)
	at com.kms.katalon.core.main.TestCaseExecutor.execute(TestCaseExecutor.java:285)
	at com.kms.katalon.core.common.CommonExecutor.accessTestCaseMainPhase(CommonExecutor.java:65)
	at com.kms.katalon.core.main.TestSuiteExecutor.accessTestSuiteMainPhase(TestSuiteExecutor.java:151)
	at com.kms.katalon.core.main.TestSuiteExecutor.execute(TestSuiteExecutor.java:106)
	at com.kms.katalon.core.main.TestCaseMain.startTestSuite(TestCaseMain.java:185)
	at com.kms.katalon.core.main.TestCaseMain$startTestSuite$0.call(Unknown Source)
	at TempTestSuite1680507442613.run(TempTestSuite1680507442613.groovy:36)]]></system-out>
         <system-err><![CDATA[2023-04-03 14:39:40 - [TEST_CASE][FAILED] - Test Cases/SCENARIO/Setup and Configuration/Special Dates/SD_TC.061 Sort _by name: Test Cases/SCENARIO/Setup and Configuration/Special Dates/SD_TC.061 Sort _by name FAILED.
Reason:
Assertion failed: 

assert referenceValues.equals(tableValues)
       |               |      |
       |               false  [Ascension Day of Jesus Christ, Automation, Eid al-Adha 1444 H, Eid al-Fitr 1444 H, f dsfdf, fdsfsgd, Good Friday, Labor Day, Pancasila Day, sgsd]
       [Ascension Day of Jesus Christ, Automation, Eid al-Adha 1444 H, Eid al-Fitr 1444 H, Good Friday, Labor Day, Pancasila Day, f dsfdf, fdsfsgd, sgsd]

	at SD_TC.061 Sort _by name.run(SD_TC.061 Sort _by name:65)
	at com.kms.katalon.core.main.ScriptEngine.run(ScriptEngine.java:194)
	at com.kms.katalon.core.main.ScriptEngine.runScriptAsRawText(ScriptEngine.java:119)
	at com.kms.katalon.core.main.TestCaseExecutor.runScript(TestCaseExecutor.java:448)
	at com.kms.katalon.core.main.TestCaseExecutor.doExecute(TestCaseExecutor.java:439)
	at com.kms.katalon.core.main.TestCaseExecutor.processExecutionPhase(TestCaseExecutor.java:418)
	at com.kms.katalon.core.main.TestCaseExecutor.accessMainPhase(TestCaseExecutor.java:410)
	at com.kms.katalon.core.main.TestCaseExecutor.execute(TestCaseExecutor.java:285)
	at com.kms.katalon.core.common.CommonExecutor.accessTestCaseMainPhase(CommonExecutor.java:65)
	at com.kms.katalon.core.main.TestSuiteExecutor.accessTestSuiteMainPhase(TestSuiteExecutor.java:151)
	at com.kms.katalon.core.main.TestSuiteExecutor.execute(TestSuiteExecutor.java:106)
	at com.kms.katalon.core.main.TestCaseMain.startTestSuite(TestCaseMain.java:185)
	at com.kms.katalon.core.main.TestCaseMain$startTestSuite$0.call(Unknown Source)
	at TempTestSuite1680507442613.run(TempTestSuite1680507442613.groovy:36)]]></system-err>
      </testcase>
      <testcase name="Test Cases/SCENARIO/Setup and Configuration/Special Dates/SD_TC.062 Sort _by start date" time="30.699" classname="Test Cases/SCENARIO/Setup and Configuration/Special Dates/SD_TC.062 Sort _by start date" status="PASSED">
         <system-out><![CDATA[2023-04-03 14:40:09 - [TEST_CASE][PASSED] - Test Cases/SCENARIO/Setup and Configuration/Special Dates/SD_TC.062 Sort _by start date: Test Cases/SCENARIO/Setup and Configuration/Special Dates/SD_TC.062 Sort _by start date

2023-04-03 14:40:10 - [TEST_STEP][PASSED] - callTestCase(findTestCase("login_internal"), [:], STOP_ON_FAILURE): Call Test Case 'Test Cases/login_internal' successfully

2023-04-03 14:40:10 - [TEST_CASE][PASSED] - Test Cases/login_internal: Test Cases/login_internal

2023-04-03 14:40:10 - [TEST_STEP][PASSED] - openBrowser(url_login): Browser is opened with url: 'https://bbstg.monstercode.net/auth/login'

2023-04-03 14:40:10 - [MESSAGE][WARNING] - A browser is already opened. Closing browser and opening a new one

2023-04-03 14:40:11 - [MESSAGE][INFO] - Starting 'Chrome' driver

2023-04-03 14:40:11 - [MESSAGE][INFO] - Action delay is set to 0 milliseconds

2023-04-03 14:40:21 - [MESSAGE][PASSED] - Browser is opened with url: 'https://bbstg.monstercode.net/auth/login'

2023-04-03 14:40:21 - [TEST_STEP][PASSED] - maximizeWindow(): Current window maximized

2023-04-03 14:40:22 - [MESSAGE][PASSED] - Current window maximized

2023-04-03 14:40:22 - [TEST_STEP][PASSED] - setText(findTestObject("Object Repository/Log_In/input_Email_username"), user_corporate): Text 'coba.dilain@gmail.com' is set on object 'Object Repository/Log_In/input_Email_username'

2023-04-03 14:40:23 - [MESSAGE][PASSED] - Text 'coba.dilain@gmail.com' is set on object 'Object Repository/Log_In/input_Email_username'

2023-04-03 14:40:23 - [TEST_STEP][PASSED] - setEncryptedText(findTestObject("Object Repository/Log_In/input_Password"), pass_corporate_encrypted): Text ****** has been set on object 'Object Repository/Log_In/input_Password'

2023-04-03 14:40:23 - [MESSAGE][PASSED] - Text ****** has been set on object 'Object Repository/Log_In/input_Password'

2023-04-03 14:40:23 - [TEST_STEP][PASSED] - click(findTestObject("Object Repository/Log_In/btn_sign_in")): Object: 'Object Repository/Log_In/btn_sign_in' is clicked on

2023-04-03 14:40:24 - [MESSAGE][PASSED] - Object: 'Object Repository/Log_In/btn_sign_in' is clicked on

2023-04-03 14:40:24 - [MESSAGE][PASSED] - Call Test Case 'Test Cases/login_internal' successfully

2023-04-03 14:40:24 - [TEST_STEP][PASSED] - click(findTestObject("Object Repository/special_dates/dashboardBtn")): Object: 'Object Repository/special_dates/dashboardBtn' is clicked on

2023-04-03 14:40:27 - [MESSAGE][PASSED] - Object: 'Object Repository/special_dates/dashboardBtn' is clicked on

2023-04-03 14:40:27 - [TEST_STEP][PASSED] - click(findTestObject("Object Repository/special_dates/setupAndConfMenu")): Object: 'Object Repository/special_dates/setupAndConfMenu' is clicked on

2023-04-03 14:40:27 - [MESSAGE][PASSED] - Object: 'Object Repository/special_dates/setupAndConfMenu' is clicked on

2023-04-03 14:40:27 - [TEST_STEP][PASSED] - click(findTestObject("Object Repository/special_dates/special_date_subMenu")): Object: 'Object Repository/special_dates/special_date_subMenu' is clicked on

2023-04-03 14:40:28 - [MESSAGE][PASSED] - Object: 'Object Repository/special_dates/special_date_subMenu' is clicked on

2023-04-03 14:40:28 - [TEST_STEP][PASSED] - click(findTestObject("Object Repository/special_dates/breadcrumb")): Object: 'Object Repository/special_dates/breadcrumb' is clicked on

2023-04-03 14:40:29 - [MESSAGE][PASSED] - Object: 'Object Repository/special_dates/breadcrumb' is clicked on

2023-04-03 14:40:29 - [TEST_STEP][PASSED] - verifyElementPresent(findTestObject("Object Repository/special_dates/h1_title_sd"), 0): Object 'Object Repository/special_dates/h1_title_sd' is present

2023-04-03 14:40:29 - [MESSAGE][WARNING] - Timeout '0' is invalid. Using default page load timeout: '30'

2023-04-03 14:40:29 - [MESSAGE][PASSED] - Object 'Object Repository/special_dates/h1_title_sd' is present

2023-04-03 14:40:29 - [TEST_STEP][PASSED] - click(findTestObject("Object Repository/special_dates/table_start_date")): Object: 'Object Repository/special_dates/table_start_date' is clicked on

2023-04-03 14:40:30 - [MESSAGE][PASSED] - Object: 'Object Repository/special_dates/table_start_date' is clicked on

2023-04-03 14:40:30 - [TEST_STEP][PASSED] - selectorType = new com.kms.katalon.core.testobject.TestObject(): null

2023-04-03 14:40:30 - [TEST_STEP][PASSED] - selectorType.addProperty("css", EQUALS, "td:nth-of-type(3)"): null

2023-04-03 14:40:30 - [TEST_STEP][PASSED] - typeList = findWebElements(selectorType, 30): null

2023-04-03 14:40:31 - [TEST_STEP][PASSED] - size = typeList.size(): null

2023-04-03 14:40:31 - [TEST_STEP][PASSED] - tableValues = new java.util.ArrayList(): null

2023-04-03 14:40:31 - [TEST_STEP][PASSED] - for ([i = 1, i <= size, (i++)]): null

2023-04-03 14:40:31 - [TEST_STEP][PASSED] - new_xpath = (//tr/td[3])[$i]: null

2023-04-03 14:40:31 - [TEST_STEP][PASSED] - dynamicObject = TestObject(dynamicObject).addProperty("xpath", EQUALS, new_xpath): null

2023-04-03 14:40:31 - [TEST_STEP][PASSED] - str = getText(dynamicObject): Text of object 'dynamicObject' is: '1 June 2023'

2023-04-03 14:40:31 - [MESSAGE][PASSED] - Text of object 'dynamicObject' is: '1 June 2023'

2023-04-03 14:40:31 - [TEST_STEP][PASSED] - strOut = str.split(" "): null

2023-04-03 14:40:31 - [TEST_STEP][PASSED] - intOut = Integer.parseInt(strOut[0]): null

2023-04-03 14:40:31 - [TEST_STEP][PASSED] - tableValues.add(intOut[0]): null

2023-04-03 14:40:31 - [TEST_STEP][PASSED] - new_xpath = (//tr/td[3])[$i]: null

2023-04-03 14:40:31 - [TEST_STEP][PASSED] - dynamicObject = TestObject(dynamicObject).addProperty("xpath", EQUALS, new_xpath): null

2023-04-03 14:40:31 - [TEST_STEP][PASSED] - str = getText(dynamicObject): Text of object 'dynamicObject' is: '1 May 2023'

2023-04-03 14:40:31 - [MESSAGE][PASSED] - Text of object 'dynamicObject' is: '1 May 2023'

2023-04-03 14:40:31 - [TEST_STEP][PASSED] - strOut = str.split(" "): null

2023-04-03 14:40:31 - [TEST_STEP][PASSED] - intOut = Integer.parseInt(strOut[0]): null

2023-04-03 14:40:31 - [TEST_STEP][PASSED] - tableValues.add(intOut[0]): null

2023-04-03 14:40:31 - [TEST_STEP][PASSED] - new_xpath = (//tr/td[3])[$i]: null

2023-04-03 14:40:31 - [TEST_STEP][PASSED] - dynamicObject = TestObject(dynamicObject).addProperty("xpath", EQUALS, new_xpath): null

2023-04-03 14:40:31 - [TEST_STEP][PASSED] - str = getText(dynamicObject): Text of object 'dynamicObject' is: '7 April 2023'

2023-04-03 14:40:31 - [MESSAGE][PASSED] - Text of object 'dynamicObject' is: '7 April 2023'

2023-04-03 14:40:31 - [TEST_STEP][PASSED] - strOut = str.split(" "): null

2023-04-03 14:40:31 - [TEST_STEP][PASSED] - intOut = Integer.parseInt(strOut[0]): null

2023-04-03 14:40:31 - [TEST_STEP][PASSED] - tableValues.add(intOut[0]): null

2023-04-03 14:40:31 - [TEST_STEP][PASSED] - new_xpath = (//tr/td[3])[$i]: null

2023-04-03 14:40:31 - [TEST_STEP][PASSED] - dynamicObject = TestObject(dynamicObject).addProperty("xpath", EQUALS, new_xpath): null

2023-04-03 14:40:31 - [TEST_STEP][PASSED] - str = getText(dynamicObject): Text of object 'dynamicObject' is: '9 March 2023'

2023-04-03 14:40:32 - [MESSAGE][PASSED] - Text of object 'dynamicObject' is: '9 March 2023'

2023-04-03 14:40:32 - [TEST_STEP][PASSED] - strOut = str.split(" "): null

2023-04-03 14:40:32 - [TEST_STEP][PASSED] - intOut = Integer.parseInt(strOut[0]): null

2023-04-03 14:40:32 - [TEST_STEP][PASSED] - tableValues.add(intOut[0]): null

2023-04-03 14:40:32 - [TEST_STEP][PASSED] - new_xpath = (//tr/td[3])[$i]: null

2023-04-03 14:40:32 - [TEST_STEP][PASSED] - dynamicObject = TestObject(dynamicObject).addProperty("xpath", EQUALS, new_xpath): null

2023-04-03 14:40:32 - [TEST_STEP][PASSED] - str = getText(dynamicObject): Text of object 'dynamicObject' is: '9 March 2023'

2023-04-03 14:40:32 - [MESSAGE][PASSED] - Text of object 'dynamicObject' is: '9 March 2023'

2023-04-03 14:40:32 - [TEST_STEP][PASSED] - strOut = str.split(" "): null

2023-04-03 14:40:32 - [TEST_STEP][PASSED] - intOut = Integer.parseInt(strOut[0]): null

2023-04-03 14:40:32 - [TEST_STEP][PASSED] - tableValues.add(intOut[0]): null

2023-04-03 14:40:32 - [TEST_STEP][PASSED] - new_xpath = (//tr/td[3])[$i]: null

2023-04-03 14:40:32 - [TEST_STEP][PASSED] - dynamicObject = TestObject(dynamicObject).addProperty("xpath", EQUALS, new_xpath): null

2023-04-03 14:40:32 - [TEST_STEP][PASSED] - str = getText(dynamicObject): Text of object 'dynamicObject' is: '9 March 2023'

2023-04-03 14:40:32 - [MESSAGE][PASSED] - Text of object 'dynamicObject' is: '9 March 2023'

2023-04-03 14:40:32 - [TEST_STEP][PASSED] - strOut = str.split(" "): null

2023-04-03 14:40:32 - [TEST_STEP][PASSED] - intOut = Integer.parseInt(strOut[0]): null

2023-04-03 14:40:32 - [TEST_STEP][PASSED] - tableValues.add(intOut[0]): null

2023-04-03 14:40:32 - [TEST_STEP][PASSED] - new_xpath = (//tr/td[3])[$i]: null

2023-04-03 14:40:32 - [TEST_STEP][PASSED] - dynamicObject = TestObject(dynamicObject).addProperty("xpath", EQUALS, new_xpath): null

2023-04-03 14:40:32 - [TEST_STEP][PASSED] - str = getText(dynamicObject): Text of object 'dynamicObject' is: '18 May 2023'

2023-04-03 14:40:33 - [MESSAGE][PASSED] - Text of object 'dynamicObject' is: '18 May 2023'

2023-04-03 14:40:33 - [TEST_STEP][PASSED] - strOut = str.split(" "): null

2023-04-03 14:40:33 - [TEST_STEP][PASSED] - intOut = Integer.parseInt(strOut[0]): null

2023-04-03 14:40:33 - [TEST_STEP][PASSED] - tableValues.add(intOut[0]): null

2023-04-03 14:40:33 - [TEST_STEP][PASSED] - new_xpath = (//tr/td[3])[$i]: null

2023-04-03 14:40:33 - [TEST_STEP][PASSED] - dynamicObject = TestObject(dynamicObject).addProperty("xpath", EQUALS, new_xpath): null

2023-04-03 14:40:33 - [TEST_STEP][PASSED] - str = getText(dynamicObject): Text of object 'dynamicObject' is: '22 April 2023'

2023-04-03 14:40:33 - [MESSAGE][PASSED] - Text of object 'dynamicObject' is: '22 April 2023'

2023-04-03 14:40:33 - [TEST_STEP][PASSED] - strOut = str.split(" "): null

2023-04-03 14:40:33 - [TEST_STEP][PASSED] - intOut = Integer.parseInt(strOut[0]): null

2023-04-03 14:40:33 - [TEST_STEP][PASSED] - tableValues.add(intOut[0]): null

2023-04-03 14:40:33 - [TEST_STEP][PASSED] - new_xpath = (//tr/td[3])[$i]: null

2023-04-03 14:40:33 - [TEST_STEP][PASSED] - dynamicObject = TestObject(dynamicObject).addProperty("xpath", EQUALS, new_xpath): null

2023-04-03 14:40:33 - [TEST_STEP][PASSED] - str = getText(dynamicObject): Text of object 'dynamicObject' is: '22 January 2023'

2023-04-03 14:40:34 - [MESSAGE][PASSED] - Text of object 'dynamicObject' is: '22 January 2023'

2023-04-03 14:40:34 - [TEST_STEP][PASSED] - strOut = str.split(" "): null

2023-04-03 14:40:34 - [TEST_STEP][PASSED] - intOut = Integer.parseInt(strOut[0]): null

2023-04-03 14:40:34 - [TEST_STEP][PASSED] - tableValues.add(intOut[0]): null

2023-04-03 14:40:34 - [TEST_STEP][PASSED] - new_xpath = (//tr/td[3])[$i]: null

2023-04-03 14:40:34 - [TEST_STEP][PASSED] - dynamicObject = TestObject(dynamicObject).addProperty("xpath", EQUALS, new_xpath): null

2023-04-03 14:40:34 - [TEST_STEP][PASSED] - str = getText(dynamicObject): Text of object 'dynamicObject' is: '29 June 2023'

2023-04-03 14:40:34 - [MESSAGE][PASSED] - Text of object 'dynamicObject' is: '29 June 2023'

2023-04-03 14:40:34 - [TEST_STEP][PASSED] - strOut = str.split(" "): null

2023-04-03 14:40:34 - [TEST_STEP][PASSED] - intOut = Integer.parseInt(strOut[0]): null

2023-04-03 14:40:34 - [TEST_STEP][PASSED] - tableValues.add(intOut[0]): null

2023-04-03 14:40:34 - [TEST_STEP][PASSED] - out.println(tableValues): null

2023-04-03 14:40:34 - [TEST_STEP][PASSED] - referenceValues = new java.util.ArrayList(): null

2023-04-03 14:40:34 - [TEST_STEP][PASSED] - for ([i = 0, i < tableValues.size(), (i++)]): null

2023-04-03 14:40:34 - [TEST_STEP][PASSED] - referenceValues.add(tableValues.get(i)): null

2023-04-03 14:40:34 - [TEST_STEP][PASSED] - referenceValues.add(tableValues.get(i)): null

2023-04-03 14:40:34 - [TEST_STEP][PASSED] - referenceValues.add(tableValues.get(i)): null

2023-04-03 14:40:34 - [TEST_STEP][PASSED] - referenceValues.add(tableValues.get(i)): null

2023-04-03 14:40:34 - [TEST_STEP][PASSED] - referenceValues.add(tableValues.get(i)): null

2023-04-03 14:40:34 - [TEST_STEP][PASSED] - referenceValues.add(tableValues.get(i)): null

2023-04-03 14:40:34 - [TEST_STEP][PASSED] - referenceValues.add(tableValues.get(i)): null

2023-04-03 14:40:34 - [TEST_STEP][PASSED] - referenceValues.add(tableValues.get(i)): null

2023-04-03 14:40:34 - [TEST_STEP][PASSED] - referenceValues.add(tableValues.get(i)): null

2023-04-03 14:40:34 - [TEST_STEP][PASSED] - referenceValues.add(tableValues.get(i)): null

2023-04-03 14:40:34 - [TEST_STEP][PASSED] - Collections.sort(referenceValues): null

2023-04-03 14:40:34 - [TEST_STEP][PASSED] - out.println(referenceValues): null

2023-04-03 14:40:34 - [TEST_STEP][PASSED] - assert referenceValues.equals(tableValues): null

2023-04-03 14:40:34 - [TEST_STEP][PASSED] - click(findTestObject("Object Repository/special_dates/table_start_date")): Object: 'Object Repository/special_dates/table_start_date' is clicked on

2023-04-03 14:40:35 - [MESSAGE][PASSED] - Object: 'Object Repository/special_dates/table_start_date' is clicked on

2023-04-03 14:40:35 - [TEST_STEP][PASSED] - tableValuesDesc = new java.util.ArrayList(): null

2023-04-03 14:40:35 - [TEST_STEP][PASSED] - for ([i = 1, i <= size, (i++)]): null

2023-04-03 14:40:35 - [TEST_STEP][PASSED] - new_xpath = (//tr/td[3])[$i]: null

2023-04-03 14:40:35 - [TEST_STEP][PASSED] - dynamicObject = TestObject(dynamicObject).addProperty("xpath", EQUALS, new_xpath): null

2023-04-03 14:40:35 - [TEST_STEP][PASSED] - str2 = getText(dynamicObject): Text of object 'dynamicObject' is: '29 June 2023'

2023-04-03 14:40:35 - [MESSAGE][PASSED] - Text of object 'dynamicObject' is: '29 June 2023'

2023-04-03 14:40:35 - [TEST_STEP][PASSED] - strOut2 = str2.split(" "): null

2023-04-03 14:40:35 - [TEST_STEP][PASSED] - intOut2 = Integer.parseInt(strOut2[0]): null

2023-04-03 14:40:35 - [TEST_STEP][PASSED] - tableValuesDesc.add(intOut2[0]): null

2023-04-03 14:40:35 - [TEST_STEP][PASSED] - new_xpath = (//tr/td[3])[$i]: null

2023-04-03 14:40:35 - [TEST_STEP][PASSED] - dynamicObject = TestObject(dynamicObject).addProperty("xpath", EQUALS, new_xpath): null

2023-04-03 14:40:35 - [TEST_STEP][PASSED] - str2 = getText(dynamicObject): Text of object 'dynamicObject' is: '22 January 2023'

2023-04-03 14:40:36 - [MESSAGE][PASSED] - Text of object 'dynamicObject' is: '22 January 2023'

2023-04-03 14:40:36 - [TEST_STEP][PASSED] - strOut2 = str2.split(" "): null

2023-04-03 14:40:36 - [TEST_STEP][PASSED] - intOut2 = Integer.parseInt(strOut2[0]): null

2023-04-03 14:40:36 - [TEST_STEP][PASSED] - tableValuesDesc.add(intOut2[0]): null

2023-04-03 14:40:36 - [TEST_STEP][PASSED] - new_xpath = (//tr/td[3])[$i]: null

2023-04-03 14:40:36 - [TEST_STEP][PASSED] - dynamicObject = TestObject(dynamicObject).addProperty("xpath", EQUALS, new_xpath): null

2023-04-03 14:40:36 - [TEST_STEP][PASSED] - str2 = getText(dynamicObject): Text of object 'dynamicObject' is: '22 April 2023'

2023-04-03 14:40:36 - [MESSAGE][PASSED] - Text of object 'dynamicObject' is: '22 April 2023'

2023-04-03 14:40:36 - [TEST_STEP][PASSED] - strOut2 = str2.split(" "): null

2023-04-03 14:40:36 - [TEST_STEP][PASSED] - intOut2 = Integer.parseInt(strOut2[0]): null

2023-04-03 14:40:36 - [TEST_STEP][PASSED] - tableValuesDesc.add(intOut2[0]): null

2023-04-03 14:40:36 - [TEST_STEP][PASSED] - new_xpath = (//tr/td[3])[$i]: null

2023-04-03 14:40:36 - [TEST_STEP][PASSED] - dynamicObject = TestObject(dynamicObject).addProperty("xpath", EQUALS, new_xpath): null

2023-04-03 14:40:36 - [TEST_STEP][PASSED] - str2 = getText(dynamicObject): Text of object 'dynamicObject' is: '18 May 2023'

2023-04-03 14:40:36 - [MESSAGE][PASSED] - Text of object 'dynamicObject' is: '18 May 2023'

2023-04-03 14:40:36 - [TEST_STEP][PASSED] - strOut2 = str2.split(" "): null

2023-04-03 14:40:36 - [TEST_STEP][PASSED] - intOut2 = Integer.parseInt(strOut2[0]): null

2023-04-03 14:40:36 - [TEST_STEP][PASSED] - tableValuesDesc.add(intOut2[0]): null

2023-04-03 14:40:36 - [TEST_STEP][PASSED] - new_xpath = (//tr/td[3])[$i]: null

2023-04-03 14:40:36 - [TEST_STEP][PASSED] - dynamicObject = TestObject(dynamicObject).addProperty("xpath", EQUALS, new_xpath): null

2023-04-03 14:40:36 - [TEST_STEP][PASSED] - str2 = getText(dynamicObject): Text of object 'dynamicObject' is: '9 March 2023'

2023-04-03 14:40:37 - [MESSAGE][PASSED] - Text of object 'dynamicObject' is: '9 March 2023'

2023-04-03 14:40:37 - [TEST_STEP][PASSED] - strOut2 = str2.split(" "): null

2023-04-03 14:40:37 - [TEST_STEP][PASSED] - intOut2 = Integer.parseInt(strOut2[0]): null

2023-04-03 14:40:37 - [TEST_STEP][PASSED] - tableValuesDesc.add(intOut2[0]): null

2023-04-03 14:40:37 - [TEST_STEP][PASSED] - new_xpath = (//tr/td[3])[$i]: null

2023-04-03 14:40:37 - [TEST_STEP][PASSED] - dynamicObject = TestObject(dynamicObject).addProperty("xpath", EQUALS, new_xpath): null

2023-04-03 14:40:37 - [TEST_STEP][PASSED] - str2 = getText(dynamicObject): Text of object 'dynamicObject' is: '9 March 2023'

2023-04-03 14:40:37 - [MESSAGE][PASSED] - Text of object 'dynamicObject' is: '9 March 2023'

2023-04-03 14:40:37 - [TEST_STEP][PASSED] - strOut2 = str2.split(" "): null

2023-04-03 14:40:37 - [TEST_STEP][PASSED] - intOut2 = Integer.parseInt(strOut2[0]): null

2023-04-03 14:40:37 - [TEST_STEP][PASSED] - tableValuesDesc.add(intOut2[0]): null

2023-04-03 14:40:37 - [TEST_STEP][PASSED] - new_xpath = (//tr/td[3])[$i]: null

2023-04-03 14:40:37 - [TEST_STEP][PASSED] - dynamicObject = TestObject(dynamicObject).addProperty("xpath", EQUALS, new_xpath): null

2023-04-03 14:40:37 - [TEST_STEP][PASSED] - str2 = getText(dynamicObject): Text of object 'dynamicObject' is: '9 March 2023'

2023-04-03 14:40:37 - [MESSAGE][PASSED] - Text of object 'dynamicObject' is: '9 March 2023'

2023-04-03 14:40:37 - [TEST_STEP][PASSED] - strOut2 = str2.split(" "): null

2023-04-03 14:40:37 - [TEST_STEP][PASSED] - intOut2 = Integer.parseInt(strOut2[0]): null

2023-04-03 14:40:37 - [TEST_STEP][PASSED] - tableValuesDesc.add(intOut2[0]): null

2023-04-03 14:40:37 - [TEST_STEP][PASSED] - new_xpath = (//tr/td[3])[$i]: null

2023-04-03 14:40:37 - [TEST_STEP][PASSED] - dynamicObject = TestObject(dynamicObject).addProperty("xpath", EQUALS, new_xpath): null

2023-04-03 14:40:37 - [TEST_STEP][PASSED] - str2 = getText(dynamicObject): Text of object 'dynamicObject' is: '7 April 2023'

2023-04-03 14:40:38 - [MESSAGE][PASSED] - Text of object 'dynamicObject' is: '7 April 2023'

2023-04-03 14:40:38 - [TEST_STEP][PASSED] - strOut2 = str2.split(" "): null

2023-04-03 14:40:38 - [TEST_STEP][PASSED] - intOut2 = Integer.parseInt(strOut2[0]): null

2023-04-03 14:40:38 - [TEST_STEP][PASSED] - tableValuesDesc.add(intOut2[0]): null

2023-04-03 14:40:38 - [TEST_STEP][PASSED] - new_xpath = (//tr/td[3])[$i]: null

2023-04-03 14:40:38 - [TEST_STEP][PASSED] - dynamicObject = TestObject(dynamicObject).addProperty("xpath", EQUALS, new_xpath): null

2023-04-03 14:40:38 - [TEST_STEP][PASSED] - str2 = getText(dynamicObject): Text of object 'dynamicObject' is: '1 May 2023'

2023-04-03 14:40:38 - [MESSAGE][PASSED] - Text of object 'dynamicObject' is: '1 May 2023'

2023-04-03 14:40:38 - [TEST_STEP][PASSED] - strOut2 = str2.split(" "): null

2023-04-03 14:40:38 - [TEST_STEP][PASSED] - intOut2 = Integer.parseInt(strOut2[0]): null

2023-04-03 14:40:38 - [TEST_STEP][PASSED] - tableValuesDesc.add(intOut2[0]): null

2023-04-03 14:40:38 - [TEST_STEP][PASSED] - new_xpath = (//tr/td[3])[$i]: null

2023-04-03 14:40:38 - [TEST_STEP][PASSED] - dynamicObject = TestObject(dynamicObject).addProperty("xpath", EQUALS, new_xpath): null

2023-04-03 14:40:38 - [TEST_STEP][PASSED] - str2 = getText(dynamicObject): Text of object 'dynamicObject' is: '1 June 2023'

2023-04-03 14:40:38 - [MESSAGE][PASSED] - Text of object 'dynamicObject' is: '1 June 2023'

2023-04-03 14:40:38 - [TEST_STEP][PASSED] - strOut2 = str2.split(" "): null

2023-04-03 14:40:38 - [TEST_STEP][PASSED] - intOut2 = Integer.parseInt(strOut2[0]): null

2023-04-03 14:40:38 - [TEST_STEP][PASSED] - tableValuesDesc.add(intOut2[0]): null

2023-04-03 14:40:38 - [TEST_STEP][PASSED] - out.println(tableValuesDesc): null

2023-04-03 14:40:38 - [TEST_STEP][PASSED] - referenceValuesDesc = new java.util.ArrayList(): null

2023-04-03 14:40:38 - [TEST_STEP][PASSED] - for ([i = 0, i < tableValuesDesc.size(), (i++)]): null

2023-04-03 14:40:38 - [TEST_STEP][PASSED] - referenceValuesDesc.add(tableValuesDesc.get(i)): null

2023-04-03 14:40:38 - [TEST_STEP][PASSED] - referenceValuesDesc.add(tableValuesDesc.get(i)): null

2023-04-03 14:40:38 - [TEST_STEP][PASSED] - referenceValuesDesc.add(tableValuesDesc.get(i)): null

2023-04-03 14:40:38 - [TEST_STEP][PASSED] - referenceValuesDesc.add(tableValuesDesc.get(i)): null

2023-04-03 14:40:38 - [TEST_STEP][PASSED] - referenceValuesDesc.add(tableValuesDesc.get(i)): null

2023-04-03 14:40:38 - [TEST_STEP][PASSED] - referenceValuesDesc.add(tableValuesDesc.get(i)): null

2023-04-03 14:40:38 - [TEST_STEP][PASSED] - referenceValuesDesc.add(tableValuesDesc.get(i)): null

2023-04-03 14:40:38 - [TEST_STEP][PASSED] - referenceValuesDesc.add(tableValuesDesc.get(i)): null

2023-04-03 14:40:38 - [TEST_STEP][PASSED] - referenceValuesDesc.add(tableValuesDesc.get(i)): null

2023-04-03 14:40:38 - [TEST_STEP][PASSED] - referenceValuesDesc.add(tableValuesDesc.get(i)): null

2023-04-03 14:40:38 - [TEST_STEP][PASSED] - Collections.sort(referenceValuesDesc, Collections.reverseOrder()): null

2023-04-03 14:40:38 - [TEST_STEP][PASSED] - out.println(referenceValuesDesc): null

2023-04-03 14:40:38 - [TEST_STEP][PASSED] - assert referenceValuesDesc.equals(tableValuesDesc): null

2023-04-03 14:40:38 - [TEST_STEP][PASSED] - takeScreenshot(): Taking screenshot successfully

2023-04-03 14:40:39 - [MESSAGE][PASSED] - Taking screenshot successfully
[[ATTACHMENT|D:\\_Bayu Buana\\BB_Automation\\bb-internal-katalon\\Reports\\20230403_143722\\RUN\\20230403_143722\\1680507639153.png]]

2023-04-03 14:40:39 - [TEST_STEP][PASSED] - closeBrowser(): Browser is closed

2023-04-03 14:40:40 - [MESSAGE][PASSED] - Browser is closed]]></system-out>
         <system-err><![CDATA[]]></system-err>
      </testcase>
      <testcase name="Test Cases/SCENARIO/Setup and Configuration/Special Dates/SD_TC.063 Sort _by end date" time="27.883" classname="Test Cases/SCENARIO/Setup and Configuration/Special Dates/SD_TC.063 Sort _by end date" status="PASSED">
         <system-out><![CDATA[2023-04-03 14:40:40 - [TEST_CASE][PASSED] - Test Cases/SCENARIO/Setup and Configuration/Special Dates/SD_TC.063 Sort _by end date: Test Cases/SCENARIO/Setup and Configuration/Special Dates/SD_TC.063 Sort _by end date

2023-04-03 14:40:40 - [TEST_STEP][PASSED] - callTestCase(findTestCase("login_internal"), [:], STOP_ON_FAILURE): Call Test Case 'Test Cases/login_internal' successfully

2023-04-03 14:40:40 - [TEST_CASE][PASSED] - Test Cases/login_internal: Test Cases/login_internal

2023-04-03 14:40:40 - [TEST_STEP][PASSED] - openBrowser(url_login): Browser is opened with url: 'https://bbstg.monstercode.net/auth/login'

2023-04-03 14:40:40 - [MESSAGE][INFO] - Starting 'Chrome' driver

2023-04-03 14:40:40 - [MESSAGE][INFO] - Action delay is set to 0 milliseconds

2023-04-03 14:40:50 - [MESSAGE][PASSED] - Browser is opened with url: 'https://bbstg.monstercode.net/auth/login'

2023-04-03 14:40:50 - [TEST_STEP][PASSED] - maximizeWindow(): Current window maximized

2023-04-03 14:40:50 - [MESSAGE][PASSED] - Current window maximized

2023-04-03 14:40:50 - [TEST_STEP][PASSED] - setText(findTestObject("Object Repository/Log_In/input_Email_username"), user_corporate): Text 'coba.dilain@gmail.com' is set on object 'Object Repository/Log_In/input_Email_username'

2023-04-03 14:40:51 - [MESSAGE][PASSED] - Text 'coba.dilain@gmail.com' is set on object 'Object Repository/Log_In/input_Email_username'

2023-04-03 14:40:51 - [TEST_STEP][PASSED] - setEncryptedText(findTestObject("Object Repository/Log_In/input_Password"), pass_corporate_encrypted): Text ****** has been set on object 'Object Repository/Log_In/input_Password'

2023-04-03 14:40:51 - [MESSAGE][PASSED] - Text ****** has been set on object 'Object Repository/Log_In/input_Password'

2023-04-03 14:40:51 - [TEST_STEP][PASSED] - click(findTestObject("Object Repository/Log_In/btn_sign_in")): Object: 'Object Repository/Log_In/btn_sign_in' is clicked on

2023-04-03 14:40:52 - [MESSAGE][PASSED] - Object: 'Object Repository/Log_In/btn_sign_in' is clicked on

2023-04-03 14:40:52 - [MESSAGE][PASSED] - Call Test Case 'Test Cases/login_internal' successfully

2023-04-03 14:40:52 - [TEST_STEP][PASSED] - click(findTestObject("Object Repository/special_dates/dashboardBtn")): Object: 'Object Repository/special_dates/dashboardBtn' is clicked on

2023-04-03 14:40:55 - [MESSAGE][PASSED] - Object: 'Object Repository/special_dates/dashboardBtn' is clicked on

2023-04-03 14:40:55 - [TEST_STEP][PASSED] - click(findTestObject("Object Repository/special_dates/setupAndConfMenu")): Object: 'Object Repository/special_dates/setupAndConfMenu' is clicked on

2023-04-03 14:40:55 - [MESSAGE][PASSED] - Object: 'Object Repository/special_dates/setupAndConfMenu' is clicked on

2023-04-03 14:40:55 - [TEST_STEP][PASSED] - click(findTestObject("Object Repository/special_dates/special_date_subMenu")): Object: 'Object Repository/special_dates/special_date_subMenu' is clicked on

2023-04-03 14:40:56 - [MESSAGE][PASSED] - Object: 'Object Repository/special_dates/special_date_subMenu' is clicked on

2023-04-03 14:40:56 - [TEST_STEP][PASSED] - click(findTestObject("Object Repository/special_dates/breadcrumb")): Object: 'Object Repository/special_dates/breadcrumb' is clicked on

2023-04-03 14:40:57 - [MESSAGE][PASSED] - Object: 'Object Repository/special_dates/breadcrumb' is clicked on

2023-04-03 14:40:57 - [TEST_STEP][PASSED] - verifyElementPresent(findTestObject("Object Repository/special_dates/h1_title_sd"), 0): Object 'Object Repository/special_dates/h1_title_sd' is present

2023-04-03 14:40:57 - [MESSAGE][WARNING] - Timeout '0' is invalid. Using default page load timeout: '30'

2023-04-03 14:40:58 - [MESSAGE][PASSED] - Object 'Object Repository/special_dates/h1_title_sd' is present

2023-04-03 14:40:58 - [TEST_STEP][PASSED] - click(findTestObject("Object Repository/special_dates/table_end_date")): Object: 'Object Repository/special_dates/table_end_date' is clicked on

2023-04-03 14:40:58 - [MESSAGE][PASSED] - Object: 'Object Repository/special_dates/table_end_date' is clicked on

2023-04-03 14:40:58 - [TEST_STEP][PASSED] - selectorType = new com.kms.katalon.core.testobject.TestObject(): null

2023-04-03 14:40:58 - [TEST_STEP][PASSED] - selectorType.addProperty("css", EQUALS, "td:nth-of-type(4)"): null

2023-04-03 14:40:58 - [TEST_STEP][PASSED] - typeList = findWebElements(selectorType, 30): null

2023-04-03 14:40:59 - [TEST_STEP][PASSED] - size = typeList.size(): null

2023-04-03 14:40:59 - [TEST_STEP][PASSED] - tableValues = new java.util.ArrayList(): null

2023-04-03 14:40:59 - [TEST_STEP][PASSED] - for ([i = 1, i <= size, (i++)]): null

2023-04-03 14:40:59 - [TEST_STEP][PASSED] - new_xpath = (//tr/td[4])[$i]: null

2023-04-03 14:40:59 - [TEST_STEP][PASSED] - dynamicObject = TestObject(dynamicObject).addProperty("xpath", EQUALS, new_xpath): null

2023-04-03 14:40:59 - [TEST_STEP][PASSED] - str = getText(dynamicObject): Text of object 'dynamicObject' is: '1 June 2023'

2023-04-03 14:40:59 - [MESSAGE][PASSED] - Text of object 'dynamicObject' is: '1 June 2023'

2023-04-03 14:40:59 - [TEST_STEP][PASSED] - strOut = str.split(" "): null

2023-04-03 14:40:59 - [TEST_STEP][PASSED] - intOut = Integer.parseInt(strOut[0]): null

2023-04-03 14:40:59 - [TEST_STEP][PASSED] - tableValues.add(intOut[0]): null

2023-04-03 14:40:59 - [TEST_STEP][PASSED] - new_xpath = (//tr/td[4])[$i]: null

2023-04-03 14:40:59 - [TEST_STEP][PASSED] - dynamicObject = TestObject(dynamicObject).addProperty("xpath", EQUALS, new_xpath): null

2023-04-03 14:40:59 - [TEST_STEP][PASSED] - str = getText(dynamicObject): Text of object 'dynamicObject' is: '1 May 2023'

2023-04-03 14:40:59 - [MESSAGE][PASSED] - Text of object 'dynamicObject' is: '1 May 2023'

2023-04-03 14:40:59 - [TEST_STEP][PASSED] - strOut = str.split(" "): null

2023-04-03 14:40:59 - [TEST_STEP][PASSED] - intOut = Integer.parseInt(strOut[0]): null

2023-04-03 14:40:59 - [TEST_STEP][PASSED] - tableValues.add(intOut[0]): null

2023-04-03 14:40:59 - [TEST_STEP][PASSED] - new_xpath = (//tr/td[4])[$i]: null

2023-04-03 14:40:59 - [TEST_STEP][PASSED] - dynamicObject = TestObject(dynamicObject).addProperty("xpath", EQUALS, new_xpath): null

2023-04-03 14:40:59 - [TEST_STEP][PASSED] - str = getText(dynamicObject): Text of object 'dynamicObject' is: '7 April 2023'

2023-04-03 14:41:00 - [MESSAGE][PASSED] - Text of object 'dynamicObject' is: '7 April 2023'

2023-04-03 14:41:00 - [TEST_STEP][PASSED] - strOut = str.split(" "): null

2023-04-03 14:41:00 - [TEST_STEP][PASSED] - intOut = Integer.parseInt(strOut[0]): null

2023-04-03 14:41:00 - [TEST_STEP][PASSED] - tableValues.add(intOut[0]): null

2023-04-03 14:41:00 - [TEST_STEP][PASSED] - new_xpath = (//tr/td[4])[$i]: null

2023-04-03 14:41:00 - [TEST_STEP][PASSED] - dynamicObject = TestObject(dynamicObject).addProperty("xpath", EQUALS, new_xpath): null

2023-04-03 14:41:00 - [TEST_STEP][PASSED] - str = getText(dynamicObject): Text of object 'dynamicObject' is: '9 March 2023'

2023-04-03 14:41:00 - [MESSAGE][PASSED] - Text of object 'dynamicObject' is: '9 March 2023'

2023-04-03 14:41:00 - [TEST_STEP][PASSED] - strOut = str.split(" "): null

2023-04-03 14:41:00 - [TEST_STEP][PASSED] - intOut = Integer.parseInt(strOut[0]): null

2023-04-03 14:41:00 - [TEST_STEP][PASSED] - tableValues.add(intOut[0]): null

2023-04-03 14:41:00 - [TEST_STEP][PASSED] - new_xpath = (//tr/td[4])[$i]: null

2023-04-03 14:41:00 - [TEST_STEP][PASSED] - dynamicObject = TestObject(dynamicObject).addProperty("xpath", EQUALS, new_xpath): null

2023-04-03 14:41:00 - [TEST_STEP][PASSED] - str = getText(dynamicObject): Text of object 'dynamicObject' is: '9 March 2023'

2023-04-03 14:41:00 - [MESSAGE][PASSED] - Text of object 'dynamicObject' is: '9 March 2023'

2023-04-03 14:41:00 - [TEST_STEP][PASSED] - strOut = str.split(" "): null

2023-04-03 14:41:00 - [TEST_STEP][PASSED] - intOut = Integer.parseInt(strOut[0]): null

2023-04-03 14:41:00 - [TEST_STEP][PASSED] - tableValues.add(intOut[0]): null

2023-04-03 14:41:00 - [TEST_STEP][PASSED] - new_xpath = (//tr/td[4])[$i]: null

2023-04-03 14:41:00 - [TEST_STEP][PASSED] - dynamicObject = TestObject(dynamicObject).addProperty("xpath", EQUALS, new_xpath): null

2023-04-03 14:41:00 - [TEST_STEP][PASSED] - str = getText(dynamicObject): Text of object 'dynamicObject' is: '9 March 2023'

2023-04-03 14:41:01 - [MESSAGE][PASSED] - Text of object 'dynamicObject' is: '9 March 2023'

2023-04-03 14:41:01 - [TEST_STEP][PASSED] - strOut = str.split(" "): null

2023-04-03 14:41:01 - [TEST_STEP][PASSED] - intOut = Integer.parseInt(strOut[0]): null

2023-04-03 14:41:01 - [TEST_STEP][PASSED] - tableValues.add(intOut[0]): null

2023-04-03 14:41:01 - [TEST_STEP][PASSED] - new_xpath = (//tr/td[4])[$i]: null

2023-04-03 14:41:01 - [TEST_STEP][PASSED] - dynamicObject = TestObject(dynamicObject).addProperty("xpath", EQUALS, new_xpath): null

2023-04-03 14:41:01 - [TEST_STEP][PASSED] - str = getText(dynamicObject): Text of object 'dynamicObject' is: '18 May 2023'

2023-04-03 14:41:01 - [MESSAGE][PASSED] - Text of object 'dynamicObject' is: '18 May 2023'

2023-04-03 14:41:01 - [TEST_STEP][PASSED] - strOut = str.split(" "): null

2023-04-03 14:41:01 - [TEST_STEP][PASSED] - intOut = Integer.parseInt(strOut[0]): null

2023-04-03 14:41:01 - [TEST_STEP][PASSED] - tableValues.add(intOut[0]): null

2023-04-03 14:41:01 - [TEST_STEP][PASSED] - new_xpath = (//tr/td[4])[$i]: null

2023-04-03 14:41:01 - [TEST_STEP][PASSED] - dynamicObject = TestObject(dynamicObject).addProperty("xpath", EQUALS, new_xpath): null

2023-04-03 14:41:01 - [TEST_STEP][PASSED] - str = getText(dynamicObject): Text of object 'dynamicObject' is: '23 April 2023'

2023-04-03 14:41:02 - [MESSAGE][PASSED] - Text of object 'dynamicObject' is: '23 April 2023'

2023-04-03 14:41:02 - [TEST_STEP][PASSED] - strOut = str.split(" "): null

2023-04-03 14:41:02 - [TEST_STEP][PASSED] - intOut = Integer.parseInt(strOut[0]): null

2023-04-03 14:41:02 - [TEST_STEP][PASSED] - tableValues.add(intOut[0]): null

2023-04-03 14:41:02 - [TEST_STEP][PASSED] - new_xpath = (//tr/td[4])[$i]: null

2023-04-03 14:41:02 - [TEST_STEP][PASSED] - dynamicObject = TestObject(dynamicObject).addProperty("xpath", EQUALS, new_xpath): null

2023-04-03 14:41:02 - [TEST_STEP][PASSED] - str = getText(dynamicObject): Text of object 'dynamicObject' is: '23 January 2023'

2023-04-03 14:41:02 - [MESSAGE][PASSED] - Text of object 'dynamicObject' is: '23 January 2023'

2023-04-03 14:41:02 - [TEST_STEP][PASSED] - strOut = str.split(" "): null

2023-04-03 14:41:02 - [TEST_STEP][PASSED] - intOut = Integer.parseInt(strOut[0]): null

2023-04-03 14:41:02 - [TEST_STEP][PASSED] - tableValues.add(intOut[0]): null

2023-04-03 14:41:02 - [TEST_STEP][PASSED] - new_xpath = (//tr/td[4])[$i]: null

2023-04-03 14:41:02 - [TEST_STEP][PASSED] - dynamicObject = TestObject(dynamicObject).addProperty("xpath", EQUALS, new_xpath): null

2023-04-03 14:41:02 - [TEST_STEP][PASSED] - str = getText(dynamicObject): Text of object 'dynamicObject' is: '29 June 2023'

2023-04-03 14:41:02 - [MESSAGE][PASSED] - Text of object 'dynamicObject' is: '29 June 2023'

2023-04-03 14:41:02 - [TEST_STEP][PASSED] - strOut = str.split(" "): null

2023-04-03 14:41:02 - [TEST_STEP][PASSED] - intOut = Integer.parseInt(strOut[0]): null

2023-04-03 14:41:02 - [TEST_STEP][PASSED] - tableValues.add(intOut[0]): null

2023-04-03 14:41:02 - [TEST_STEP][PASSED] - out.println(tableValues): null

2023-04-03 14:41:02 - [TEST_STEP][PASSED] - referenceValues = new java.util.ArrayList(): null

2023-04-03 14:41:02 - [TEST_STEP][PASSED] - for ([i = 0, i < tableValues.size(), (i++)]): null

2023-04-03 14:41:02 - [TEST_STEP][PASSED] - referenceValues.add(tableValues.get(i)): null

2023-04-03 14:41:02 - [TEST_STEP][PASSED] - referenceValues.add(tableValues.get(i)): null

2023-04-03 14:41:02 - [TEST_STEP][PASSED] - referenceValues.add(tableValues.get(i)): null

2023-04-03 14:41:02 - [TEST_STEP][PASSED] - referenceValues.add(tableValues.get(i)): null

2023-04-03 14:41:02 - [TEST_STEP][PASSED] - referenceValues.add(tableValues.get(i)): null

2023-04-03 14:41:02 - [TEST_STEP][PASSED] - referenceValues.add(tableValues.get(i)): null

2023-04-03 14:41:02 - [TEST_STEP][PASSED] - referenceValues.add(tableValues.get(i)): null

2023-04-03 14:41:02 - [TEST_STEP][PASSED] - referenceValues.add(tableValues.get(i)): null

2023-04-03 14:41:02 - [TEST_STEP][PASSED] - referenceValues.add(tableValues.get(i)): null

2023-04-03 14:41:02 - [TEST_STEP][PASSED] - referenceValues.add(tableValues.get(i)): null

2023-04-03 14:41:02 - [TEST_STEP][PASSED] - Collections.sort(referenceValues): null

2023-04-03 14:41:02 - [TEST_STEP][PASSED] - out.println(referenceValues): null

2023-04-03 14:41:02 - [TEST_STEP][PASSED] - assert referenceValues.equals(tableValues): null

2023-04-03 14:41:02 - [TEST_STEP][PASSED] - click(findTestObject("Object Repository/special_dates/table_end_date")): Object: 'Object Repository/special_dates/table_end_date' is clicked on

2023-04-03 14:41:03 - [MESSAGE][PASSED] - Object: 'Object Repository/special_dates/table_end_date' is clicked on

2023-04-03 14:41:03 - [TEST_STEP][PASSED] - tableValuesDesc = new java.util.ArrayList(): null

2023-04-03 14:41:03 - [TEST_STEP][PASSED] - for ([i = 1, i <= size, (i++)]): null

2023-04-03 14:41:03 - [TEST_STEP][PASSED] - new_xpath = (//tr/td[4])[$i]: null

2023-04-03 14:41:03 - [TEST_STEP][PASSED] - dynamicObject = TestObject(dynamicObject).addProperty("xpath", EQUALS, new_xpath): null

2023-04-03 14:41:03 - [TEST_STEP][PASSED] - str2 = getText(dynamicObject): Text of object 'dynamicObject' is: '29 June 2023'

2023-04-03 14:41:03 - [MESSAGE][PASSED] - Text of object 'dynamicObject' is: '29 June 2023'

2023-04-03 14:41:03 - [TEST_STEP][PASSED] - strOut2 = str2.split(" "): null

2023-04-03 14:41:03 - [TEST_STEP][PASSED] - intOut2 = Integer.parseInt(strOut2[0]): null

2023-04-03 14:41:03 - [TEST_STEP][PASSED] - tableValuesDesc.add(intOut2[0]): null

2023-04-03 14:41:03 - [TEST_STEP][PASSED] - new_xpath = (//tr/td[4])[$i]: null

2023-04-03 14:41:03 - [TEST_STEP][PASSED] - dynamicObject = TestObject(dynamicObject).addProperty("xpath", EQUALS, new_xpath): null

2023-04-03 14:41:03 - [TEST_STEP][PASSED] - str2 = getText(dynamicObject): Text of object 'dynamicObject' is: '23 January 2023'

2023-04-03 14:41:04 - [MESSAGE][PASSED] - Text of object 'dynamicObject' is: '23 January 2023'

2023-04-03 14:41:04 - [TEST_STEP][PASSED] - strOut2 = str2.split(" "): null

2023-04-03 14:41:04 - [TEST_STEP][PASSED] - intOut2 = Integer.parseInt(strOut2[0]): null

2023-04-03 14:41:04 - [TEST_STEP][PASSED] - tableValuesDesc.add(intOut2[0]): null

2023-04-03 14:41:04 - [TEST_STEP][PASSED] - new_xpath = (//tr/td[4])[$i]: null

2023-04-03 14:41:04 - [TEST_STEP][PASSED] - dynamicObject = TestObject(dynamicObject).addProperty("xpath", EQUALS, new_xpath): null

2023-04-03 14:41:04 - [TEST_STEP][PASSED] - str2 = getText(dynamicObject): Text of object 'dynamicObject' is: '23 April 2023'

2023-04-03 14:41:04 - [MESSAGE][PASSED] - Text of object 'dynamicObject' is: '23 April 2023'

2023-04-03 14:41:04 - [TEST_STEP][PASSED] - strOut2 = str2.split(" "): null

2023-04-03 14:41:04 - [TEST_STEP][PASSED] - intOut2 = Integer.parseInt(strOut2[0]): null

2023-04-03 14:41:04 - [TEST_STEP][PASSED] - tableValuesDesc.add(intOut2[0]): null

2023-04-03 14:41:04 - [TEST_STEP][PASSED] - new_xpath = (//tr/td[4])[$i]: null

2023-04-03 14:41:04 - [TEST_STEP][PASSED] - dynamicObject = TestObject(dynamicObject).addProperty("xpath", EQUALS, new_xpath): null

2023-04-03 14:41:04 - [TEST_STEP][PASSED] - str2 = getText(dynamicObject): Text of object 'dynamicObject' is: '18 May 2023'

2023-04-03 14:41:04 - [MESSAGE][PASSED] - Text of object 'dynamicObject' is: '18 May 2023'

2023-04-03 14:41:04 - [TEST_STEP][PASSED] - strOut2 = str2.split(" "): null

2023-04-03 14:41:04 - [TEST_STEP][PASSED] - intOut2 = Integer.parseInt(strOut2[0]): null

2023-04-03 14:41:04 - [TEST_STEP][PASSED] - tableValuesDesc.add(intOut2[0]): null

2023-04-03 14:41:04 - [TEST_STEP][PASSED] - new_xpath = (//tr/td[4])[$i]: null

2023-04-03 14:41:04 - [TEST_STEP][PASSED] - dynamicObject = TestObject(dynamicObject).addProperty("xpath", EQUALS, new_xpath): null

2023-04-03 14:41:04 - [TEST_STEP][PASSED] - str2 = getText(dynamicObject): Text of object 'dynamicObject' is: '9 March 2023'

2023-04-03 14:41:05 - [MESSAGE][PASSED] - Text of object 'dynamicObject' is: '9 March 2023'

2023-04-03 14:41:05 - [TEST_STEP][PASSED] - strOut2 = str2.split(" "): null

2023-04-03 14:41:05 - [TEST_STEP][PASSED] - intOut2 = Integer.parseInt(strOut2[0]): null

2023-04-03 14:41:05 - [TEST_STEP][PASSED] - tableValuesDesc.add(intOut2[0]): null

2023-04-03 14:41:05 - [TEST_STEP][PASSED] - new_xpath = (//tr/td[4])[$i]: null

2023-04-03 14:41:05 - [TEST_STEP][PASSED] - dynamicObject = TestObject(dynamicObject).addProperty("xpath", EQUALS, new_xpath): null

2023-04-03 14:41:05 - [TEST_STEP][PASSED] - str2 = getText(dynamicObject): Text of object 'dynamicObject' is: '9 March 2023'

2023-04-03 14:41:05 - [MESSAGE][PASSED] - Text of object 'dynamicObject' is: '9 March 2023'

2023-04-03 14:41:05 - [TEST_STEP][PASSED] - strOut2 = str2.split(" "): null

2023-04-03 14:41:05 - [TEST_STEP][PASSED] - intOut2 = Integer.parseInt(strOut2[0]): null

2023-04-03 14:41:05 - [TEST_STEP][PASSED] - tableValuesDesc.add(intOut2[0]): null

2023-04-03 14:41:05 - [TEST_STEP][PASSED] - new_xpath = (//tr/td[4])[$i]: null

2023-04-03 14:41:05 - [TEST_STEP][PASSED] - dynamicObject = TestObject(dynamicObject).addProperty("xpath", EQUALS, new_xpath): null

2023-04-03 14:41:05 - [TEST_STEP][PASSED] - str2 = getText(dynamicObject): Text of object 'dynamicObject' is: '9 March 2023'

2023-04-03 14:41:05 - [MESSAGE][PASSED] - Text of object 'dynamicObject' is: '9 March 2023'

2023-04-03 14:41:05 - [TEST_STEP][PASSED] - strOut2 = str2.split(" "): null

2023-04-03 14:41:05 - [TEST_STEP][PASSED] - intOut2 = Integer.parseInt(strOut2[0]): null

2023-04-03 14:41:05 - [TEST_STEP][PASSED] - tableValuesDesc.add(intOut2[0]): null

2023-04-03 14:41:05 - [TEST_STEP][PASSED] - new_xpath = (//tr/td[4])[$i]: null

2023-04-03 14:41:05 - [TEST_STEP][PASSED] - dynamicObject = TestObject(dynamicObject).addProperty("xpath", EQUALS, new_xpath): null

2023-04-03 14:41:05 - [TEST_STEP][PASSED] - str2 = getText(dynamicObject): Text of object 'dynamicObject' is: '7 April 2023'

2023-04-03 14:41:06 - [MESSAGE][PASSED] - Text of object 'dynamicObject' is: '7 April 2023'

2023-04-03 14:41:06 - [TEST_STEP][PASSED] - strOut2 = str2.split(" "): null

2023-04-03 14:41:06 - [TEST_STEP][PASSED] - intOut2 = Integer.parseInt(strOut2[0]): null

2023-04-03 14:41:06 - [TEST_STEP][PASSED] - tableValuesDesc.add(intOut2[0]): null

2023-04-03 14:41:06 - [TEST_STEP][PASSED] - new_xpath = (//tr/td[4])[$i]: null

2023-04-03 14:41:06 - [TEST_STEP][PASSED] - dynamicObject = TestObject(dynamicObject).addProperty("xpath", EQUALS, new_xpath): null

2023-04-03 14:41:06 - [TEST_STEP][PASSED] - str2 = getText(dynamicObject): Text of object 'dynamicObject' is: '1 May 2023'

2023-04-03 14:41:06 - [MESSAGE][PASSED] - Text of object 'dynamicObject' is: '1 May 2023'

2023-04-03 14:41:06 - [TEST_STEP][PASSED] - strOut2 = str2.split(" "): null

2023-04-03 14:41:06 - [TEST_STEP][PASSED] - intOut2 = Integer.parseInt(strOut2[0]): null

2023-04-03 14:41:06 - [TEST_STEP][PASSED] - tableValuesDesc.add(intOut2[0]): null

2023-04-03 14:41:06 - [TEST_STEP][PASSED] - new_xpath = (//tr/td[4])[$i]: null

2023-04-03 14:41:06 - [TEST_STEP][PASSED] - dynamicObject = TestObject(dynamicObject).addProperty("xpath", EQUALS, new_xpath): null

2023-04-03 14:41:06 - [TEST_STEP][PASSED] - str2 = getText(dynamicObject): Text of object 'dynamicObject' is: '1 June 2023'

2023-04-03 14:41:06 - [MESSAGE][PASSED] - Text of object 'dynamicObject' is: '1 June 2023'

2023-04-03 14:41:06 - [TEST_STEP][PASSED] - strOut2 = str2.split(" "): null

2023-04-03 14:41:06 - [TEST_STEP][PASSED] - intOut2 = Integer.parseInt(strOut2[0]): null

2023-04-03 14:41:06 - [TEST_STEP][PASSED] - tableValuesDesc.add(intOut2[0]): null

2023-04-03 14:41:06 - [TEST_STEP][PASSED] - out.println(tableValuesDesc): null

2023-04-03 14:41:06 - [TEST_STEP][PASSED] - referenceValuesDesc = new java.util.ArrayList(): null

2023-04-03 14:41:06 - [TEST_STEP][PASSED] - for ([i = 0, i < tableValuesDesc.size(), (i++)]): null

2023-04-03 14:41:06 - [TEST_STEP][PASSED] - referenceValuesDesc.add(tableValuesDesc.get(i)): null

2023-04-03 14:41:06 - [TEST_STEP][PASSED] - referenceValuesDesc.add(tableValuesDesc.get(i)): null

2023-04-03 14:41:06 - [TEST_STEP][PASSED] - referenceValuesDesc.add(tableValuesDesc.get(i)): null

2023-04-03 14:41:06 - [TEST_STEP][PASSED] - referenceValuesDesc.add(tableValuesDesc.get(i)): null

2023-04-03 14:41:06 - [TEST_STEP][PASSED] - referenceValuesDesc.add(tableValuesDesc.get(i)): null

2023-04-03 14:41:06 - [TEST_STEP][PASSED] - referenceValuesDesc.add(tableValuesDesc.get(i)): null

2023-04-03 14:41:06 - [TEST_STEP][PASSED] - referenceValuesDesc.add(tableValuesDesc.get(i)): null

2023-04-03 14:41:06 - [TEST_STEP][PASSED] - referenceValuesDesc.add(tableValuesDesc.get(i)): null

2023-04-03 14:41:06 - [TEST_STEP][PASSED] - referenceValuesDesc.add(tableValuesDesc.get(i)): null

2023-04-03 14:41:06 - [TEST_STEP][PASSED] - referenceValuesDesc.add(tableValuesDesc.get(i)): null

2023-04-03 14:41:06 - [TEST_STEP][PASSED] - Collections.sort(referenceValuesDesc, Collections.reverseOrder()): null

2023-04-03 14:41:06 - [TEST_STEP][PASSED] - out.println(referenceValuesDesc): null

2023-04-03 14:41:06 - [TEST_STEP][PASSED] - assert referenceValuesDesc.equals(tableValuesDesc): null

2023-04-03 14:41:06 - [TEST_STEP][PASSED] - takeScreenshot(): Taking screenshot successfully

2023-04-03 14:41:07 - [MESSAGE][PASSED] - Taking screenshot successfully
[[ATTACHMENT|D:\\_Bayu Buana\\BB_Automation\\bb-internal-katalon\\Reports\\20230403_143722\\RUN\\20230403_143722\\1680507667039.png]]

2023-04-03 14:41:07 - [TEST_STEP][PASSED] - closeBrowser(): Browser is closed

2023-04-03 14:41:07 - [MESSAGE][PASSED] - Browser is closed]]></system-out>
         <system-err><![CDATA[]]></system-err>
      </testcase>
      <testcase name="Test Cases/SCENARIO/Setup and Configuration/Special Dates/SD_TC.064 Pagination Special Dates" time="21.554" classname="Test Cases/SCENARIO/Setup and Configuration/Special Dates/SD_TC.064 Pagination Special Dates" status="PASSED">
         <system-out><![CDATA[2023-04-03 14:41:07 - [TEST_CASE][PASSED] - Test Cases/SCENARIO/Setup and Configuration/Special Dates/SD_TC.064 Pagination Special Dates: Test Cases/SCENARIO/Setup and Configuration/Special Dates/SD_TC.064 Pagination Special Dates

2023-04-03 14:41:08 - [TEST_STEP][PASSED] - callTestCase(findTestCase("login_internal"), [:], STOP_ON_FAILURE): Call Test Case 'Test Cases/login_internal' successfully

2023-04-03 14:41:08 - [TEST_CASE][PASSED] - Test Cases/login_internal: Test Cases/login_internal

2023-04-03 14:41:08 - [TEST_STEP][PASSED] - openBrowser(url_login): Browser is opened with url: 'https://bbstg.monstercode.net/auth/login'

2023-04-03 14:41:08 - [MESSAGE][INFO] - Starting 'Chrome' driver

2023-04-03 14:41:08 - [MESSAGE][INFO] - Action delay is set to 0 milliseconds

2023-04-03 14:41:17 - [MESSAGE][PASSED] - Browser is opened with url: 'https://bbstg.monstercode.net/auth/login'

2023-04-03 14:41:17 - [TEST_STEP][PASSED] - maximizeWindow(): Current window maximized

2023-04-03 14:41:17 - [MESSAGE][PASSED] - Current window maximized

2023-04-03 14:41:17 - [TEST_STEP][PASSED] - setText(findTestObject("Object Repository/Log_In/input_Email_username"), user_corporate): Text 'coba.dilain@gmail.com' is set on object 'Object Repository/Log_In/input_Email_username'

2023-04-03 14:41:18 - [MESSAGE][PASSED] - Text 'coba.dilain@gmail.com' is set on object 'Object Repository/Log_In/input_Email_username'

2023-04-03 14:41:18 - [TEST_STEP][PASSED] - setEncryptedText(findTestObject("Object Repository/Log_In/input_Password"), pass_corporate_encrypted): Text ****** has been set on object 'Object Repository/Log_In/input_Password'

2023-04-03 14:41:19 - [MESSAGE][PASSED] - Text ****** has been set on object 'Object Repository/Log_In/input_Password'

2023-04-03 14:41:19 - [TEST_STEP][PASSED] - click(findTestObject("Object Repository/Log_In/btn_sign_in")): Object: 'Object Repository/Log_In/btn_sign_in' is clicked on

2023-04-03 14:41:19 - [MESSAGE][PASSED] - Object: 'Object Repository/Log_In/btn_sign_in' is clicked on

2023-04-03 14:41:19 - [MESSAGE][PASSED] - Call Test Case 'Test Cases/login_internal' successfully

2023-04-03 14:41:19 - [TEST_STEP][PASSED] - click(findTestObject("Object Repository/special_dates/dashboardBtn")): Object: 'Object Repository/special_dates/dashboardBtn' is clicked on

2023-04-03 14:41:22 - [MESSAGE][PASSED] - Object: 'Object Repository/special_dates/dashboardBtn' is clicked on

2023-04-03 14:41:22 - [TEST_STEP][PASSED] - click(findTestObject("Object Repository/special_dates/setupAndConfMenu")): Object: 'Object Repository/special_dates/setupAndConfMenu' is clicked on

2023-04-03 14:41:23 - [MESSAGE][PASSED] - Object: 'Object Repository/special_dates/setupAndConfMenu' is clicked on

2023-04-03 14:41:23 - [TEST_STEP][PASSED] - click(findTestObject("Object Repository/special_dates/special_date_subMenu")): Object: 'Object Repository/special_dates/special_date_subMenu' is clicked on

2023-04-03 14:41:24 - [MESSAGE][PASSED] - Object: 'Object Repository/special_dates/special_date_subMenu' is clicked on

2023-04-03 14:41:24 - [TEST_STEP][PASSED] - click(findTestObject("Object Repository/special_dates/breadcrumb")): Object: 'Object Repository/special_dates/breadcrumb' is clicked on

2023-04-03 14:41:25 - [MESSAGE][PASSED] - Object: 'Object Repository/special_dates/breadcrumb' is clicked on

2023-04-03 14:41:25 - [TEST_STEP][PASSED] - verifyElementPresent(findTestObject("Object Repository/special_dates/h1_title_sd"), 0): Object 'Object Repository/special_dates/h1_title_sd' is present

2023-04-03 14:41:25 - [MESSAGE][WARNING] - Timeout '0' is invalid. Using default page load timeout: '30'

2023-04-03 14:41:25 - [MESSAGE][PASSED] - Object 'Object Repository/special_dates/h1_title_sd' is present

2023-04-03 14:41:25 - [TEST_STEP][PASSED] - selectorType = new com.kms.katalon.core.testobject.TestObject(): null

2023-04-03 14:41:25 - [TEST_STEP][PASSED] - selectorType.addProperty("css", EQUALS, ".page-link"): null

2023-04-03 14:41:25 - [TEST_STEP][PASSED] - typeList = findWebElements(selectorType, 30): null

2023-04-03 14:41:26 - [TEST_STEP][PASSED] - size = typeList.size(): null

2023-04-03 14:41:26 - [TEST_STEP][PASSED] - selectorType2 = new com.kms.katalon.core.testobject.TestObject(): null

2023-04-03 14:41:26 - [TEST_STEP][PASSED] - selectorType2.addProperty("xpath", EQUALS, "//li[@class='paginate_button page-item next disabled']"): null

2023-04-03 14:41:26 - [TEST_STEP][PASSED] - if (verifyElementNotPresent(selectorType2, 1, OPTIONAL)): Web element with id: '' located by 'By.xpath: //li[@class='paginate_button page-item next disabled']' is present after '1' second(s) (Root cause: com.kms.katalon.core.exception.StepFailedException: Web element with id: '' located by 'By.xpath: //li[@class='paginate_button page-item next disabled']' is present after '1' second(s)
	at com.kms.katalon.core.webui.keyword.internal.WebUIKeywordMain.stepFailed(WebUIKeywordMain.groovy:64)
	at com.kms.katalon.core.webui.keyword.internal.WebUIKeywordMain$stepFailed$0.call(Unknown Source)
	at com.kms.katalon.core.webui.keyword.builtin.VerifyElementNotPresentKeyword$_verifyElementNotPresent_closure1.doCall(VerifyElementNotPresentKeyword.groovy:106)
	at com.kms.katalon.core.webui.keyword.builtin.VerifyElementNotPresentKeyword$_verifyElementNotPresent_closure1.doCall(VerifyElementNotPresentKeyword.groovy)
	at com.kms.katalon.core.webui.keyword.internal.WebUIKeywordMain.runKeyword(WebUIKeywordMain.groovy:20)
	at com.kms.katalon.core.webui.keyword.internal.WebUIKeywordMain$runKeyword.call(Unknown Source)
	at com.kms.katalon.core.webui.keyword.builtin.VerifyElementNotPresentKeyword.verifyElementNotPresent(VerifyElementNotPresentKeyword.groovy:117)
	at com.kms.katalon.core.webui.keyword.builtin.VerifyElementNotPresentKeyword.execute(VerifyElementNotPresentKeyword.groovy:68)
	at com.kms.katalon.core.keyword.internal.KeywordExecutor.executeKeywordForPlatform(KeywordExecutor.groovy:74)
	at com.kms.katalon.core.webui.keyword.WebUiBuiltInKeywords.verifyElementNotPresent(WebUiBuiltInKeywords.groovy:1481)
	at com.kms.katalon.core.webui.keyword.WebUiBuiltInKeywords$verifyElementNotPresent$10.call(Unknown Source)
	at SD_TC.064 Pagination Special Dates.run(SD_TC.064 Pagination Special Dates:45)
	at com.kms.katalon.core.main.ScriptEngine.run(ScriptEngine.java:194)
	at com.kms.katalon.core.main.ScriptEngine.runScriptAsRawText(ScriptEngine.java:119)
	at com.kms.katalon.core.main.TestCaseExecutor.runScript(TestCaseExecutor.java:448)
	at com.kms.katalon.core.main.TestCaseExecutor.doExecute(TestCaseExecutor.java:439)
	at com.kms.katalon.core.main.TestCaseExecutor.processExecutionPhase(TestCaseExecutor.java:418)
	at com.kms.katalon.core.main.TestCaseExecutor.accessMainPhase(TestCaseExecutor.java:410)
	at com.kms.katalon.core.main.TestCaseExecutor.execute(TestCaseExecutor.java:285)
	at com.kms.katalon.core.common.CommonExecutor.accessTestCaseMainPhase(CommonExecutor.java:65)
	at com.kms.katalon.core.main.TestSuiteExecutor.accessTestSuiteMainPhase(TestSuiteExecutor.java:151)
	at com.kms.katalon.core.main.TestSuiteExecutor.execute(TestSuiteExecutor.java:106)
	at com.kms.katalon.core.main.TestCaseMain.startTestSuite(TestCaseMain.java:185)
	at com.kms.katalon.core.main.TestCaseMain$startTestSuite$0.call(Unknown Source)
	at TempTestSuite1680507442613.run(TempTestSuite1680507442613.groovy:36)
)

2023-04-03 14:41:27 - [MESSAGE][WARNING] - Web element with id: '' located by 'By.xpath: //li[@class='paginate_button page-item next disabled']' is present after '1' second(s) (Root cause: com.kms.katalon.core.exception.StepFailedException: Web element with id: '' located by 'By.xpath: //li[@class='paginate_button page-item next disabled']' is present after '1' second(s)
	at com.kms.katalon.core.webui.keyword.internal.WebUIKeywordMain.stepFailed(WebUIKeywordMain.groovy:64)
	at com.kms.katalon.core.webui.keyword.internal.WebUIKeywordMain$stepFailed$0.call(Unknown Source)
	at com.kms.katalon.core.webui.keyword.builtin.VerifyElementNotPresentKeyword$_verifyElementNotPresent_closure1.doCall(VerifyElementNotPresentKeyword.groovy:106)
	at com.kms.katalon.core.webui.keyword.builtin.VerifyElementNotPresentKeyword$_verifyElementNotPresent_closure1.doCall(VerifyElementNotPresentKeyword.groovy)
	at com.kms.katalon.core.webui.keyword.internal.WebUIKeywordMain.runKeyword(WebUIKeywordMain.groovy:20)
	at com.kms.katalon.core.webui.keyword.internal.WebUIKeywordMain$runKeyword.call(Unknown Source)
	at com.kms.katalon.core.webui.keyword.builtin.VerifyElementNotPresentKeyword.verifyElementNotPresent(VerifyElementNotPresentKeyword.groovy:117)
	at com.kms.katalon.core.webui.keyword.builtin.VerifyElementNotPresentKeyword.execute(VerifyElementNotPresentKeyword.groovy:68)
	at com.kms.katalon.core.keyword.internal.KeywordExecutor.executeKeywordForPlatform(KeywordExecutor.groovy:74)
	at com.kms.katalon.core.webui.keyword.WebUiBuiltInKeywords.verifyElementNotPresent(WebUiBuiltInKeywords.groovy:1481)
	at com.kms.katalon.core.webui.keyword.WebUiBuiltInKeywords$verifyElementNotPresent$10.call(Unknown Source)
	at SD_TC.064 Pagination Special Dates.run(SD_TC.064 Pagination Special Dates:45)
	at com.kms.katalon.core.main.ScriptEngine.run(ScriptEngine.java:194)
	at com.kms.katalon.core.main.ScriptEngine.runScriptAsRawText(ScriptEngine.java:119)
	at com.kms.katalon.core.main.TestCaseExecutor.runScript(TestCaseExecutor.java:448)
	at com.kms.katalon.core.main.TestCaseExecutor.doExecute(TestCaseExecutor.java:439)
	at com.kms.katalon.core.main.TestCaseExecutor.processExecutionPhase(TestCaseExecutor.java:418)
	at com.kms.katalon.core.main.TestCaseExecutor.accessMainPhase(TestCaseExecutor.java:410)
	at com.kms.katalon.core.main.TestCaseExecutor.execute(TestCaseExecutor.java:285)
	at com.kms.katalon.core.common.CommonExecutor.accessTestCaseMainPhase(CommonExecutor.java:65)
	at com.kms.katalon.core.main.TestSuiteExecutor.accessTestSuiteMainPhase(TestSuiteExecutor.java:151)
	at com.kms.katalon.core.main.TestSuiteExecutor.execute(TestSuiteExecutor.java:106)
	at com.kms.katalon.core.main.TestCaseMain.startTestSuite(TestCaseMain.java:185)
	at com.kms.katalon.core.main.TestCaseMain$startTestSuite$0.call(Unknown Source)
	at TempTestSuite1680507442613.run(TempTestSuite1680507442613.groovy:36)
)
[[ATTACHMENT|D:\\_Bayu Buana\\BB_Automation\\bb-internal-katalon\\Reports\\20230403_143722\\RUN\\20230403_143722\\1680507687286.png]]

2023-04-03 14:41:27 - [TEST_STEP][PASSED] - else: Actual text '1' and expected text '1' are matched 

2023-04-03 14:41:27 - [TEST_STEP][PASSED] - numPage = getText(findTestObject("Object Repository/special_dates/pagination_active")): Text of object 'Object Repository/special_dates/pagination_active' is: '1'

2023-04-03 14:41:28 - [MESSAGE][PASSED] - Text of object 'Object Repository/special_dates/pagination_active' is: '1'

2023-04-03 14:41:28 - [TEST_STEP][PASSED] - verifyMatch(numPage, "1", false): Actual text '1' and expected text '1' are matched 

2023-04-03 14:41:28 - [MESSAGE][PASSED] - Actual text '1' and expected text '1' are matched 

2023-04-03 14:41:28 - [TEST_STEP][PASSED] - takeScreenshot(): Taking screenshot successfully

2023-04-03 14:41:28 - [MESSAGE][PASSED] - Taking screenshot successfully
[[ATTACHMENT|D:\\_Bayu Buana\\BB_Automation\\bb-internal-katalon\\Reports\\20230403_143722\\RUN\\20230403_143722\\1680507688395.png]]

2023-04-03 14:41:28 - [TEST_STEP][PASSED] - closeBrowser(): Browser is closed

2023-04-03 14:41:29 - [MESSAGE][PASSED] - Browser is closed]]></system-out>
         <system-err><![CDATA[]]></system-err>
      </testcase>
      <system-out><![CDATA[2023-04-03 14:37:38 - [TEST_SUITE][ERROR] - RUN: Test Cases/SCENARIO/Setup and Configuration/Special Dates/SD_TC.002 Search _by Name, up and low case character FAILED.
Reason:
com.kms.katalon.core.exception.StepErrorException: Call Test Case 'Test Cases/login_scenario_manager' failed because of error(s)
	at com.kms.katalon.core.keyword.builtin.CallTestCaseKeyword$_callTestCase_closure1.doCall(CallTestCaseKeyword.groovy:66)
	at com.kms.katalon.core.keyword.builtin.CallTestCaseKeyword$_callTestCase_closure1.call(CallTestCaseKeyword.groovy)
	at com.kms.katalon.core.keyword.internal.KeywordMain.runKeyword(KeywordMain.groovy:74)
	at com.kms.katalon.core.keyword.builtin.CallTestCaseKeyword.callTestCase(CallTestCaseKeyword.groovy:81)
	at com.kms.katalon.core.keyword.builtin.CallTestCaseKeyword.execute(CallTestCaseKeyword.groovy:44)
	at com.kms.katalon.core.keyword.internal.KeywordExecutor.executeKeywordForPlatform(KeywordExecutor.groovy:74)
	at com.kms.katalon.core.keyword.BuiltinKeywords.callTestCase(BuiltinKeywords.groovy:334)
	at SD_TC.002 Search _by Name, up and low case character.run(SD_TC.002 Search _by Name, up and low case character:20)
	at com.kms.katalon.core.main.ScriptEngine.run(ScriptEngine.java:194)
	at com.kms.katalon.core.main.ScriptEngine.runScriptAsRawText(ScriptEngine.java:119)
	at com.kms.katalon.core.main.TestCaseExecutor.runScript(TestCaseExecutor.java:448)
	at com.kms.katalon.core.main.TestCaseExecutor.doExecute(TestCaseExecutor.java:439)
	at com.kms.katalon.core.main.TestCaseExecutor.processExecutionPhase(TestCaseExecutor.java:418)
	at com.kms.katalon.core.main.TestCaseExecutor.accessMainPhase(TestCaseExecutor.java:410)
	at com.kms.katalon.core.main.TestCaseExecutor.execute(TestCaseExecutor.java:285)
	at com.kms.katalon.core.common.CommonExecutor.accessTestCaseMainPhase(CommonExecutor.java:65)
	at com.kms.katalon.core.main.TestSuiteExecutor.accessTestSuiteMainPhase(TestSuiteExecutor.java:151)
	at com.kms.katalon.core.main.TestSuiteExecutor.execute(TestSuiteExecutor.java:106)
	at com.kms.katalon.core.main.TestCaseMain.startTestSuite(TestCaseMain.java:185)
	at com.kms.katalon.core.main.TestCaseMain$startTestSuite$0.call(Unknown Source)
	at TempTestSuite1680507442613.run(TempTestSuite1680507442613.groovy:36)
Caused by: groovy.lang.MissingPropertyException: No such property: login_url for class: internal.GlobalVariable
	at login_scenario_manager.run(login_scenario_manager:20)
	at com.kms.katalon.core.main.ScriptEngine.run(ScriptEngine.java:194)
	at com.kms.katalon.core.main.ScriptEngine.runScriptAsRawText(ScriptEngine.java:119)
	at com.kms.katalon.core.main.TestCaseExecutor.runScript(TestCaseExecutor.java:448)
	at com.kms.katalon.core.main.TestCaseExecutor.doExecute(TestCaseExecutor.java:439)
	at com.kms.katalon.core.main.TestCaseExecutor.processExecutionPhase(TestCaseExecutor.java:418)
	at com.kms.katalon.core.main.TestCaseExecutor.accessMainPhase(TestCaseExecutor.java:410)
	at com.kms.katalon.core.main.TestCaseExecutor.execute(TestCaseExecutor.java:285)
	at com.kms.katalon.core.main.TestCaseMain.runTestCase(TestCaseMain.java:142)
	at com.kms.katalon.core.keyword.builtin.CallTestCaseKeyword$_callTestCase_closure1.doCall(CallTestCaseKeyword.groovy:59)
	... 20 more]]></system-out>
      <system-err><![CDATA[2023-04-03 14:37:38 - [TEST_SUITE][ERROR] - RUN: Test Cases/SCENARIO/Setup and Configuration/Special Dates/SD_TC.002 Search _by Name, up and low case character FAILED.
Reason:
com.kms.katalon.core.exception.StepErrorException: Call Test Case 'Test Cases/login_scenario_manager' failed because of error(s)
	at com.kms.katalon.core.keyword.builtin.CallTestCaseKeyword$_callTestCase_closure1.doCall(CallTestCaseKeyword.groovy:66)
	at com.kms.katalon.core.keyword.builtin.CallTestCaseKeyword$_callTestCase_closure1.call(CallTestCaseKeyword.groovy)
	at com.kms.katalon.core.keyword.internal.KeywordMain.runKeyword(KeywordMain.groovy:74)
	at com.kms.katalon.core.keyword.builtin.CallTestCaseKeyword.callTestCase(CallTestCaseKeyword.groovy:81)
	at com.kms.katalon.core.keyword.builtin.CallTestCaseKeyword.execute(CallTestCaseKeyword.groovy:44)
	at com.kms.katalon.core.keyword.internal.KeywordExecutor.executeKeywordForPlatform(KeywordExecutor.groovy:74)
	at com.kms.katalon.core.keyword.BuiltinKeywords.callTestCase(BuiltinKeywords.groovy:334)
	at SD_TC.002 Search _by Name, up and low case character.run(SD_TC.002 Search _by Name, up and low case character:20)
	at com.kms.katalon.core.main.ScriptEngine.run(ScriptEngine.java:194)
	at com.kms.katalon.core.main.ScriptEngine.runScriptAsRawText(ScriptEngine.java:119)
	at com.kms.katalon.core.main.TestCaseExecutor.runScript(TestCaseExecutor.java:448)
	at com.kms.katalon.core.main.TestCaseExecutor.doExecute(TestCaseExecutor.java:439)
	at com.kms.katalon.core.main.TestCaseExecutor.processExecutionPhase(TestCaseExecutor.java:418)
	at com.kms.katalon.core.main.TestCaseExecutor.accessMainPhase(TestCaseExecutor.java:410)
	at com.kms.katalon.core.main.TestCaseExecutor.execute(TestCaseExecutor.java:285)
	at com.kms.katalon.core.common.CommonExecutor.accessTestCaseMainPhase(CommonExecutor.java:65)
	at com.kms.katalon.core.main.TestSuiteExecutor.accessTestSuiteMainPhase(TestSuiteExecutor.java:151)
	at com.kms.katalon.core.main.TestSuiteExecutor.execute(TestSuiteExecutor.java:106)
	at com.kms.katalon.core.main.TestCaseMain.startTestSuite(TestCaseMain.java:185)
	at com.kms.katalon.core.main.TestCaseMain$startTestSuite$0.call(Unknown Source)
	at TempTestSuite1680507442613.run(TempTestSuite1680507442613.groovy:36)
Caused by: groovy.lang.MissingPropertyException: No such property: login_url for class: internal.GlobalVariable
	at login_scenario_manager.run(login_scenario_manager:20)
	at com.kms.katalon.core.main.ScriptEngine.run(ScriptEngine.java:194)
	at com.kms.katalon.core.main.ScriptEngine.runScriptAsRawText(ScriptEngine.java:119)
	at com.kms.katalon.core.main.TestCaseExecutor.runScript(TestCaseExecutor.java:448)
	at com.kms.katalon.core.main.TestCaseExecutor.doExecute(TestCaseExecutor.java:439)
	at com.kms.katalon.core.main.TestCaseExecutor.processExecutionPhase(TestCaseExecutor.java:418)
	at com.kms.katalon.core.main.TestCaseExecutor.accessMainPhase(TestCaseExecutor.java:410)
	at com.kms.katalon.core.main.TestCaseExecutor.execute(TestCaseExecutor.java:285)
	at com.kms.katalon.core.main.TestCaseMain.runTestCase(TestCaseMain.java:142)
	at com.kms.katalon.core.keyword.builtin.CallTestCaseKeyword$_callTestCase_closure1.doCall(CallTestCaseKeyword.groovy:59)
	... 20 more]]></system-err>
   </testsuite>
</testsuites>
