<?xml version="1.0" encoding="UTF-8"?>
<testsuites name="RUN" time="45.346" tests="2" failures="0" errors="0">
   <testsuite name="RUN" tests="2" failures="0" errors="0" time="45.346" skipped="0" timestamp="2023-01-12 18:57:56" hostname="User - Thinkpad-T470-Saepuloh" id="Test Suites/RUN">
      <properties>
         <property name="deviceName" value=""/>
         <property name="devicePlatform" value=""/>
         <property name="logFolder" value="D:\\_Bayu Buana\\BB_Automation\\bb-internal_katalon\\Reports\\20230112_185740\\RUN\\20230112_185740"/>
         <property name="logFiles" value="D:\\_Bayu Buana\\BB_Automation\\bb-internal_katalon\\Reports\\20230112_185740\\RUN\\20230112_185740\\execution0.log"/>
         <property name="attachments" value="D:\\_Bayu Buana\\BB_Automation\\bb-internal_katalon\\Reports\\20230112_185740\\RUN\\20230112_185740\\1673524699427.png, D:\\_Bayu Buana\\BB_Automation\\bb-internal_katalon\\Reports\\20230112_185740\\RUN\\20230112_185740\\1673524721445.png"/>
         <property name="hostName" value="User - Thinkpad-T470-Saepuloh"/>
         <property name="os" value="Windows 10 64bit"/>
         <property name="katalonVersion" value="8.4.0.208"/>
         <property name="browser" value="Chrome 108.0.0.0"/>
         <property name="hostAddress" value="192.168.56.1"/>
         <property name="sessionId" value="7a3b95a7f525bb1083423ae6a132c6a7"/>
         <property name="seleniumVersion" value="3.141.59"/>
         <property name="proxyInformation" value="ProxyInformation { proxyOption=NO_PROXY, proxyServerType=HTTP, username=, password=********, proxyServerAddress=, proxyServerPort=0, executionList=&quot;&quot;, isApplyToDesiredCapabilities=true }"/>
         <property name="platform" value="Windows 10"/>
      </properties>
      <testcase name="Test Cases/COBA/Age Qualifying Types - Delete" time="22.918" classname="Test Cases/COBA/Age Qualifying Types - Delete" status="PASSED">
         <system-out><![CDATA[2023-01-12 18:57:56 - [TEST_CASE][PASSED] - Test Cases/COBA/Age Qualifying Types - Delete: Test Cases/COBA/Age Qualifying Types - Delete

2023-01-12 18:57:57 - [TEST_STEP][PASSED] - callTestCase(findTestCase("COBA/Login"), [:], STOP_ON_FAILURE): Call Test Case 'Test Cases/COBA/Login' successfully

2023-01-12 18:57:57 - [TEST_CASE][PASSED] - Test Cases/COBA/Login: Test Cases/COBA/Login

2023-01-12 18:57:57 - [TEST_STEP][PASSED] - openBrowser(""): Browser is opened with url: ''

2023-01-12 18:57:58 - [MESSAGE][INFO] - Starting 'Chrome' driver

2023-01-12 18:57:58 - [MESSAGE][INFO] - Action delay is set to 0 milliseconds

2023-01-12 18:58:01 - [MESSAGE][PASSED] - Browser is opened with url: ''

2023-01-12 18:58:01 - [TEST_STEP][PASSED] - navigateToUrl("https://bbstg.monstercode.net/auth/login"): Navigate to 'https://bbstg.monstercode.net/auth/login' successfully

2023-01-12 18:58:05 - [MESSAGE][PASSED] - Navigate to 'https://bbstg.monstercode.net/auth/login' successfully

2023-01-12 18:58:05 - [TEST_STEP][PASSED] - setText(findTestObject("Object Repository/Page_Bayu Buana/input_Email_username"), "admin@mail.com"): Text 'admin@mail.com' is set on object 'Object Repository/Page_Bayu Buana/input_Email_username'

2023-01-12 18:58:06 - [MESSAGE][PASSED] - Text 'admin@mail.com' is set on object 'Object Repository/Page_Bayu Buana/input_Email_username'

2023-01-12 18:58:06 - [TEST_STEP][PASSED] - setEncryptedText(findTestObject("Object Repository/Page_Bayu Buana/input_Password_password"), "8SQVv/p9jVScEs4/2CZsLw=="): Text ****** has been set on object 'Object Repository/Page_Bayu Buana/input_Password_password'

2023-01-12 18:58:07 - [MESSAGE][PASSED] - Text ****** has been set on object 'Object Repository/Page_Bayu Buana/input_Password_password'

2023-01-12 18:58:07 - [TEST_STEP][PASSED] - sendKeys(findTestObject("Object Repository/Page_Bayu Buana/input_Password_password"), Keys.chord(ENTER)): Keys 'ENTER + ' sent to object: 'Object Repository/Page_Bayu Buana/input_Password_password'

2023-01-12 18:58:07 - [MESSAGE][PASSED] - Keys 'ENTER + ' sent to object: 'Object Repository/Page_Bayu Buana/input_Password_password'

2023-01-12 18:58:07 - [MESSAGE][PASSED] - Call Test Case 'Test Cases/COBA/Login' successfully

2023-01-12 18:58:07 - [TEST_STEP][PASSED] - click(findTestObject("Page_Bayu Buana - Master Data Management/p_Master Data Management")): Object: 'Object Repository/Page_Bayu Buana - Master Data Management/p_Master Data Management' is clicked on

2023-01-12 18:58:09 - [MESSAGE][PASSED] - Object: 'Object Repository/Page_Bayu Buana - Master Data Management/p_Master Data Management' is clicked on

2023-01-12 18:58:09 - [TEST_STEP][PASSED] - click(findTestObject("Page_Bayu Buana - Master Data Management/p_Age Qualifying Type")): Object: 'Object Repository/Page_Bayu Buana - Master Data Management/p_Age Qualifying Type' is clicked on

2023-01-12 18:58:10 - [MESSAGE][PASSED] - Object: 'Object Repository/Page_Bayu Buana - Master Data Management/p_Age Qualifying Type' is clicked on

2023-01-12 18:58:10 - [TEST_STEP][PASSED] - setText(findTestObject("Object Repository/Age QT/Delete/Page_Bayu Buana - Age Qualifying Types/input_Age Qualifying Types_form-control"), "Age Qualifying Type Name (Automation)"): Text 'Age Qualifying Type Name (Automation)' is set on object 'Object Repository/Age QT/Delete/Page_Bayu Buana - Age Qualifying Types/input_Age Qualifying Types_form-control'

2023-01-12 18:58:12 - [MESSAGE][PASSED] - Text 'Age Qualifying Type Name (Automation)' is set on object 'Object Repository/Age QT/Delete/Page_Bayu Buana - Age Qualifying Types/input_Age Qualifying Types_form-control'

2023-01-12 18:58:12 - [TEST_STEP][PASSED] - verifyElementPresent(findTestObject("Object Repository/Age QT/Delete/Page_Bayu Buana - Age Qualifying Types/path_Actions_svg_2"), 0): Object 'Object Repository/Age QT/Delete/Page_Bayu Buana - Age Qualifying Types/path_Actions_svg_2' is present

2023-01-12 18:58:12 - [MESSAGE][WARNING] - Timeout '0' is invalid. Using default page load timeout: '30'

2023-01-12 18:58:12 - [MESSAGE][PASSED] - Object 'Object Repository/Age QT/Delete/Page_Bayu Buana - Age Qualifying Types/path_Actions_svg_2' is present

2023-01-12 18:58:12 - [TEST_STEP][PASSED] - verifyElementPresent(findTestObject("Object Repository/Age QT/Delete/Page_Bayu Buana - Age Qualifying Types/input_Actions_float-left select-checkbox-it_8952ca"), 0): Object 'Object Repository/Age QT/Delete/Page_Bayu Buana - Age Qualifying Types/input_Actions_float-left select-checkbox-it_8952ca' is present

2023-01-12 18:58:12 - [MESSAGE][WARNING] - Timeout '0' is invalid. Using default page load timeout: '30'

2023-01-12 18:58:13 - [MESSAGE][PASSED] - Object 'Object Repository/Age QT/Delete/Page_Bayu Buana - Age Qualifying Types/input_Actions_float-left select-checkbox-it_8952ca' is present

2023-01-12 18:58:13 - [TEST_STEP][PASSED] - verifyElementPresent(findTestObject("Object Repository/Age QT/Delete/Page_Bayu Buana - Age Qualifying Types/td_321"), 0): Object 'Object Repository/Age QT/Delete/Page_Bayu Buana - Age Qualifying Types/td_321' is present

2023-01-12 18:58:13 - [MESSAGE][WARNING] - Timeout '0' is invalid. Using default page load timeout: '30'

2023-01-12 18:58:13 - [MESSAGE][PASSED] - Object 'Object Repository/Age QT/Delete/Page_Bayu Buana - Age Qualifying Types/td_321' is present

2023-01-12 18:58:13 - [TEST_STEP][PASSED] - verifyElementPresent(findTestObject("Object Repository/Age QT/Delete/Page_Bayu Buana - Age Qualifying Types/td_Age Qualifying Type Name (Automation)"), 0): Object 'Object Repository/Age QT/Delete/Page_Bayu Buana - Age Qualifying Types/td_Age Qualifying Type Name (Automation)' is present

2023-01-12 18:58:13 - [MESSAGE][WARNING] - Timeout '0' is invalid. Using default page load timeout: '30'

2023-01-12 18:58:14 - [MESSAGE][PASSED] - Object 'Object Repository/Age QT/Delete/Page_Bayu Buana - Age Qualifying Types/td_Age Qualifying Type Name (Automation)' is present

2023-01-12 18:58:14 - [TEST_STEP][PASSED] - verifyElementPresent(findTestObject("Object Repository/Age QT/Delete/Page_Bayu Buana - Age Qualifying Types/td_Active"), 0): Object 'Object Repository/Age QT/Delete/Page_Bayu Buana - Age Qualifying Types/td_Active' is present

2023-01-12 18:58:14 - [MESSAGE][WARNING] - Timeout '0' is invalid. Using default page load timeout: '30'

2023-01-12 18:58:14 - [MESSAGE][PASSED] - Object 'Object Repository/Age QT/Delete/Page_Bayu Buana - Age Qualifying Types/td_Active' is present

2023-01-12 18:58:14 - [TEST_STEP][PASSED] - verifyElementClickable(findTestObject("Object Repository/Age QT/Delete/Page_Bayu Buana - Age Qualifying Types/img")): Object 'Object Repository/Age QT/Delete/Page_Bayu Buana - Age Qualifying Types/img' is clickable

2023-01-12 18:58:14 - [MESSAGE][PASSED] - Object 'Object Repository/Age QT/Delete/Page_Bayu Buana - Age Qualifying Types/img' is clickable

2023-01-12 18:58:14 - [TEST_STEP][PASSED] - verifyElementClickable(findTestObject("Object Repository/Age QT/Delete/Page_Bayu Buana - Age Qualifying Types/img_1")): Object 'Object Repository/Age QT/Delete/Page_Bayu Buana - Age Qualifying Types/img_1' is clickable

2023-01-12 18:58:15 - [MESSAGE][PASSED] - Object 'Object Repository/Age QT/Delete/Page_Bayu Buana - Age Qualifying Types/img_1' is clickable

2023-01-12 18:58:15 - [TEST_STEP][PASSED] - click(findTestObject("Object Repository/Age QT/Delete/Page_Bayu Buana - Age Qualifying Types/img_1_2")): Object: 'Object Repository/Age QT/Delete/Page_Bayu Buana - Age Qualifying Types/img_1_2' is clicked on

2023-01-12 18:58:15 - [MESSAGE][PASSED] - Object: 'Object Repository/Age QT/Delete/Page_Bayu Buana - Age Qualifying Types/img_1_2' is clicked on

2023-01-12 18:58:15 - [TEST_STEP][PASSED] - verifyElementText(findTestObject("Object Repository/Age QT/Delete/Page_Bayu Buana - Age Qualifying Types/div_Delete Age Qualifying Type"), "Delete Age Qualifying Type"): Actual text and expected text of test object 'Object Repository/Age QT/Delete/Page_Bayu Buana - Age Qualifying Types/div_Delete Age Qualifying Type' are matched.

2023-01-12 18:58:16 - [MESSAGE][PASSED] - Actual text and expected text of test object 'Object Repository/Age QT/Delete/Page_Bayu Buana - Age Qualifying Types/div_Delete Age Qualifying Type' are matched.

2023-01-12 18:58:16 - [TEST_STEP][PASSED] - verifyElementPresent(findTestObject("Object Repository/Age QT/Delete/Page_Bayu Buana - Age Qualifying Types/div_Are you sure you want to delete thisAge_c332eb"), 0): Object 'Object Repository/Age QT/Delete/Page_Bayu Buana - Age Qualifying Types/div_Are you sure you want to delete thisAge_c332eb' is present

2023-01-12 18:58:16 - [MESSAGE][WARNING] - Timeout '0' is invalid. Using default page load timeout: '30'

2023-01-12 18:58:16 - [MESSAGE][PASSED] - Object 'Object Repository/Age QT/Delete/Page_Bayu Buana - Age Qualifying Types/div_Are you sure you want to delete thisAge_c332eb' is present

2023-01-12 18:58:16 - [TEST_STEP][PASSED] - verifyElementClickable(findTestObject("Object Repository/Age QT/Delete/Page_Bayu Buana - Age Qualifying Types/button_Delete")): Object 'Object Repository/Age QT/Delete/Page_Bayu Buana - Age Qualifying Types/button_Delete' is clickable

2023-01-12 18:58:17 - [MESSAGE][PASSED] - Object 'Object Repository/Age QT/Delete/Page_Bayu Buana - Age Qualifying Types/button_Delete' is clickable

2023-01-12 18:58:17 - [TEST_STEP][PASSED] - verifyElementClickable(findTestObject("Object Repository/Age QT/Delete/Page_Bayu Buana - Age Qualifying Types/button_Cancel")): Object 'Object Repository/Age QT/Delete/Page_Bayu Buana - Age Qualifying Types/button_Cancel' is clickable

2023-01-12 18:58:17 - [MESSAGE][PASSED] - Object 'Object Repository/Age QT/Delete/Page_Bayu Buana - Age Qualifying Types/button_Cancel' is clickable

2023-01-12 18:58:17 - [TEST_STEP][PASSED] - click(findTestObject("Object Repository/Age QT/Delete/Page_Bayu Buana - Age Qualifying Types/button_Delete")): Object: 'Object Repository/Age QT/Delete/Page_Bayu Buana - Age Qualifying Types/button_Delete' is clicked on

2023-01-12 18:58:17 - [MESSAGE][PASSED] - Object: 'Object Repository/Age QT/Delete/Page_Bayu Buana - Age Qualifying Types/button_Delete' is clicked on

2023-01-12 18:58:17 - [TEST_STEP][PASSED] - verifyElementPresent(findTestObject("Object Repository/Age QT/Delete/Page_Bayu Buana - Age Qualifying Types/div_Record Age Qualifying Type Code 321 Age_41ef1f"), 0): Object 'Object Repository/Age QT/Delete/Page_Bayu Buana - Age Qualifying Types/div_Record Age Qualifying Type Code 321 Age_41ef1f' is present

2023-01-12 18:58:18 - [MESSAGE][WARNING] - Timeout '0' is invalid. Using default page load timeout: '30'

2023-01-12 18:58:18 - [MESSAGE][PASSED] - Object 'Object Repository/Age QT/Delete/Page_Bayu Buana - Age Qualifying Types/div_Record Age Qualifying Type Code 321 Age_41ef1f' is present

2023-01-12 18:58:18 - [TEST_STEP][PASSED] - verifyElementText(findTestObject("Object Repository/Age QT/Delete/Page_Bayu Buana - Age Qualifying Types/td_No age qualifying types found"), "No age qualifying types found"): Actual text and expected text of test object 'Object Repository/Age QT/Delete/Page_Bayu Buana - Age Qualifying Types/td_No age qualifying types found' are matched.

2023-01-12 18:58:19 - [MESSAGE][PASSED] - Actual text and expected text of test object 'Object Repository/Age QT/Delete/Page_Bayu Buana - Age Qualifying Types/td_No age qualifying types found' are matched.

2023-01-12 18:58:19 - [TEST_STEP][PASSED] - takeScreenshot(): Taking screenshot successfully

2023-01-12 18:58:19 - [MESSAGE][PASSED] - Taking screenshot successfully
[[ATTACHMENT|D:\\_Bayu Buana\\BB_Automation\\bb-internal_katalon\\Reports\\20230112_185740\\RUN\\20230112_185740\\1673524699427.png]]]]></system-out>
         <system-err><![CDATA[]]></system-err>
      </testcase>
      <testcase name="Test Cases/COBA/Age Qualifying Types - Create" time="21.996" classname="Test Cases/COBA/Age Qualifying Types - Create" status="PASSED">
         <system-out><![CDATA[2023-01-12 18:58:19 - [TEST_CASE][PASSED] - Test Cases/COBA/Age Qualifying Types - Create: Test Cases/COBA/Age Qualifying Types - Create

2023-01-12 18:58:20 - [TEST_STEP][PASSED] - callTestCase(findTestCase("COBA/Login"), [:], STOP_ON_FAILURE): Call Test Case 'Test Cases/COBA/Login' successfully

2023-01-12 18:58:20 - [TEST_CASE][PASSED] - Test Cases/COBA/Login: Test Cases/COBA/Login

2023-01-12 18:58:20 - [TEST_STEP][PASSED] - openBrowser(""): Browser is opened with url: ''

2023-01-12 18:58:20 - [MESSAGE][WARNING] - A browser is already opened. Closing browser and opening a new one

2023-01-12 18:58:20 - [MESSAGE][INFO] - Starting 'Chrome' driver

2023-01-12 18:58:20 - [MESSAGE][INFO] - Action delay is set to 0 milliseconds

2023-01-12 18:58:22 - [MESSAGE][PASSED] - Browser is opened with url: ''

2023-01-12 18:58:22 - [TEST_STEP][PASSED] - navigateToUrl("https://bbstg.monstercode.net/auth/login"): Navigate to 'https://bbstg.monstercode.net/auth/login' successfully

2023-01-12 18:58:25 - [MESSAGE][PASSED] - Navigate to 'https://bbstg.monstercode.net/auth/login' successfully

2023-01-12 18:58:25 - [TEST_STEP][PASSED] - setText(findTestObject("Object Repository/Page_Bayu Buana/input_Email_username"), "admin@mail.com"): Text 'admin@mail.com' is set on object 'Object Repository/Page_Bayu Buana/input_Email_username'

2023-01-12 18:58:26 - [MESSAGE][PASSED] - Text 'admin@mail.com' is set on object 'Object Repository/Page_Bayu Buana/input_Email_username'

2023-01-12 18:58:26 - [TEST_STEP][PASSED] - setEncryptedText(findTestObject("Object Repository/Page_Bayu Buana/input_Password_password"), "8SQVv/p9jVScEs4/2CZsLw=="): Text ****** has been set on object 'Object Repository/Page_Bayu Buana/input_Password_password'

2023-01-12 18:58:26 - [MESSAGE][PASSED] - Text ****** has been set on object 'Object Repository/Page_Bayu Buana/input_Password_password'

2023-01-12 18:58:26 - [TEST_STEP][PASSED] - sendKeys(findTestObject("Object Repository/Page_Bayu Buana/input_Password_password"), Keys.chord(ENTER)): Keys 'ENTER + ' sent to object: 'Object Repository/Page_Bayu Buana/input_Password_password'

2023-01-12 18:58:27 - [MESSAGE][PASSED] - Keys 'ENTER + ' sent to object: 'Object Repository/Page_Bayu Buana/input_Password_password'

2023-01-12 18:58:27 - [MESSAGE][PASSED] - Call Test Case 'Test Cases/COBA/Login' successfully

2023-01-12 18:58:27 - [TEST_STEP][PASSED] - click(findTestObject("Page_Bayu Buana - Master Data Management/p_Master Data Management")): Object: 'Object Repository/Page_Bayu Buana - Master Data Management/p_Master Data Management' is clicked on

2023-01-12 18:58:29 - [MESSAGE][PASSED] - Object: 'Object Repository/Page_Bayu Buana - Master Data Management/p_Master Data Management' is clicked on

2023-01-12 18:58:29 - [TEST_STEP][PASSED] - click(findTestObject("Page_Bayu Buana - Master Data Management/p_Age Qualifying Type")): Object: 'Object Repository/Page_Bayu Buana - Master Data Management/p_Age Qualifying Type' is clicked on

2023-01-12 18:58:29 - [MESSAGE][PASSED] - Object: 'Object Repository/Page_Bayu Buana - Master Data Management/p_Age Qualifying Type' is clicked on

2023-01-12 18:58:29 - [TEST_STEP][PASSED] - click(findTestObject("Object Repository/Age QT/Create/Page_Bayu Buana - Age Qualifying Types/button_Create New")): Object: 'Object Repository/Age QT/Create/Page_Bayu Buana - Age Qualifying Types/button_Create New' is clicked on

2023-01-12 18:58:31 - [MESSAGE][PASSED] - Object: 'Object Repository/Age QT/Create/Page_Bayu Buana - Age Qualifying Types/button_Create New' is clicked on

2023-01-12 18:58:31 - [TEST_STEP][PASSED] - click(findTestObject("Object Repository/Age QT/Create/Page_Bayu Buana - Create Age Qualifying Type/input_Age Qualifying Type Name_age_qualifyi_ba4776")): Object: 'Object Repository/Age QT/Create/Page_Bayu Buana - Create Age Qualifying Type/input_Age Qualifying Type Name_age_qualifyi_ba4776' is clicked on

2023-01-12 18:58:31 - [MESSAGE][PASSED] - Object: 'Object Repository/Age QT/Create/Page_Bayu Buana - Create Age Qualifying Type/input_Age Qualifying Type Name_age_qualifyi_ba4776' is clicked on

2023-01-12 18:58:31 - [TEST_STEP][PASSED] - click(findTestObject("Object Repository/Age QT/Create/Page_Bayu Buana - Create Age Qualifying Type/div_Age Qualifying Type Name")): Object: 'Object Repository/Age QT/Create/Page_Bayu Buana - Create Age Qualifying Type/div_Age Qualifying Type Name' is clicked on

2023-01-12 18:58:32 - [MESSAGE][PASSED] - Object: 'Object Repository/Age QT/Create/Page_Bayu Buana - Create Age Qualifying Type/div_Age Qualifying Type Name' is clicked on

2023-01-12 18:58:32 - [TEST_STEP][PASSED] - setText(findTestObject("Object Repository/Age QT/Create/Page_Bayu Buana - Create Age Qualifying Type/input_Age Qualifying Type Name_age_qualifyi_ba4776"), "Age Qualifying Type Name (Automation)"): Text 'Age Qualifying Type Name (Automation)' is set on object 'Object Repository/Age QT/Create/Page_Bayu Buana - Create Age Qualifying Type/input_Age Qualifying Type Name_age_qualifyi_ba4776'

2023-01-12 18:58:35 - [MESSAGE][PASSED] - Text 'Age Qualifying Type Name (Automation)' is set on object 'Object Repository/Age QT/Create/Page_Bayu Buana - Create Age Qualifying Type/input_Age Qualifying Type Name_age_qualifyi_ba4776'

2023-01-12 18:58:35 - [TEST_STEP][PASSED] - setText(findTestObject("Object Repository/Age QT/Create/Page_Bayu Buana - Create Age Qualifying Type/input_Age Qualifying Type Code_age_qualifyi_5ae899"), "321"): Text '321' is set on object 'Object Repository/Age QT/Create/Page_Bayu Buana - Create Age Qualifying Type/input_Age Qualifying Type Code_age_qualifyi_5ae899'

2023-01-12 18:58:36 - [MESSAGE][PASSED] - Text '321' is set on object 'Object Repository/Age QT/Create/Page_Bayu Buana - Create Age Qualifying Type/input_Age Qualifying Type Code_age_qualifyi_5ae899'

2023-01-12 18:58:36 - [TEST_STEP][PASSED] - click(findTestObject("Object Repository/Age QT/Create/Page_Bayu Buana - Create Age Qualifying Type/button_SAVE")): Object: 'Object Repository/Age QT/Create/Page_Bayu Buana - Create Age Qualifying Type/button_SAVE' is clicked on

2023-01-12 18:58:37 - [MESSAGE][PASSED] - Object: 'Object Repository/Age QT/Create/Page_Bayu Buana - Create Age Qualifying Type/button_SAVE' is clicked on

2023-01-12 18:58:37 - [TEST_STEP][PASSED] - verifyElementPresent(findTestObject("Object Repository/Age QT/Create/Page_Bayu Buana - Age Qualifying Types/div_Record 321 - Age Qualifying Type Name (_29f3cb"), 0): Object 'Object Repository/Age QT/Create/Page_Bayu Buana - Age Qualifying Types/div_Record 321 - Age Qualifying Type Name (_29f3cb' is present

2023-01-12 18:58:37 - [MESSAGE][WARNING] - Timeout '0' is invalid. Using default page load timeout: '30'

2023-01-12 18:58:38 - [MESSAGE][PASSED] - Object 'Object Repository/Age QT/Create/Page_Bayu Buana - Age Qualifying Types/div_Record 321 - Age Qualifying Type Name (_29f3cb' is present

2023-01-12 18:58:38 - [TEST_STEP][PASSED] - setText(findTestObject("Object Repository/Age QT/Create/Page_Bayu Buana - Age Qualifying Types/input_Age Qualifying Types_form-control"), "321"): Text '321' is set on object 'Object Repository/Age QT/Create/Page_Bayu Buana - Age Qualifying Types/input_Age Qualifying Types_form-control'

2023-01-12 18:58:39 - [MESSAGE][PASSED] - Text '321' is set on object 'Object Repository/Age QT/Create/Page_Bayu Buana - Age Qualifying Types/input_Age Qualifying Types_form-control'

2023-01-12 18:58:39 - [TEST_STEP][PASSED] - verifyElementText(findTestObject("Object Repository/Age QT/Create/Page_Bayu Buana - Age Qualifying Types/td_321"), "321"): Actual text and expected text of test object 'Object Repository/Age QT/Create/Page_Bayu Buana - Age Qualifying Types/td_321' are matched.

2023-01-12 18:58:39 - [MESSAGE][PASSED] - Actual text and expected text of test object 'Object Repository/Age QT/Create/Page_Bayu Buana - Age Qualifying Types/td_321' are matched.

2023-01-12 18:58:39 - [TEST_STEP][PASSED] - verifyElementText(findTestObject("Object Repository/Age QT/Create/Page_Bayu Buana - Age Qualifying Types/td_Age Qualifying Type Name (Automation)"), "Age Qualifying Type Name (Automation)"): Actual text and expected text of test object 'Object Repository/Age QT/Create/Page_Bayu Buana - Age Qualifying Types/td_Age Qualifying Type Name (Automation)' are matched.

2023-01-12 18:58:40 - [MESSAGE][PASSED] - Actual text and expected text of test object 'Object Repository/Age QT/Create/Page_Bayu Buana - Age Qualifying Types/td_Age Qualifying Type Name (Automation)' are matched.

2023-01-12 18:58:40 - [TEST_STEP][PASSED] - verifyElementText(findTestObject("Object Repository/Age QT/Create/Page_Bayu Buana - Age Qualifying Types/td_Active"), "Active"): Actual text and expected text of test object 'Object Repository/Age QT/Create/Page_Bayu Buana - Age Qualifying Types/td_Active' are matched.

2023-01-12 18:58:40 - [MESSAGE][PASSED] - Actual text and expected text of test object 'Object Repository/Age QT/Create/Page_Bayu Buana - Age Qualifying Types/td_Active' are matched.

2023-01-12 18:58:40 - [TEST_STEP][PASSED] - takeScreenshot(STOP_ON_FAILURE): Taking screenshot successfully

2023-01-12 18:58:41 - [MESSAGE][PASSED] - Taking screenshot successfully
[[ATTACHMENT|D:\\_Bayu Buana\\BB_Automation\\bb-internal_katalon\\Reports\\20230112_185740\\RUN\\20230112_185740\\1673524721445.png]]]]></system-out>
         <system-err><![CDATA[]]></system-err>
      </testcase>
      <system-out><![CDATA[2023-01-12 18:57:56 - [TEST_SUITE][PASSED] - RUN: Test Cases/COBA/Age Qualifying Types - Create]]></system-out>
      <system-err><![CDATA[]]></system-err>
   </testsuite>
</testsuites>
